#
# There is insufficient memory for the Java Runtime Environment to continue.
# Native memory allocation (malloc) failed to allocate 647168 bytes for Chunk::new
# Possible reasons:
#   The system is out of physical RAM or swap space
#   The process is running with CompressedOops enabled, and the Java Heap may be blocking the growth of the native heap
# Possible solutions:
#   Reduce memory load on the system
#   Increase physical memory or swap space
#   Check if swap backing store is full
#   Decrease Java heap size (-Xmx/-Xms)
#   Decrease number of Java threads
#   Decrease Java thread stack sizes (-Xss)
#   Set larger code cache with -XX:ReservedCodeCacheSize=
#   JVM is running with Zero Based Compressed Oops mode in which the Java heap is
#     placed in the first 32GB address space. The Java Heap base address is the
#     maximum limit for the native heap growth. Please use -XX:HeapBaseMinAddress
#     to set the Java Heap base and to place the Java Heap above 32GB virtual address.
# This output file may be truncated or incomplete.
#
#  Out of Memory Error (arena.cpp:168), pid=7052, tid=13824
#
# JRE version: Java(TM) SE Runtime Environment (21.0.9+7) (build 21.0.9+7-LTS-338)
# Java VM: Java HotSpot(TM) 64-Bit Server VM (21.0.9+7-LTS-338, mixed mode, sharing, tiered, compressed oops, compressed class ptrs, g1 gc, windows-amd64)
# No core dump will be written. Minidumps are not enabled by default on client versions of Windows
#

---------------  S U M M A R Y ------------

Command Line: -Dclassworlds.conf=D:\Download\apache-maven-3.9.9-bin\apache-maven-3.9.9\bin\m2.conf -Dmaven.home=D:\Download\apache-maven-3.9.9-bin\apache-maven-3.9.9 -Dlibrary.jansi.path=D:\Download\apache-maven-3.9.9-bin\apache-maven-3.9.9\lib\jansi-native -Dmaven.multiModuleProjectDirectory=D:\job\bedhcd org.codehaus.plexus.classworlds.launcher.Launcher clean compile -DskipTests

Host: Intel(R) Core(TM) i3-10105F CPU @ 3.70GHz, 8 cores, 15G,  Windows 10 , 64 bit Build 19041 (10.0.19041.5915)
Time: Fri Jan 23 09:33:35 2026 SE Asia Standard Time elapsed time: 10.014455 seconds (0d 0h 0m 10s)

---------------  T H R E A D  ---------------

Current thread (0x000001ad26c30620):  JavaThread "C2 CompilerThread0" daemon [_thread_in_native, id=13824, stack(0x0000001cbc100000,0x0000001cbc200000) (1024K)]


Current CompileTask:
C2:  10014 6059   !   4       jdk.nio.zipfs.ZipFileSystem::getFileAttributes (169 bytes)

Stack: [0x0000001cbc100000,0x0000001cbc200000]
Native frames: (J=compiled Java code, j=interpreted, Vv=VM code, C=native code)
V  [jvm.dll+0x6cbf89]
V  [jvm.dll+0x858421]
V  [jvm.dll+0x85a94e]
V  [jvm.dll+0x85b023]
V  [jvm.dll+0x27ebc6]
V  [jvm.dll+0xc4f4d]
V  [jvm.dll+0xc5483]
V  [jvm.dll+0x3b69fc]
V  [jvm.dll+0x1e0559]
V  [jvm.dll+0x247792]
V  [jvm.dll+0x246c1f]
V  [jvm.dll+0x1c7a3e]
V  [jvm.dll+0x256329]
V  [jvm.dll+0x2548ba]
V  [jvm.dll+0x3efdee]
V  [jvm.dll+0x80265b]
V  [jvm.dll+0x6ca66d]
C  [ucrtbase.dll+0x21bb2]
C  [KERNEL32.DLL+0x17374]
C  [ntdll.dll+0x4cc91]


---------------  P R O C E S S  ---------------

Threads class SMR info:
_java_thread_list=0x000001ad6d45e760, length=13, elements={
0x000001ad05982cf0, 0x000001ad26c11d50, 0x000001ad26c12b70, 0x000001ad26c16850,
0x000001ad26c17530, 0x000001ad26c17f90, 0x000001ad26c1aa00, 0x000001ad26c30620,
0x000001ad26c50ce0, 0x000001ad6c1808f0, 0x000001ad6c185100, 0x000001ad6c9e7780,
0x000001ad6c185790
}

Java Threads: ( => current thread )
  0x000001ad05982cf0 JavaThread "main"                              [_thread_in_Java, id=14260, stack(0x0000001cbb300000,0x0000001cbb400000) (1024K)]
  0x000001ad26c11d50 JavaThread "Reference Handler"          daemon [_thread_blocked, id=11928, stack(0x0000001cbbb00000,0x0000001cbbc00000) (1024K)]
  0x000001ad26c12b70 JavaThread "Finalizer"                  daemon [_thread_blocked, id=11472, stack(0x0000001cbbc00000,0x0000001cbbd00000) (1024K)]
  0x000001ad26c16850 JavaThread "Signal Dispatcher"          daemon [_thread_blocked, id=17480, stack(0x0000001cbbd00000,0x0000001cbbe00000) (1024K)]
  0x000001ad26c17530 JavaThread "Attach Listener"            daemon [_thread_blocked, id=18724, stack(0x0000001cbbe00000,0x0000001cbbf00000) (1024K)]
  0x000001ad26c17f90 JavaThread "Service Thread"             daemon [_thread_blocked, id=11572, stack(0x0000001cbbf00000,0x0000001cbc000000) (1024K)]
  0x000001ad26c1aa00 JavaThread "Monitor Deflation Thread"   daemon [_thread_blocked, id=17436, stack(0x0000001cbc000000,0x0000001cbc100000) (1024K)]
=>0x000001ad26c30620 JavaThread "C2 CompilerThread0"         daemon [_thread_in_native, id=13824, stack(0x0000001cbc100000,0x0000001cbc200000) (1024K)]
  0x000001ad26c50ce0 JavaThread "C1 CompilerThread0"         daemon [_thread_blocked, id=3508, stack(0x0000001cbc200000,0x0000001cbc300000) (1024K)]
  0x000001ad6c1808f0 JavaThread "Notification Thread"        daemon [_thread_blocked, id=12508, stack(0x0000001cbc300000,0x0000001cbc400000) (1024K)]
  0x000001ad6c185100 JavaThread "Common-Cleaner"             daemon [_thread_blocked, id=7888, stack(0x0000001cbc400000,0x0000001cbc500000) (1024K)]
  0x000001ad6c9e7780 JavaThread "C2 CompilerThread1"         daemon [_thread_in_native, id=19396, stack(0x0000001cbc500000,0x0000001cbc600000) (1024K)]
  0x000001ad6c185790 JavaThread "Thread-1"                   daemon [_thread_blocked, id=21844, stack(0x0000001cbce00000,0x0000001cbcf00000) (1024K)]
Total: 13

Other Threads:
  0x000001ad26bf0cc0 VMThread "VM Thread"                           [id=19520, stack(0x0000001cbba00000,0x0000001cbbb00000) (1024K)]
  0x000001ad26be02e0 WatcherThread "VM Periodic Task Thread"        [id=9752, stack(0x0000001cbb900000,0x0000001cbba00000) (1024K)]
  0x000001ad07ac1170 WorkerThread "GC Thread#0"                     [id=17496, stack(0x0000001cbb400000,0x0000001cbb500000) (1024K)]
  0x000001ad6d1d4940 WorkerThread "GC Thread#1"                     [id=3400, stack(0x0000001cbc600000,0x0000001cbc700000) (1024K)]
  0x000001ad6d1d5500 WorkerThread "GC Thread#2"                     [id=13372, stack(0x0000001cbc700000,0x0000001cbc800000) (1024K)]
  0x000001ad6d1d58b0 WorkerThread "GC Thread#3"                     [id=21476, stack(0x0000001cbc800000,0x0000001cbc900000) (1024K)]
  0x000001ad6d1d5c60 WorkerThread "GC Thread#4"                     [id=16528, stack(0x0000001cbc900000,0x0000001cbca00000) (1024K)]
  0x000001ad6d1d6010 WorkerThread "GC Thread#5"                     [id=2936, stack(0x0000001cbca00000,0x0000001cbcb00000) (1024K)]
  0x000001ad6ceb67f0 WorkerThread "GC Thread#6"                     [id=2868, stack(0x0000001cbcb00000,0x0000001cbcc00000) (1024K)]
  0x000001ad6ceb6ba0 WorkerThread "GC Thread#7"                     [id=8148, stack(0x0000001cbcc00000,0x0000001cbcd00000) (1024K)]
  0x000001ad07ad2190 ConcurrentGCThread "G1 Main Marker"            [id=5808, stack(0x0000001cbb500000,0x0000001cbb600000) (1024K)]
  0x000001ad07ad3440 WorkerThread "G1 Conc#0"                       [id=7012, stack(0x0000001cbb600000,0x0000001cbb700000) (1024K)]
  0x000001ad6d097920 WorkerThread "G1 Conc#1"                       [id=21544, stack(0x0000001cbcd00000,0x0000001cbce00000) (1024K)]
  0x000001ad07b2e590 ConcurrentGCThread "G1 Refine#0"               [id=2916, stack(0x0000001cbb700000,0x0000001cbb800000) (1024K)]
  0x000001ad26a9f6a0 ConcurrentGCThread "G1 Service"                [id=18224, stack(0x0000001cbb800000,0x0000001cbb900000) (1024K)]
Total: 15

Threads with active compile tasks:
C2 CompilerThread0    10049 6059   !   4       jdk.nio.zipfs.ZipFileSystem::getFileAttributes (169 bytes)
C2 CompilerThread1    10049 6052   !   4       java.nio.file.FileTreeWalker::next (144 bytes)
Total: 2

VM state: not at safepoint (normal execution)

VM Mutex/Monitor currently owned by a thread: None

Heap address: 0x0000000701800000, size: 4072 MB, Compressed Oops mode: Zero based, Oop shift amount: 3

CDS archive(s) mapped at: [0x000001ad27000000-0x000001ad27c90000-0x000001ad27c90000), size 13172736, SharedBaseAddress: 0x000001ad27000000, ArchiveRelocationMode: 1.
Compressed class space mapped at: 0x000001ad28000000-0x000001ad68000000, reserved size: 1073741824
Narrow klass base: 0x000001ad27000000, Narrow klass shift: 0, Narrow klass range: 0x100000000

GC Precious Log:
 CardTable entry size: 512
 Card Set container configuration: InlinePtr #cards 4 size 8 Array Of Cards #cards 16 size 48 Howl #buckets 8 coarsen threshold 3686 Howl Bitmap #cards 512 size 80 coarsen threshold 460 Card regions per heap region 1 cards per card region 4096
 CPUs: 8 total, 8 available
 Memory: 16283M
 Large Page Support: Disabled
 NUMA Support: Disabled
 Compressed Oops: Enabled (Zero based)
 Heap Region Size: 2M
 Heap Min Capacity: 8M
 Heap Initial Capacity: 256M
 Heap Max Capacity: 4072M
 Pre-touch: Disabled
 Parallel Workers: 8
 Concurrent Workers: 2
 Concurrent Refinement Workers: 8
 Periodic GC: Disabled

Heap:
 garbage-first heap   total 116736K, used 69708K [0x0000000701800000, 0x0000000800000000)
  region size 2048K, 23 young (47104K), 3 survivors (6144K)
 Metaspace       used 26682K, committed 27072K, reserved 1114112K
  class space    used 2976K, committed 3136K, reserved 1048576K

Heap Regions: E=young(eden), S=young(survivor), O=old, HS=humongous(starts), HC=humongous(continues), CS=collection set, F=free, TAMS=top-at-mark-start, PB=parsable bottom
|   0|0x0000000701800000, 0x0000000701a00000, 0x0000000701a00000|100%| O|  |TAMS 0x0000000701800000| PB 0x0000000701800000| Untracked 
|   1|0x0000000701a00000, 0x0000000701c00000, 0x0000000701c00000|100%| O|  |TAMS 0x0000000701a00000| PB 0x0000000701a00000| Untracked 
|   2|0x0000000701c00000, 0x0000000701e00000, 0x0000000701e00000|100%|HS|  |TAMS 0x0000000701c00000| PB 0x0000000701c00000| Complete 
|   3|0x0000000701e00000, 0x0000000702000000, 0x0000000702000000|100%|HC|  |TAMS 0x0000000701e00000| PB 0x0000000701e00000| Complete 
|   4|0x0000000702000000, 0x0000000702200000, 0x0000000702200000|100%|HS|  |TAMS 0x0000000702000000| PB 0x0000000702000000| Complete 
|   5|0x0000000702200000, 0x0000000702400000, 0x0000000702400000|100%|HC|  |TAMS 0x0000000702200000| PB 0x0000000702200000| Complete 
|   6|0x0000000702400000, 0x0000000702600000, 0x0000000702600000|100%| O|  |TAMS 0x0000000702400000| PB 0x0000000702400000| Untracked 
|   7|0x0000000702600000, 0x0000000702800000, 0x0000000702800000|100%| O|  |TAMS 0x0000000702600000| PB 0x0000000702600000| Untracked 
|   8|0x0000000702800000, 0x0000000702a00000, 0x0000000702a00000|100%| O|  |TAMS 0x0000000702800000| PB 0x0000000702800000| Untracked 
|   9|0x0000000702a00000, 0x0000000702c00000, 0x0000000702c00000|100%| O|  |TAMS 0x0000000702a00000| PB 0x0000000702a00000| Untracked 
|  10|0x0000000702c00000, 0x0000000702e00000, 0x0000000702e00000|100%| O|  |TAMS 0x0000000702c00000| PB 0x0000000702c00000| Untracked 
|  11|0x0000000702e00000, 0x0000000703000000, 0x0000000703000000|100%| O|  |TAMS 0x0000000702e00000| PB 0x0000000702e00000| Untracked 
|  12|0x0000000703000000, 0x00000007030c3a80, 0x0000000703200000| 38%| O|Cm|TAMS 0x0000000703000000| PB 0x0000000703000000| Complete 
|  13|0x0000000703200000, 0x0000000703200000, 0x0000000703400000|  0%| F|  |TAMS 0x0000000703200000| PB 0x0000000703200000| Untracked 
|  14|0x0000000703400000, 0x0000000703400000, 0x0000000703600000|  0%| F|  |TAMS 0x0000000703400000| PB 0x0000000703400000| Untracked 
|  15|0x0000000703600000, 0x0000000703600000, 0x0000000703800000|  0%| F|  |TAMS 0x0000000703600000| PB 0x0000000703600000| Untracked 
|  16|0x0000000703800000, 0x0000000703800000, 0x0000000703a00000|  0%| F|  |TAMS 0x0000000703800000| PB 0x0000000703800000| Untracked 
|  17|0x0000000703a00000, 0x0000000703a00000, 0x0000000703c00000|  0%| F|  |TAMS 0x0000000703a00000| PB 0x0000000703a00000| Untracked 
|  18|0x0000000703c00000, 0x0000000703c00000, 0x0000000703e00000|  0%| F|  |TAMS 0x0000000703c00000| PB 0x0000000703c00000| Untracked 
|  19|0x0000000703e00000, 0x0000000703e00000, 0x0000000704000000|  0%| F|  |TAMS 0x0000000703e00000| PB 0x0000000703e00000| Untracked 
|  20|0x0000000704000000, 0x0000000704000000, 0x0000000704200000|  0%| F|  |TAMS 0x0000000704000000| PB 0x0000000704000000| Untracked 
|  21|0x0000000704200000, 0x0000000704200000, 0x0000000704400000|  0%| F|  |TAMS 0x0000000704200000| PB 0x0000000704200000| Untracked 
|  22|0x0000000704400000, 0x0000000704400000, 0x0000000704600000|  0%| F|  |TAMS 0x0000000704400000| PB 0x0000000704400000| Untracked 
|  23|0x0000000704600000, 0x0000000704600000, 0x0000000704800000|  0%| F|  |TAMS 0x0000000704600000| PB 0x0000000704600000| Untracked 
|  24|0x0000000704800000, 0x0000000704800000, 0x0000000704a00000|  0%| F|  |TAMS 0x0000000704800000| PB 0x0000000704800000| Untracked 
|  25|0x0000000704a00000, 0x0000000704a00000, 0x0000000704c00000|  0%| F|  |TAMS 0x0000000704a00000| PB 0x0000000704a00000| Untracked 
|  26|0x0000000704c00000, 0x0000000704c00000, 0x0000000704e00000|  0%| F|  |TAMS 0x0000000704c00000| PB 0x0000000704c00000| Untracked 
|  27|0x0000000704e00000, 0x0000000704e00000, 0x0000000705000000|  0%| F|  |TAMS 0x0000000704e00000| PB 0x0000000704e00000| Untracked 
|  28|0x0000000705000000, 0x0000000705000000, 0x0000000705200000|  0%| F|  |TAMS 0x0000000705000000| PB 0x0000000705000000| Untracked 
|  29|0x0000000705200000, 0x0000000705200000, 0x0000000705400000|  0%| F|  |TAMS 0x0000000705200000| PB 0x0000000705200000| Untracked 
|  30|0x0000000705400000, 0x0000000705400000, 0x0000000705600000|  0%| F|  |TAMS 0x0000000705400000| PB 0x0000000705400000| Untracked 
|  31|0x0000000705600000, 0x0000000705600000, 0x0000000705800000|  0%| F|  |TAMS 0x0000000705600000| PB 0x0000000705600000| Untracked 
|  32|0x0000000705800000, 0x0000000705800000, 0x0000000705a00000|  0%| F|  |TAMS 0x0000000705800000| PB 0x0000000705800000| Untracked 
|  33|0x0000000705a00000, 0x0000000705a00000, 0x0000000705c00000|  0%| F|  |TAMS 0x0000000705a00000| PB 0x0000000705a00000| Untracked 
|  34|0x0000000705c00000, 0x0000000705e00000, 0x0000000705e00000|100%| E|  |TAMS 0x0000000705c00000| PB 0x0000000705c00000| Complete 
|  35|0x0000000705e00000, 0x0000000706000000, 0x0000000706000000|100%| E|CS|TAMS 0x0000000705e00000| PB 0x0000000705e00000| Complete 
|  36|0x0000000706000000, 0x0000000706200000, 0x0000000706200000|100%| E|CS|TAMS 0x0000000706000000| PB 0x0000000706000000| Complete 
|  37|0x0000000706200000, 0x0000000706400000, 0x0000000706400000|100%| E|CS|TAMS 0x0000000706200000| PB 0x0000000706200000| Complete 
|  38|0x0000000706400000, 0x0000000706600000, 0x0000000706600000|100%| E|CS|TAMS 0x0000000706400000| PB 0x0000000706400000| Complete 
|  39|0x0000000706600000, 0x0000000706800000, 0x0000000706800000|100%| E|CS|TAMS 0x0000000706600000| PB 0x0000000706600000| Complete 
|  40|0x0000000706800000, 0x0000000706a00000, 0x0000000706a00000|100%| E|CS|TAMS 0x0000000706800000| PB 0x0000000706800000| Complete 
|  41|0x0000000706a00000, 0x0000000706c00000, 0x0000000706c00000|100%| E|CS|TAMS 0x0000000706a00000| PB 0x0000000706a00000| Complete 
|  42|0x0000000706c00000, 0x0000000706e00000, 0x0000000706e00000|100%| E|CS|TAMS 0x0000000706c00000| PB 0x0000000706c00000| Complete 
|  43|0x0000000706e00000, 0x0000000707000000, 0x0000000707000000|100%| E|CS|TAMS 0x0000000706e00000| PB 0x0000000706e00000| Complete 
|  44|0x0000000707000000, 0x0000000707200000, 0x0000000707200000|100%| E|CS|TAMS 0x0000000707000000| PB 0x0000000707000000| Complete 
|  45|0x0000000707200000, 0x0000000707400000, 0x0000000707400000|100%| E|CS|TAMS 0x0000000707200000| PB 0x0000000707200000| Complete 
|  46|0x0000000707400000, 0x0000000707600000, 0x0000000707600000|100%| E|CS|TAMS 0x0000000707400000| PB 0x0000000707400000| Complete 
|  47|0x0000000707600000, 0x0000000707800000, 0x0000000707800000|100%| E|CS|TAMS 0x0000000707600000| PB 0x0000000707600000| Complete 
|  48|0x0000000707800000, 0x0000000707a00000, 0x0000000707a00000|100%| E|CS|TAMS 0x0000000707800000| PB 0x0000000707800000| Complete 
|  49|0x0000000707a00000, 0x0000000707c00000, 0x0000000707c00000|100%| E|CS|TAMS 0x0000000707a00000| PB 0x0000000707a00000| Complete 
|  50|0x0000000707c00000, 0x0000000707e00000, 0x0000000707e00000|100%| E|CS|TAMS 0x0000000707c00000| PB 0x0000000707c00000| Complete 
|  51|0x0000000707e00000, 0x0000000708000000, 0x0000000708000000|100%| E|CS|TAMS 0x0000000707e00000| PB 0x0000000707e00000| Complete 
|  52|0x0000000708000000, 0x0000000708200000, 0x0000000708200000|100%| E|CS|TAMS 0x0000000708000000| PB 0x0000000708000000| Complete 
| 112|0x000000070f800000, 0x000000070f94f900, 0x000000070fa00000| 65%| S|CS|TAMS 0x000000070f800000| PB 0x000000070f800000| Complete 
| 113|0x000000070fa00000, 0x000000070fc00000, 0x000000070fc00000|100%| S|CS|TAMS 0x000000070fa00000| PB 0x000000070fa00000| Complete 
| 114|0x000000070fc00000, 0x000000070fe00000, 0x000000070fe00000|100%| S|CS|TAMS 0x000000070fc00000| PB 0x000000070fc00000| Complete 
| 127|0x0000000711600000, 0x0000000711800000, 0x0000000711800000|100%| E|CS|TAMS 0x0000000711600000| PB 0x0000000711600000| Complete 

Card table byte_map: [0x000001ad1fa40000,0x000001ad20240000] _byte_map_base: 0x000001ad1c234000

Marking Bits: (CMBitMap*) 0x000001ad07ac1880
 Bits: [0x000001ad20240000, 0x000001ad241e0000)

Polling page: 0x000001ad07230000

Metaspace:

Usage:
  Non-class:     23.15 MB used.
      Class:      2.91 MB used.
       Both:     26.06 MB used.

Virtual space:
  Non-class space:       64.00 MB reserved,      23.38 MB ( 37%) committed,  1 nodes.
      Class space:        1.00 GB reserved,       3.06 MB ( <1%) committed,  1 nodes.
             Both:        1.06 GB reserved,      26.44 MB (  2%) committed. 

Chunk freelists:
   Non-Class:  8.28 MB
       Class:  12.88 MB
        Both:  21.16 MB

MaxMetaspaceSize: unlimited
CompressedClassSpaceSize: 1.00 GB
Initial GC threshold: 21.00 MB
Current GC threshold: 35.56 MB
CDS: on
 - commit_granule_bytes: 65536.
 - commit_granule_words: 8192.
 - virtual_space_node_default_size: 8388608.
 - enlarge_chunks_in_place: 1.
 - use_allocation_guard: 0.


Internal statistics:

num_allocs_failed_limit: 3.
num_arena_births: 228.
num_arena_deaths: 0.
num_vsnodes_births: 2.
num_vsnodes_deaths: 0.
num_space_committed: 423.
num_space_uncommitted: 0.
num_chunks_returned_to_freelist: 3.
num_chunks_taken_from_freelist: 1136.
num_chunk_merges: 3.
num_chunk_splits: 833.
num_chunks_enlarged: 682.
num_inconsistent_stats: 0.

CodeHeap 'non-profiled nmethods': size=120000Kb used=3571Kb max_used=3571Kb free=116429Kb
 bounds [0x000001ad179e0000, 0x000001ad17d60000, 0x000001ad1ef10000]
CodeHeap 'profiled nmethods': size=120000Kb used=13574Kb max_used=13574Kb free=106425Kb
 bounds [0x000001ad0ff10000, 0x000001ad10c60000, 0x000001ad17440000]
CodeHeap 'non-nmethods': size=5760Kb used=1443Kb max_used=1504Kb free=4316Kb
 bounds [0x000001ad17440000, 0x000001ad176b0000, 0x000001ad179e0000]
 total_blobs=6596 nmethods=6068 adapters=432
 compilation: enabled
              stopped_count=0, restarted_count=0
 full_count=0

Compilation events (20 events):
Event: 9.894 Thread 0x000001ad6c9e7780 nmethod 6051 0x000001ad17d51c90 code [0x000001ad17d51e20, 0x000001ad17d51eb0]
Event: 9.894 Thread 0x000001ad6c9e7780 6052   !   4       java.nio.file.FileTreeWalker::next (144 bytes)
Event: 9.896 Thread 0x000001ad26c30620 nmethod 6003% 0x000001ad17d51f90 code [0x000001ad17d524a0, 0x000001ad17d56f58]
Event: 9.897 Thread 0x000001ad26c30620 6049       4       jdk.nio.zipfs.ZipPath::resolve (42 bytes)
Event: 9.905 Thread 0x000001ad26c30620 nmethod 6049 0x000001ad17d59690 code [0x000001ad17d59880, 0x000001ad17d5a400]
Event: 9.905 Thread 0x000001ad26c30620 6053       4       jdk.nio.zipfs.ZipDirectoryStream$1::next (5 bytes)
Event: 9.907 Thread 0x000001ad26c30620 nmethod 6053 0x000001ad17d5a790 code [0x000001ad17d5a960, 0x000001ad17d5ad28]
Event: 9.907 Thread 0x000001ad26c30620 6057   !   4       java.nio.file.FileTreeWalker::visit (204 bytes)
Event: 9.920 Thread 0x000001ad26c30620 nmethod 6057 0x000001ad17d5af90 code [0x000001ad17d5b220, 0x000001ad17d5bdb0]
Event: 9.920 Thread 0x000001ad26c30620 6058   !   4       java.nio.file.FileTreeWalker::getAttributes (94 bytes)
Event: 9.922 Thread 0x000001ad26c30620 nmethod 6058 0x000001ad17d5c590 code [0x000001ad17d5c760, 0x000001ad17d5ca18]
Event: 9.922 Thread 0x000001ad26c30620 6059   !   4       jdk.nio.zipfs.ZipFileSystem::getFileAttributes (169 bytes)
Event: 9.922 Thread 0x000001ad26c50ce0 6069       3       sun.nio.ch.IOStatus::normalize (12 bytes)
Event: 9.922 Thread 0x000001ad26c50ce0 nmethod 6069 0x000001ad10c3fb10 code [0x000001ad10c3fcc0, 0x000001ad10c3fe28]
Event: 9.962 Thread 0x000001ad26c50ce0 6071   !   3       java.nio.file.Files::isAccessible (14 bytes)
Event: 9.962 Thread 0x000001ad26c50ce0 nmethod 6071 0x000001ad10c3fe90 code [0x000001ad10c40080, 0x000001ad10c40488]
Event: 9.968 Thread 0x000001ad26c50ce0 6072       3       java.time.LocalDate::create (190 bytes)
Event: 9.968 Thread 0x000001ad26c50ce0 nmethod 6072 0x000001ad10c40690 code [0x000001ad10c40a00, 0x000001ad10c41b68]
Event: 9.983 Thread 0x000001ad26c50ce0 6077       3       jdk.nio.zipfs.ZipFileSystem::readFullyAt (33 bytes)
Event: 9.983 Thread 0x000001ad26c50ce0 nmethod 6077 0x000001ad10c42190 code [0x000001ad10c42380, 0x000001ad10c42740]

GC Heap History (8 events):
Event: 4.435 GC heap before
{Heap before GC invocations=0 (full 0):
 garbage-first heap   total 262144K, used 22528K [0x0000000701800000, 0x0000000800000000)
  region size 2048K, 11 young (22528K), 0 survivors (0K)
 Metaspace       used 5618K, committed 5824K, reserved 1114112K
  class space    used 647K, committed 768K, reserved 1048576K
}
Event: 4.438 GC heap after
{Heap after GC invocations=1 (full 0):
 garbage-first heap   total 262144K, used 3886K [0x0000000701800000, 0x0000000800000000)
  region size 2048K, 2 young (4096K), 2 survivors (4096K)
 Metaspace       used 5618K, committed 5824K, reserved 1114112K
  class space    used 647K, committed 768K, reserved 1048576K
}
Event: 5.017 GC heap before
{Heap before GC invocations=1 (full 0):
 garbage-first heap   total 262144K, used 36654K [0x0000000701800000, 0x0000000800000000)
  region size 2048K, 18 young (36864K), 2 survivors (4096K)
 Metaspace       used 10236K, committed 10368K, reserved 1114112K
  class space    used 1208K, committed 1280K, reserved 1048576K
}
Event: 5.020 GC heap after
{Heap after GC invocations=2 (full 0):
 garbage-first heap   total 262144K, used 5692K [0x0000000701800000, 0x0000000800000000)
  region size 2048K, 1 young (2048K), 1 survivors (2048K)
 Metaspace       used 10236K, committed 10368K, reserved 1114112K
  class space    used 1208K, committed 1280K, reserved 1048576K
}
Event: 8.148 GC heap before
{Heap before GC invocations=2 (full 0):
 garbage-first heap   total 262144K, used 157244K [0x0000000701800000, 0x0000000800000000)
  region size 2048K, 76 young (155648K), 1 survivors (2048K)
 Metaspace       used 18300K, committed 18624K, reserved 1114112K
  class space    used 2034K, committed 2176K, reserved 1048576K
}
Event: 8.157 GC heap after
{Heap after GC invocations=3 (full 0):
 garbage-first heap   total 262144K, used 17584K [0x0000000701800000, 0x0000000800000000)
  region size 2048K, 7 young (14336K), 7 survivors (14336K)
 Metaspace       used 18300K, committed 18624K, reserved 1114112K
  class space    used 2034K, committed 2176K, reserved 1048576K
}
Event: 8.841 GC heap before
{Heap before GC invocations=3 (full 0):
 garbage-first heap   total 262144K, used 50352K [0x0000000701800000, 0x0000000800000000)
  region size 2048K, 20 young (40960K), 7 survivors (14336K)
 Metaspace       used 21190K, committed 21504K, reserved 1114112K
  class space    used 2359K, committed 2560K, reserved 1048576K
}
Event: 8.850 GC heap after
{Heap after GC invocations=4 (full 0):
 garbage-first heap   total 262144K, used 30796K [0x0000000701800000, 0x0000000800000000)
  region size 2048K, 3 young (6144K), 3 survivors (6144K)
 Metaspace       used 21190K, committed 21504K, reserved 1114112K
  class space    used 2359K, committed 2560K, reserved 1048576K
}

Dll operation events (8 events):
Event: 0.008 Loaded shared library C:\Program Files\Java\jdk-21\bin\java.dll
Event: 0.039 Loaded shared library C:\Program Files\Java\jdk-21\bin\jsvml.dll
Event: 0.059 Loaded shared library C:\Program Files\Java\jdk-21\bin\net.dll
Event: 0.061 Loaded shared library C:\Program Files\Java\jdk-21\bin\nio.dll
Event: 0.084 Loaded shared library C:\Program Files\Java\jdk-21\bin\zip.dll
Event: 3.410 Loaded shared library C:\Program Files\Java\jdk-21\bin\jimage.dll
Event: 3.488 Loaded shared library D:\Download\apache-maven-3.9.9-bin\apache-maven-3.9.9\lib\jansi-native\Windows\x86_64\jansi.dll
Event: 3.498 Loaded shared library C:\Program Files\Java\jdk-21\bin\verify.dll

Deoptimization events (20 events):
Event: 9.711 Thread 0x000001ad05982cf0 Uncommon trap: trap_request=0xffffffc6 fr.pc=0x000001ad17b37524 relative=0x0000000000000604
Event: 9.711 Thread 0x000001ad05982cf0 Uncommon trap: reason=bimorphic_or_optimized_type_check action=maybe_recompile pc=0x000001ad17b37524 method=java.util.regex.Pattern$BmpCharPropertyGreedy.match(Ljava/util/regex/Matcher;ILjava/lang/CharSequence;)Z @ 26 c2
Event: 9.711 Thread 0x000001ad05982cf0 DEOPT PACKING pc=0x000001ad17b37524 sp=0x0000001cbb3fcc50
Event: 9.711 Thread 0x000001ad05982cf0 DEOPT UNPACKING pc=0x000001ad174946a2 sp=0x0000001cbb3fcbe8 mode 2
Event: 9.718 Thread 0x000001ad05982cf0 Uncommon trap: trap_request=0xffffffbe fr.pc=0x000001ad17ce6ccc relative=0x00000000000002ac
Event: 9.718 Thread 0x000001ad05982cf0 Uncommon trap: reason=profile_predicate action=maybe_recompile pc=0x000001ad17ce6ccc method=java.util.LinkedHashMap.valuesToArray([Ljava/lang/Object;Z)[Ljava/lang/Object; @ 51 c2
Event: 9.718 Thread 0x000001ad05982cf0 DEOPT PACKING pc=0x000001ad17ce6ccc sp=0x0000001cbb3fcd30
Event: 9.718 Thread 0x000001ad05982cf0 DEOPT UNPACKING pc=0x000001ad174946a2 sp=0x0000001cbb3fcce8 mode 2
Event: 9.718 Thread 0x000001ad05982cf0 Uncommon trap: trap_request=0xffffffc6 fr.pc=0x000001ad17b37524 relative=0x0000000000000604
Event: 9.718 Thread 0x000001ad05982cf0 Uncommon trap: reason=bimorphic_or_optimized_type_check action=maybe_recompile pc=0x000001ad17b37524 method=java.util.regex.Pattern$BmpCharPropertyGreedy.match(Ljava/util/regex/Matcher;ILjava/lang/CharSequence;)Z @ 26 c2
Event: 9.718 Thread 0x000001ad05982cf0 DEOPT PACKING pc=0x000001ad17b37524 sp=0x0000001cbb3fcc50
Event: 9.719 Thread 0x000001ad05982cf0 DEOPT UNPACKING pc=0x000001ad174946a2 sp=0x0000001cbb3fcbe8 mode 2
Event: 9.727 Thread 0x000001ad05982cf0 Uncommon trap: trap_request=0xffffffc6 fr.pc=0x000001ad17b37524 relative=0x0000000000000604
Event: 9.727 Thread 0x000001ad05982cf0 Uncommon trap: reason=bimorphic_or_optimized_type_check action=maybe_recompile pc=0x000001ad17b37524 method=java.util.regex.Pattern$BmpCharPropertyGreedy.match(Ljava/util/regex/Matcher;ILjava/lang/CharSequence;)Z @ 26 c2
Event: 9.727 Thread 0x000001ad05982cf0 DEOPT PACKING pc=0x000001ad17b37524 sp=0x0000001cbb3fcc50
Event: 9.727 Thread 0x000001ad05982cf0 DEOPT UNPACKING pc=0x000001ad174946a2 sp=0x0000001cbb3fcbe8 mode 2
Event: 9.955 Thread 0x000001ad05982cf0 Uncommon trap: trap_request=0xffffff45 fr.pc=0x000001ad17d4f590 relative=0x00000000000000f0
Event: 9.955 Thread 0x000001ad05982cf0 Uncommon trap: reason=unstable_if action=reinterpret pc=0x000001ad17d4f590 method=java.time.LocalDate.create(III)Ljava/time/LocalDate; @ 7 c2
Event: 9.955 Thread 0x000001ad05982cf0 DEOPT PACKING pc=0x000001ad17d4f590 sp=0x0000001cbb3fc980
Event: 9.955 Thread 0x000001ad05982cf0 DEOPT UNPACKING pc=0x000001ad174946a2 sp=0x0000001cbb3fc900 mode 2

Classes loaded (20 events):
Event: 9.228 Loading class java/util/ImmutableCollections$Access$1
Event: 9.228 Loading class jdk/internal/access/JavaUtilCollectionAccess
Event: 9.228 Loading class jdk/internal/access/JavaUtilCollectionAccess done
Event: 9.228 Loading class java/util/ImmutableCollections$Access$1 done
Event: 9.301 Loading class java/util/BitSet
Event: 9.301 Loading class java/util/BitSet done
Event: 9.595 Loading class java/util/regex/Pattern$Bound
Event: 9.597 Loading class java/util/regex/Pattern$Bound done
Event: 9.654 Loading class java/util/RegularEnumSet$EnumSetIterator
Event: 9.654 Loading class java/util/RegularEnumSet$EnumSetIterator done
Event: 9.656 Loading class java/nio/file/FileVisitor
Event: 9.656 Loading class java/nio/file/FileVisitor done
Event: 9.659 Loading class sun/nio/fs/WindowsFileStore
Event: 9.660 Loading class sun/nio/fs/WindowsFileStore done
Event: 9.664 Loading class java/nio/file/SimpleFileVisitor
Event: 9.664 Loading class java/nio/file/SimpleFileVisitor done
Event: 9.664 Loading class java/nio/file/Files$3
Event: 9.664 Loading class java/nio/file/Files$3 done
Event: 9.665 Loading class java/nio/file/FileVisitResult
Event: 9.665 Loading class java/nio/file/FileVisitResult done

Classes unloaded (0 events):
No events

Classes redefined (0 events):
No events

Internal exceptions (20 events):
Event: 7.496 Thread 0x000001ad05982cf0 Implicit null exception at 0x000001ad17b998e9 to 0x000001ad17b9a105
Event: 7.615 Thread 0x000001ad05982cf0 Exception <a 'sun/nio/fs/WindowsException'{0x0000000709523d80}> (0x0000000709523d80) 
thrown [s\open\src\hotspot\share\prims\jni.cpp, line 520]
Event: 7.616 Thread 0x000001ad05982cf0 Exception <a 'sun/nio/fs/WindowsException'{0x0000000709524448}> (0x0000000709524448) 
thrown [s\open\src\hotspot\share\prims\jni.cpp, line 520]
Event: 7.616 Thread 0x000001ad05982cf0 Exception <a 'sun/nio/fs/WindowsException'{0x0000000709524a88}> (0x0000000709524a88) 
thrown [s\open\src\hotspot\share\prims\jni.cpp, line 520]
Event: 7.617 Thread 0x000001ad05982cf0 Exception <a 'sun/nio/fs/WindowsException'{0x00000007095250c0}> (0x00000007095250c0) 
thrown [s\open\src\hotspot\share\prims\jni.cpp, line 520]
Event: 7.617 Thread 0x000001ad05982cf0 Exception <a 'sun/nio/fs/WindowsException'{0x00000007095256f0}> (0x00000007095256f0) 
thrown [s\open\src\hotspot\share\prims\jni.cpp, line 520]
Event: 7.617 Thread 0x000001ad05982cf0 Exception <a 'sun/nio/fs/WindowsException'{0x0000000709525d18}> (0x0000000709525d18) 
thrown [s\open\src\hotspot\share\prims\jni.cpp, line 520]
Event: 8.255 Thread 0x000001ad05982cf0 Exception <a 'sun/nio/fs/WindowsException'{0x0000000711443228}> (0x0000000711443228) 
thrown [s\open\src\hotspot\share\prims\jni.cpp, line 520]
Event: 8.267 Thread 0x000001ad05982cf0 Exception <a 'java/lang/IncompatibleClassChangeError'{0x0000000711496830}: Found class java.lang.Object, but interface was expected> (0x0000000711496830) 
thrown [s\open\src\hotspot\share\interpreter\linkResolver.cpp, line 840]
Event: 8.268 Thread 0x000001ad05982cf0 Exception <a 'java/lang/NoSuchMethodError'{0x000000071149b858}: 'void java.lang.invoke.DirectMethodHandle$Holder.invokeInterface(java.lang.Object, java.lang.Object, java.lang.Object)'> (0x000000071149b858) 
thrown [s\open\src\hotspot\share\interpreter\linkResolver.cpp, line 773]
Event: 8.490 Thread 0x000001ad05982cf0 Exception <a 'java/lang/NoSuchMethodError'{0x0000000711280c78}: 'int java.lang.invoke.DirectMethodHandle$Holder.invokeInterface(java.lang.Object, java.lang.Object)'> (0x0000000711280c78) 
thrown [s\open\src\hotspot\share\interpreter\linkResolver.cpp, line 773]
Event: 8.603 Thread 0x000001ad05982cf0 Exception <a 'java/lang/NoSuchMethodError'{0x0000000710903588}: 'int java.lang.invoke.DirectMethodHandle$Holder.invokeVirtual(java.lang.Object, java.lang.Object, java.lang.Object)'> (0x0000000710903588) 
thrown [s\open\src\hotspot\share\interpreter\linkResolver.cpp, line 773]
Event: 8.606 Thread 0x000001ad05982cf0 Exception <a 'java/lang/NoSuchMethodError'{0x0000000710910288}: 'int java.lang.invoke.DirectMethodHandle$Holder.invokeStaticInit(java.lang.Object, java.lang.Object, java.lang.Object)'> (0x0000000710910288) 
thrown [s\open\src\hotspot\share\interpreter\linkResolver.cpp, line 773]
Event: 8.822 Thread 0x000001ad05982cf0 Exception <a 'sun/nio/fs/WindowsException'{0x000000070fecc388}> (0x000000070fecc388) 
thrown [s\open\src\hotspot\share\prims\jni.cpp, line 520]
Event: 9.108 Thread 0x000001ad05982cf0 Exception <a 'java/lang/NoSuchMethodError'{0x000000071178d6b8}: 'java.lang.Object java.lang.invoke.DirectMethodHandle$Holder.newInvokeSpecial(java.lang.Object, java.lang.Object, java.lang.Object, java.lang.Object, java.lang.Object, java.lang.Object)'> (0x000000071178d6b8) 
thrown [s\open\src\hotspot\share\interpreter\linkResolver.cpp, line 773]
Event: 9.135 Thread 0x000001ad05982cf0 Exception <a 'sun/nio/fs/WindowsException'{0x00000007117d9308}> (0x00000007117d9308) 
thrown [s\open\src\hotspot\share\prims\jni.cpp, line 520]
Event: 9.595 Thread 0x000001ad05982cf0 Exception <a 'sun/nio/fs/WindowsException'{0x0000000706e14fb8}> (0x0000000706e14fb8) 
thrown [s\open\src\hotspot\share\prims\jni.cpp, line 520]
Event: 9.595 Thread 0x000001ad05982cf0 Exception <a 'sun/nio/fs/WindowsException'{0x0000000706e15a90}> (0x0000000706e15a90) 
thrown [s\open\src\hotspot\share\prims\jni.cpp, line 520]
Event: 9.614 Thread 0x000001ad05982cf0 Exception <a 'java/lang/NoSuchMethodError'{0x0000000706ea1f30}: 'java.lang.Object java.lang.invoke.DirectMethodHandle$Holder.invokeSpecial(java.lang.Object, java.lang.Object, java.lang.Object, int, int)'> (0x0000000706ea1f30) 
thrown [s\open\src\hotspot\share\interpreter\linkResolver.cpp, line 773]
Event: 9.615 Thread 0x000001ad05982cf0 Exception <a 'java/lang/NoSuchMethodError'{0x0000000706ea83c0}: 'java.lang.Object java.lang.invoke.DirectMethodHandle$Holder.invokeVirtual(java.lang.Object, java.lang.Object, int)'> (0x0000000706ea83c0) 
thrown [s\open\src\hotspot\share\interpreter\linkResolver.cpp, line 773]

ZGC Phase Switch (0 events):
No events

VM Operations (20 events):
Event: 8.495 Executing VM operation: HandshakeAllThreads (Deoptimize)
Event: 8.495 Executing VM operation: HandshakeAllThreads (Deoptimize) done
Event: 8.610 Executing VM operation: HandshakeAllThreads (Deoptimize)
Event: 8.610 Executing VM operation: HandshakeAllThreads (Deoptimize) done
Event: 8.614 Executing VM operation: HandshakeAllThreads (Deoptimize)
Event: 8.614 Executing VM operation: HandshakeAllThreads (Deoptimize) done
Event: 8.622 Executing VM operation: HandshakeAllThreads (Deoptimize)
Event: 8.622 Executing VM operation: HandshakeAllThreads (Deoptimize) done
Event: 8.774 Executing VM operation: HandshakeAllThreads (Deoptimize)
Event: 8.774 Executing VM operation: HandshakeAllThreads (Deoptimize) done
Event: 8.775 Executing VM operation: HandshakeAllThreads (Deoptimize)
Event: 8.775 Executing VM operation: HandshakeAllThreads (Deoptimize) done
Event: 8.841 Executing VM operation: CollectForMetadataAllocation (Metadata GC Threshold)
Event: 8.851 Executing VM operation: CollectForMetadataAllocation (Metadata GC Threshold) done
Event: 8.860 Executing VM operation: G1PauseRemark
Event: 8.862 Executing VM operation: G1PauseRemark done
Event: 8.867 Executing VM operation: G1PauseCleanup
Event: 8.874 Executing VM operation: G1PauseCleanup done
Event: 9.878 Executing VM operation: Cleanup
Event: 9.879 Executing VM operation: Cleanup done

Events (17 events):
Event: 0.023 Thread 0x000001ad05982cf0 Thread added: 0x000001ad05982cf0
Event: 0.037 Thread 0x000001ad26c11d50 Thread added: 0x000001ad26c11d50
Event: 0.037 Thread 0x000001ad26c12b70 Thread added: 0x000001ad26c12b70
Event: 0.037 Thread 0x000001ad26c16850 Thread added: 0x000001ad26c16850
Event: 0.037 Thread 0x000001ad26c17530 Thread added: 0x000001ad26c17530
Event: 0.037 Thread 0x000001ad26c17f90 Thread added: 0x000001ad26c17f90
Event: 0.037 Thread 0x000001ad26c1aa00 Thread added: 0x000001ad26c1aa00
Event: 0.037 Thread 0x000001ad26c30620 Thread added: 0x000001ad26c30620
Event: 0.037 Thread 0x000001ad26c50ce0 Thread added: 0x000001ad26c50ce0
Event: 0.053 Thread 0x000001ad6c1808f0 Thread added: 0x000001ad6c1808f0
Event: 0.055 Thread 0x000001ad6c185100 Thread added: 0x000001ad6c185100
Event: 3.409 Thread 0x000001ad6c1836c0 Thread added: 0x000001ad6c1836c0
Event: 3.420 Thread 0x000001ad6c1836c0 Thread exited: 0x000001ad6c1836c0
Event: 4.166 Thread 0x000001ad6c9e7780 Thread added: 0x000001ad6c9e7780
Event: 4.698 Thread 0x000001ad6d0a29f0 Thread added: 0x000001ad6d0a29f0
Event: 5.508 Thread 0x000001ad6c185790 Thread added: 0x000001ad6c185790
Event: 7.797 Thread 0x000001ad6d0a29f0 Thread exited: 0x000001ad6d0a29f0


Dynamic libraries:
0x00007ff684990000 - 0x00007ff6849a0000 	C:\Program Files\Java\jdk-21\bin\java.exe
0x00007ff863650000 - 0x00007ff863848000 	C:\Windows\SYSTEM32\ntdll.dll
0x00007ff8616f0000 - 0x00007ff8617b2000 	C:\Windows\System32\KERNEL32.DLL
0x00007ff861050000 - 0x00007ff861346000 	C:\Windows\System32\KERNELBASE.dll
0x00007ff861350000 - 0x00007ff861450000 	C:\Windows\System32\ucrtbase.dll
0x00007ff85d3b0000 - 0x00007ff85d3cb000 	C:\Program Files\Java\jdk-21\bin\VCRUNTIME140.dll
0x00007ff859990000 - 0x00007ff8599a9000 	C:\Program Files\Java\jdk-21\bin\jli.dll
0x00007ff862920000 - 0x00007ff8629d1000 	C:\Windows\System32\ADVAPI32.dll
0x00007ff861f70000 - 0x00007ff86200e000 	C:\Windows\System32\msvcrt.dll
0x00007ff8632e0000 - 0x00007ff86337f000 	C:\Windows\System32\sechost.dll
0x00007ff862020000 - 0x00007ff862140000 	C:\Windows\System32\RPCRT4.dll
0x00007ff8615b0000 - 0x00007ff8615d7000 	C:\Windows\System32\bcrypt.dll
0x00007ff862220000 - 0x00007ff8623c1000 	C:\Windows\System32\USER32.dll
0x00007ff860f80000 - 0x00007ff860fa2000 	C:\Windows\System32\win32u.dll
0x00007ff849460000 - 0x00007ff8496fb000 	C:\Windows\WinSxS\amd64_microsoft.windows.common-controls_6595b64144ccf1df_6.0.19041.6456_none_60b8a6cb71f64256\COMCTL32.dll
0x00007ff8621f0000 - 0x00007ff86221b000 	C:\Windows\System32\GDI32.dll
0x00007ff860db0000 - 0x00007ff860ec9000 	C:\Windows\System32\gdi32full.dll
0x00007ff860fb0000 - 0x00007ff86104d000 	C:\Windows\System32\msvcp_win.dll
0x00007ff85e180000 - 0x00007ff85e18a000 	C:\Windows\SYSTEM32\VERSION.dll
0x00007ff8635e0000 - 0x00007ff86360f000 	C:\Windows\System32\IMM32.DLL
0x00007ff85db00000 - 0x00007ff85db0c000 	C:\Program Files\Java\jdk-21\bin\vcruntime140_1.dll
0x00007ff8558c0000 - 0x00007ff85594e000 	C:\Program Files\Java\jdk-21\bin\msvcp140.dll
0x00007ff8034a0000 - 0x00007ff8041bd000 	C:\Program Files\Java\jdk-21\bin\server\jvm.dll
0x00007ff863570000 - 0x00007ff8635db000 	C:\Windows\System32\WS2_32.dll
0x00007ff8601e0000 - 0x00007ff86022b000 	C:\Windows\SYSTEM32\POWRPROF.dll
0x00007ff858160000 - 0x00007ff858187000 	C:\Windows\SYSTEM32\WINMM.dll
0x00007ff8600a0000 - 0x00007ff8600b2000 	C:\Windows\SYSTEM32\UMPDC.dll
0x00007ff85eb30000 - 0x00007ff85eb42000 	C:\Windows\SYSTEM32\kernel.appcore.dll
0x00007ff85d2f0000 - 0x00007ff85d2fa000 	C:\Program Files\Java\jdk-21\bin\jimage.dll
0x00007ff856cb0000 - 0x00007ff856eb1000 	C:\Windows\SYSTEM32\DBGHELP.DLL
0x00007ff841bc0000 - 0x00007ff841bf4000 	C:\Windows\SYSTEM32\dbgcore.DLL
0x00007ff8615e0000 - 0x00007ff861662000 	C:\Windows\System32\bcryptPrimitives.dll
0x00007ff859970000 - 0x00007ff85998f000 	C:\Program Files\Java\jdk-21\bin\java.dll
0x00007ff862b70000 - 0x00007ff8632e0000 	C:\Windows\System32\SHELL32.dll
0x00007ff85ed30000 - 0x00007ff85f4d5000 	C:\Windows\SYSTEM32\windows.storage.dll
0x00007ff8623d0000 - 0x00007ff862724000 	C:\Windows\System32\combase.dll
0x00007ff860630000 - 0x00007ff86065b000 	C:\Windows\SYSTEM32\Wldp.dll
0x00007ff8617c0000 - 0x00007ff86188d000 	C:\Windows\System32\OLEAUT32.dll
0x00007ff862790000 - 0x00007ff86283d000 	C:\Windows\System32\SHCORE.dll
0x00007ff862730000 - 0x00007ff86278b000 	C:\Windows\System32\shlwapi.dll
0x00007ff860c10000 - 0x00007ff860c34000 	C:\Windows\SYSTEM32\profapi.dll
0x00007ff8491b0000 - 0x00007ff849287000 	C:\Program Files\Java\jdk-21\bin\jsvml.dll
0x00007ff85ced0000 - 0x00007ff85cee0000 	C:\Program Files\Java\jdk-21\bin\net.dll
0x00007ff85ab70000 - 0x00007ff85ac7a000 	C:\Windows\SYSTEM32\WINHTTP.dll
0x00007ff860410000 - 0x00007ff86047a000 	C:\Windows\system32\mswsock.dll
0x00007ff858310000 - 0x00007ff858326000 	C:\Program Files\Java\jdk-21\bin\nio.dll
0x00007ff8582f0000 - 0x00007ff858308000 	C:\Program Files\Java\jdk-21\bin\zip.dll
0x00007ff84ac30000 - 0x00007ff84ac54000 	D:\Download\apache-maven-3.9.9-bin\apache-maven-3.9.9\lib\jansi-native\Windows\x86_64\jansi.dll
0x00007ff856820000 - 0x00007ff856830000 	C:\Program Files\Java\jdk-21\bin\verify.dll

dbghelp: loaded successfully - version: 4.0.5 - missing functions: none
symbol engine: initialized successfully - sym options: 0x614 - pdb path: .;C:\Program Files\Java\jdk-21\bin;C:\Windows\SYSTEM32;C:\Windows\WinSxS\amd64_microsoft.windows.common-controls_6595b64144ccf1df_6.0.19041.6456_none_60b8a6cb71f64256;C:\Program Files\Java\jdk-21\bin\server;D:\Download\apache-maven-3.9.9-bin\apache-maven-3.9.9\lib\jansi-native\Windows\x86_64

VM Arguments:
jvm_args: -Dclassworlds.conf=D:\Download\apache-maven-3.9.9-bin\apache-maven-3.9.9\bin\m2.conf -Dmaven.home=D:\Download\apache-maven-3.9.9-bin\apache-maven-3.9.9 -Dlibrary.jansi.path=D:\Download\apache-maven-3.9.9-bin\apache-maven-3.9.9\lib\jansi-native -Dmaven.multiModuleProjectDirectory=D:\job\bedhcd 
java_command: org.codehaus.plexus.classworlds.launcher.Launcher clean compile -DskipTests
java_class_path (initial): D:\Download\apache-maven-3.9.9-bin\apache-maven-3.9.9\boot\plexus-classworlds-2.8.0.jar
Launcher Type: SUN_STANDARD

[Global flags]
     intx CICompilerCount                          = 4                                         {product} {ergonomic}
     uint ConcGCThreads                            = 2                                         {product} {ergonomic}
     uint G1ConcRefinementThreads                  = 8                                         {product} {ergonomic}
   size_t G1HeapRegionSize                         = 2097152                                   {product} {ergonomic}
    uintx GCDrainStackTargetSize                   = 64                                        {product} {ergonomic}
   size_t InitialHeapSize                          = 268435456                                 {product} {ergonomic}
   size_t MarkStackSize                            = 4194304                                   {product} {ergonomic}
   size_t MaxHeapSize                              = 4269801472                                {product} {ergonomic}
   size_t MaxNewSize                               = 2560622592                                {product} {ergonomic}
   size_t MinHeapDeltaBytes                        = 2097152                                   {product} {ergonomic}
   size_t MinHeapSize                              = 8388608                                   {product} {ergonomic}
    uintx NonNMethodCodeHeapSize                   = 5839372                                {pd product} {ergonomic}
    uintx NonProfiledCodeHeapSize                  = 122909434                              {pd product} {ergonomic}
    uintx ProfiledCodeHeapSize                     = 122909434                              {pd product} {ergonomic}
    uintx ReservedCodeCacheSize                    = 251658240                              {pd product} {ergonomic}
     bool SegmentedCodeCache                       = true                                      {product} {ergonomic}
   size_t SoftMaxHeapSize                          = 4269801472                             {manageable} {ergonomic}
     bool UseCompressedOops                        = true                           {product lp64_product} {ergonomic}
     bool UseG1GC                                  = true                                      {product} {ergonomic}
     bool UseLargePagesIndividualAllocation        = false                                  {pd product} {ergonomic}

Logging:
Log output configuration:
 #0: stdout all=warning uptime,level,tags foldmultilines=false
 #1: stderr all=off uptime,level,tags foldmultilines=false

Environment Variables:
PATH=C:\Program Files\Common Files\Oracle\Java\javapath;C:\Windows\system32;C:\Windows;C:\Windows\System32\Wbem;C:\Windows\System32\WindowsPowerShell\v1.0\;C:\Windows\System32\OpenSSH\;C:\Program Files (x86)\NVIDIA Corporation\PhysX\Common;C:\Program Files\nodejs\;C:\ProgramData\chocolatey\bin;C:\Program Files\Git\cmd;C:\Program Files\PuTTY\;C:\Program Files\Redis\;D:\Download\apache-maven-3.9.9-bin\apache-maven-3.9.9;;C:\Program Files\Docker\Docker\resources\bin;C:\Users\admin\AppData\Local\Programs\Python\Python312\Scripts\;C:\Users\admin\AppData\Local\Programs\Python\Python312\;C:\Users\admin\AppData\Local\Microsoft\WindowsApps;C:\Users\admin\AppData\Local\Programs\Antigravity\bin;C:\Users\admin\AppData\Roaming\npm;C:\Program Files (x86)\Nmap;D:\Download\apache-maven-3.9.9-bin\apache-maven-3.9.9\bin;
USERNAME=admin
OS=Windows_NT
PROCESSOR_IDENTIFIER=Intel64 Family 6 Model 165 Stepping 3, GenuineIntel
TMP=C:\Users\admin\AppData\Local\Temp
TEMP=C:\Users\admin\AppData\Local\Temp




Periodic native trim disabled

---------------  S Y S T E M  ---------------

OS:
 Windows 10 , 64 bit Build 19041 (10.0.19041.5915)
OS uptime: 2 days 8:59 hours
Hyper-V role detected

CPU: total 8 (initial active 8) (4 cores per cpu, 2 threads per core) family 6 model 165 stepping 3 microcode 0xf6, cx8, cmov, fxsr, ht, mmx, 3dnowpref, sse, sse2, sse3, ssse3, sse4.1, sse4.2, popcnt, lzcnt, tsc, tscinvbit, avx, avx2, aes, erms, clmul, bmi1, bmi2, adx, fma, vzeroupper, clflush, clflushopt, hv, rdtscp, f16c
Processor Information for all 8 processors :
  Max Mhz: 3696, Current Mhz: 3696, Mhz Limit: 3696

Memory: 4k page, system-wide physical 16283M (389M free)
TotalPageFile size 31643M (AvailPageFile size 168M)
current process WorkingSet (physical memory assigned to process): 211M, peak: 306M
current process commit charge ("private bytes"): 290M, peak: 419M

vm_info: Java HotSpot(TM) 64-Bit Server VM (21.0.9+7-LTS-338) for windows-amd64 JRE (21.0.9+7-LTS-338), built on 2025-09-26T06:33:49Z by "mach5run" with MS VC++ 17.6 (VS2022)

END.
