#
# There is insufficient memory for the Java Runtime Environment to continue.
# Native memory allocation (malloc) failed to allocate 1531376 bytes. Error detail: Chunk::new
# Possible reasons:
#   The system is out of physical RAM or swap space
#   This process is running with CompressedOops enabled, and the Java Heap may be blocking the growth of the native heap
# Possible solutions:
#   Reduce memory load on the system
#   Increase physical memory or swap space
#   Check if swap backing store is full
#   Decrease Java heap size (-Xmx/-Xms)
#   Decrease number of Java threads
#   Decrease Java thread stack sizes (-Xss)
#   Set larger code cache with -XX:ReservedCodeCacheSize=
#   JVM is running with Unscaled Compressed Oops mode in which the Java heap is
#     placed in the first 4GB address space. The Java Heap base address is the
#     maximum limit for the native heap growth. Please use -XX:HeapBaseMinAddress
#     to set the Java Heap base and to place the Java Heap above 4GB virtual address.
# This output file may be truncated or incomplete.
#
#  Out of Memory Error (arena.cpp:168), pid=18152, tid=13656
#
# JRE version: OpenJDK Runtime Environment Temurin-21.0.9+10 (21.0.9+10) (build 21.0.9+10-LTS)
# Java VM: OpenJDK 64-Bit Server VM Temurin-21.0.9+10 (21.0.9+10-LTS, mixed mode, sharing, tiered, compressed oops, compressed class ptrs, parallel gc, windows-amd64)
# No core dump will be written. Minidumps are not enabled by default on client versions of Windows
#

---------------  S U M M A R Y ------------

Command Line: --add-modules=ALL-SYSTEM --add-opens=java.base/java.util=ALL-UNNAMED --add-opens=java.base/java.lang=ALL-UNNAMED --add-opens=java.base/sun.nio.fs=ALL-UNNAMED -Declipse.application=org.eclipse.jdt.ls.core.id1 -Dosgi.bundles.defaultStartLevel=4 -Declipse.product=org.eclipse.jdt.ls.core.product -Djava.import.generatesMetadataFilesAtProjectRoot=false -DDetectVMInstallationsJob.disabled=true -Dfile.encoding=utf8 -XX:+UseParallelGC -XX:GCTimeRatio=4 -XX:AdaptiveSizePolicyWeight=90 -Dsun.zip.disableMemoryMapping=true -Xmx2G -Xms100m -Xlog:disable -javaagent:c:\Users\admin\.antigravity\extensions\redhat.java-1.51.0-win32-x64\lombok\lombok-1.18.39-4050.jar c:\Users\admin\.antigravity\extensions\redhat.java-1.51.0-win32-x64\server\plugins\org.eclipse.equinox.launcher_1.7.100.v20251111-0406.jar -configuration c:\Users\admin\AppData\Roaming\Antigravity\User\globalStorage\redhat.java\1.51.0\config_ss_win -data c:\Users\admin\AppData\Roaming\Antigravity\User\workspaceStorage\3a11347a5b96c6bbc27a4b80f07e4894\redhat.java\ss_ws --pipe=\\.\pipe\lsp-c2c2ea6cdf3440cac6cf56bfbe31edad-sock

Host: Intel(R) Core(TM) i3-10105F CPU @ 3.70GHz, 8 cores, 15G,  Windows 10 , 64 bit Build 19041 (10.0.19041.5915)
Time: Fri Jan 23 09:28:49 2026 SE Asia Standard Time elapsed time: 13.671751 seconds (0d 0h 0m 13s)

---------------  T H R E A D  ---------------

Current thread (0x000002a3cee07050):  JavaThread "C2 CompilerThread0" daemon [_thread_in_native, id=13656, stack(0x000000e319000000,0x000000e319100000) (1024K)]


Current CompileTask:
C2:13671 6871       4       org.eclipse.jdt.internal.compiler.parser.Parser::consumeRule (7748 bytes)

Stack: [0x000000e319000000,0x000000e319100000]
Native frames: (J=compiled Java code, j=interpreted, Vv=VM code, C=native code)
V  [jvm.dll+0x6d6e29]
V  [jvm.dll+0x8b4b76]
V  [jvm.dll+0x8b712e]
V  [jvm.dll+0x8b7813]
V  [jvm.dll+0x283d86]
V  [jvm.dll+0xc66ed]
V  [jvm.dll+0xc6c31]
V  [jvm.dll+0x3be501]
V  [jvm.dll+0x38ab92]
V  [jvm.dll+0x389fda]
V  [jvm.dll+0x24bfa0]
V  [jvm.dll+0x24b580]
V  [jvm.dll+0x1cb13e]
V  [jvm.dll+0x25b29d]
V  [jvm.dll+0x25982a]
V  [jvm.dll+0x3f7ea6]
V  [jvm.dll+0x85e9ad]
V  [jvm.dll+0x6d565d]
C  [ucrtbase.dll+0x21bb2]
C  [KERNEL32.DLL+0x17374]
C  [ntdll.dll+0x4cc91]


---------------  P R O C E S S  ---------------

Threads class SMR info:
_java_thread_list=0x000002a4171d4c50, length=36, elements={
0x000002a3b83906a0, 0x000002a3cedf9320, 0x000002a3cedfa960, 0x000002a3cedfdfb0,
0x000002a3cee00d70, 0x000002a3cee017c0, 0x000002a3cee02210, 0x000002a3cee07050,
0x000002a3cee1b090, 0x000002a4119592e0, 0x000002a411a75d80, 0x000002a4163666c0,
0x000002a41675bad0, 0x000002a416a06210, 0x000002a416684f60, 0x000002a4169c8e90,
0x000002a41686c190, 0x000002a41686d400, 0x000002a41686da60, 0x000002a417f17a00,
0x000002a417f18720, 0x000002a417f19440, 0x000002a417f16650, 0x000002a417f18090,
0x000002a417f16ce0, 0x000002a417f17370, 0x000002a417f18db0, 0x000002a417f15fc0,
0x000002a41771f090, 0x000002a417721e80, 0x000002a417724c70, 0x000002a417722510,
0x000002a417723230, 0x000002a41771fdb0, 0x000002a417725990, 0x000002a417061e80
}

Java Threads: ( => current thread )
  0x000002a3b83906a0 JavaThread "main"                              [_thread_blocked, id=9808, stack(0x000000e318600000,0x000000e318700000) (1024K)]
  0x000002a3cedf9320 JavaThread "Reference Handler"          daemon [_thread_blocked, id=22272, stack(0x000000e318a00000,0x000000e318b00000) (1024K)]
  0x000002a3cedfa960 JavaThread "Finalizer"                  daemon [_thread_blocked, id=23424, stack(0x000000e318b00000,0x000000e318c00000) (1024K)]
  0x000002a3cedfdfb0 JavaThread "Signal Dispatcher"          daemon [_thread_blocked, id=8256, stack(0x000000e318c00000,0x000000e318d00000) (1024K)]
  0x000002a3cee00d70 JavaThread "Attach Listener"            daemon [_thread_blocked, id=1328, stack(0x000000e318d00000,0x000000e318e00000) (1024K)]
  0x000002a3cee017c0 JavaThread "Service Thread"             daemon [_thread_blocked, id=16148, stack(0x000000e318e00000,0x000000e318f00000) (1024K)]
  0x000002a3cee02210 JavaThread "Monitor Deflation Thread"   daemon [_thread_blocked, id=3704, stack(0x000000e318f00000,0x000000e319000000) (1024K)]
=>0x000002a3cee07050 JavaThread "C2 CompilerThread0"         daemon [_thread_in_native, id=13656, stack(0x000000e319000000,0x000000e319100000) (1024K)]
  0x000002a3cee1b090 JavaThread "C1 CompilerThread0"         daemon [_thread_blocked, id=19532, stack(0x000000e319100000,0x000000e319200000) (1024K)]
  0x000002a4119592e0 JavaThread "Common-Cleaner"             daemon [_thread_blocked, id=20640, stack(0x000000e319300000,0x000000e319400000) (1024K)]
  0x000002a411a75d80 JavaThread "Notification Thread"        daemon [_thread_blocked, id=8764, stack(0x000000e319400000,0x000000e319500000) (1024K)]
  0x000002a4163666c0 JavaThread "Active Thread: Equinox Container: 3f58cca8-6939-4214-81e2-33dcd5698ad8"        [_thread_blocked, id=14468, stack(0x000000e319c00000,0x000000e319d00000) (1024K)]
  0x000002a41675bad0 JavaThread "Framework Event Dispatcher: Equinox Container: 3f58cca8-6939-4214-81e2-33dcd5698ad8" daemon [_thread_blocked, id=19804, stack(0x000000e319500000,0x000000e319600000) (1024K)]
  0x000002a416a06210 JavaThread "Start Level: Equinox Container: 3f58cca8-6939-4214-81e2-33dcd5698ad8" daemon [_thread_blocked, id=20984, stack(0x000000e319d00000,0x000000e319e00000) (1024K)]
  0x000002a416684f60 JavaThread "SCR Component Actor"        daemon [_thread_blocked, id=1832, stack(0x000000e319200000,0x000000e319300000) (1024K)]
  0x000002a4169c8e90 JavaThread "Worker-JM"                         [_thread_blocked, id=8748, stack(0x000000e31a100000,0x000000e31a200000) (1024K)]
  0x000002a41686c190 JavaThread "JNA Cleaner"                daemon [_thread_blocked, id=16576, stack(0x000000e319f00000,0x000000e31a000000) (1024K)]
  0x000002a41686d400 JavaThread "Worker-0"                          [_thread_blocked, id=8328, stack(0x000000e31a000000,0x000000e31a100000) (1024K)]
  0x000002a41686da60 JavaThread "Worker-1"                          [_thread_blocked, id=15312, stack(0x000000e31a200000,0x000000e31a300000) (1024K)]
  0x000002a417f17a00 JavaThread "Thread-1"                   daemon [_thread_in_native, id=5608, stack(0x000000e31a600000,0x000000e31a700000) (1024K)]
  0x000002a417f18720 JavaThread "Thread-2"                   daemon [_thread_in_native, id=16316, stack(0x000000e31a700000,0x000000e31a800000) (1024K)]
  0x000002a417f19440 JavaThread "Thread-3"                   daemon [_thread_in_native, id=16804, stack(0x000000e31a800000,0x000000e31a900000) (1024K)]
  0x000002a417f16650 JavaThread "Thread-4"                   daemon [_thread_in_native, id=14156, stack(0x000000e31a900000,0x000000e31aa00000) (1024K)]
  0x000002a417f18090 JavaThread "Thread-5"                   daemon [_thread_in_native, id=18244, stack(0x000000e31aa00000,0x000000e31ab00000) (1024K)]
  0x000002a417f16ce0 JavaThread "Thread-6"                   daemon [_thread_in_native, id=22088, stack(0x000000e31ab00000,0x000000e31ac00000) (1024K)]
  0x000002a417f17370 JavaThread "Thread-7"                   daemon [_thread_in_native, id=20424, stack(0x000000e31ac00000,0x000000e31ad00000) (1024K)]
  0x000002a417f18db0 JavaThread "Thread-8"                   daemon [_thread_in_native, id=13940, stack(0x000000e31ad00000,0x000000e31ae00000) (1024K)]
  0x000002a417f15fc0 JavaThread "Thread-9"                   daemon [_thread_in_native, id=11872, stack(0x000000e31ae00000,0x000000e31af00000) (1024K)]
  0x000002a41771f090 JavaThread "pool-2-thread-1"                   [_thread_blocked, id=2932, stack(0x000000e31af00000,0x000000e31b000000) (1024K)]
  0x000002a417721e80 JavaThread "Worker-2"                          [_thread_blocked, id=18128, stack(0x000000e31b000000,0x000000e31b100000) (1024K)]
  0x000002a417724c70 JavaThread "WorkspaceEventsHandler"            [_thread_blocked, id=22252, stack(0x000000e31b100000,0x000000e31b200000) (1024K)]
  0x000002a417722510 JavaThread "pool-1-thread-1"                   [_thread_blocked, id=14512, stack(0x000000e31b200000,0x000000e31b300000) (1024K)]
  0x000002a417723230 JavaThread "ForkJoinPool.commonPool-worker-1" daemon [_thread_in_vm, id=11420, stack(0x000000e31a300000,0x000000e31a400000) (1024K)]
  0x000002a41771fdb0 JavaThread "ForkJoinPool.commonPool-worker-2" daemon [_thread_blocked, id=7136, stack(0x000000e31b300000,0x000000e31b400000) (1024K)]
  0x000002a417725990 JavaThread "ForkJoinPool.commonPool-worker-3" daemon [_thread_blocked, id=21384, stack(0x000000e31b400000,0x000000e31b500000) (1024K)]
  0x000002a417061e80 JavaThread "C2 CompilerThread1"         daemon [_thread_blocked, id=12672, stack(0x000000e31b500000,0x000000e31b600000) (1024K)]
Total: 36

Other Threads:
  0x000002a3cedf28c0 VMThread "VM Thread"                           [id=23472, stack(0x000000e318900000,0x000000e318a00000) (1024K)]
  0x000002a3b83fad90 WatcherThread "VM Periodic Task Thread"        [id=11920, stack(0x000000e318800000,0x000000e318900000) (1024K)]
  0x000002a3b83acfb0 WorkerThread "GC Thread#0"                     [id=22164, stack(0x000000e318700000,0x000000e318800000) (1024K)]
  0x000002a416554300 WorkerThread "GC Thread#1"                     [id=1576, stack(0x000000e319600000,0x000000e319700000) (1024K)]
  0x000002a4165546a0 WorkerThread "GC Thread#2"                     [id=1552, stack(0x000000e319700000,0x000000e319800000) (1024K)]
  0x000002a416554a40 WorkerThread "GC Thread#3"                     [id=15352, stack(0x000000e319800000,0x000000e319900000) (1024K)]
  0x000002a4164f5350 WorkerThread "GC Thread#4"                     [id=3296, stack(0x000000e319900000,0x000000e319a00000) (1024K)]
  0x000002a4164f56f0 WorkerThread "GC Thread#5"                     [id=3372, stack(0x000000e319a00000,0x000000e319b00000) (1024K)]
  0x000002a4164f5a90 WorkerThread "GC Thread#6"                     [id=12492, stack(0x000000e319b00000,0x000000e319c00000) (1024K)]
  0x000002a4168181c0 WorkerThread "GC Thread#7"                     [id=1860, stack(0x000000e319e00000,0x000000e319f00000) (1024K)]
Total: 10

Threads with active compile tasks:
C2 CompilerThread0  13701 6871       4       org.eclipse.jdt.internal.compiler.parser.Parser::consumeRule (7748 bytes)
Total: 1

VM state: not at safepoint (normal execution)

VM Mutex/Monitor currently owned by a thread: None

Heap address: 0x0000000080000000, size: 2048 MB, Compressed Oops mode: 32-bit

CDS archive(s) mapped at: [0x000002a3cf000000-0x000002a3cfba0000-0x000002a3cfba0000), size 12189696, SharedBaseAddress: 0x000002a3cf000000, ArchiveRelocationMode: 1.
Compressed class space mapped at: 0x000002a3d0000000-0x000002a410000000, reserved size: 1073741824
Narrow klass base: 0x000002a3cf000000, Narrow klass shift: 0, Narrow klass range: 0x100000000

GC Precious Log:
 CardTable entry size: 512
 CPUs: 8 total, 8 available
 Memory: 16283M
 Large Page Support: Disabled
 NUMA Support: Disabled
 Compressed Oops: Enabled (32-bit)
 Alignments: Space 512K, Generation 512K, Heap 2M
 Heap Min Capacity: 100M
 Heap Initial Capacity: 100M
 Heap Max Capacity: 2G
 Pre-touch: Disabled
 Parallel Workers: 8

Heap:
 PSYoungGen      total 23040K, used 1742K [0x00000000d5580000, 0x00000000d6d00000, 0x0000000100000000)
  eden space 22016K, 3% used [0x00000000d5580000,0x00000000d563bad8,0x00000000d6b00000)
  from space 1024K, 96% used [0x00000000d6b00000,0x00000000d6bf8040,0x00000000d6c00000)
  to   space 1024K, 0% used [0x00000000d6c00000,0x00000000d6c00000,0x00000000d6d00000)
 ParOldGen       total 68608K, used 34900K [0x0000000080000000, 0x0000000084300000, 0x00000000d5580000)
  object space 68608K, 50% used [0x0000000080000000,0x00000000822151a0,0x0000000084300000)
 Metaspace       used 41625K, committed 42688K, reserved 1114112K
  class space    used 4123K, committed 4608K, reserved 1048576K

Card table byte_map: [0x000002a3b7d50000,0x000002a3b8160000] _byte_map_base: 0x000002a3b7950000

Marking Bits: (ParMarkBitMap*) 0x00007ff803272460
 Begin Bits: [0x000002a3ca850000, 0x000002a3cc850000)
 End Bits:   [0x000002a3cc850000, 0x000002a3ce850000)

Polling page: 0x000002a3b6390000

Metaspace:

Usage:
  Non-class:     36.62 MB used.
      Class:      4.03 MB used.
       Both:     40.65 MB used.

Virtual space:
  Non-class space:       64.00 MB reserved,      37.19 MB ( 58%) committed,  1 nodes.
      Class space:        1.00 GB reserved,       4.50 MB ( <1%) committed,  1 nodes.
             Both:        1.06 GB reserved,      41.69 MB (  4%) committed. 

Chunk freelists:
   Non-Class:  10.72 MB
       Class:  11.53 MB
        Both:  22.25 MB

MaxMetaspaceSize: unlimited
CompressedClassSpaceSize: 1.00 GB
Initial GC threshold: 21.00 MB
Current GC threshold: 58.38 MB
CDS: on
 - commit_granule_bytes: 65536.
 - commit_granule_words: 8192.
 - virtual_space_node_default_size: 8388608.
 - enlarge_chunks_in_place: 1.
 - use_allocation_guard: 0.


Internal statistics:

num_allocs_failed_limit: 6.
num_arena_births: 852.
num_arena_deaths: 14.
num_vsnodes_births: 2.
num_vsnodes_deaths: 0.
num_space_committed: 667.
num_space_uncommitted: 0.
num_chunks_returned_to_freelist: 20.
num_chunks_taken_from_freelist: 2643.
num_chunk_merges: 12.
num_chunk_splits: 1673.
num_chunks_enlarged: 1025.
num_inconsistent_stats: 0.

CodeHeap 'non-profiled nmethods': size=120000Kb used=4782Kb max_used=4782Kb free=115217Kb
 bounds [0x000002a3c3070000, 0x000002a3c3520000, 0x000002a3ca5a0000]
CodeHeap 'profiled nmethods': size=120000Kb used=14582Kb max_used=14582Kb free=105418Kb
 bounds [0x000002a3bb5a0000, 0x000002a3bc3e0000, 0x000002a3c2ad0000]
CodeHeap 'non-nmethods': size=5760Kb used=1396Kb max_used=1492Kb free=4363Kb
 bounds [0x000002a3c2ad0000, 0x000002a3c2d40000, 0x000002a3c3070000]
CodeCache: size=245760Kb, used=20760Kb, max_used=20856Kb, free=224998Kb
 total_blobs=7204, nmethods=6500, adapters=610, full_count=0
Compilation: enabled, stopped_count=0, restarted_count=0

Compilation events (20 events):
Event: 13.642 Thread 0x000002a3cee1b090 nmethod 6915 0x000002a3bc3d8b10 code [0x000002a3bc3d8ce0, 0x000002a3bc3d9138]
Event: 13.642 Thread 0x000002a3cee1b090 6916   !   3       org.eclipse.jdt.internal.compiler.util.JRTUtil::getJrtSystem (72 bytes)
Event: 13.643 Thread 0x000002a3cee1b090 nmethod 6916 0x000002a3bc3d9210 code [0x000002a3bc3d9480, 0x000002a3bc3d9fc8]
Event: 13.643 Thread 0x000002a3cee1b090 6917   !   3       org.eclipse.jdt.internal.compiler.util.Jdk::<init> (46 bytes)
Event: 13.643 Thread 0x000002a3cee1b090 nmethod 6917 0x000002a3bc3da410 code [0x000002a3bc3da620, 0x000002a3bc3dabe8]
Event: 13.643 Thread 0x000002a3cee1b090 6918       1       org.eclipse.jdt.internal.core.CompilationUnit::hasBuffer (2 bytes)
Event: 13.643 Thread 0x000002a3cee1b090 nmethod 6918 0x000002a3c351a510 code [0x000002a3c351a6a0, 0x000002a3c351a768]
Event: 13.643 Thread 0x000002a3cee1b090 6919       1       org.eclipse.jdt.internal.core.JavaElement::isReadOnly (2 bytes)
Event: 13.643 Thread 0x000002a3cee1b090 nmethod 6919 0x000002a3c351a810 code [0x000002a3c351a9a0, 0x000002a3c351aa68]
Event: 13.643 Thread 0x000002a3cee1b090 6920       1       org.eclipse.core.internal.resources.ResourceInfo::getModificationStamp (5 bytes)
Event: 13.644 Thread 0x000002a3cee1b090 nmethod 6920 0x000002a3c351ab10 code [0x000002a3c351aca0, 0x000002a3c351ad68]
Event: 13.648 Thread 0x000002a3cee1b090 6921       3       org.eclipse.jdt.internal.compiler.lookup.ModuleBinding::completeIfNeeded (53 bytes)
Event: 13.648 Thread 0x000002a3cee1b090 nmethod 6921 0x000002a3bc3dae10 code [0x000002a3bc3db000, 0x000002a3bc3db5a8]
Event: 13.648 Thread 0x000002a3cee1b090 6923       3       org.eclipse.jdt.internal.compiler.ast.CompilationUnitDeclaration::isModuleInfo (11 bytes)
Event: 13.648 Thread 0x000002a3cee1b090 nmethod 6923 0x000002a3bc3db790 code [0x000002a3bc3db960, 0x000002a3bc3dbb48]
Event: 13.648 Thread 0x000002a3cee1b090 6922       1       java.util.stream.Collectors$CollectorImpl::characteristics (5 bytes)
Event: 13.648 Thread 0x000002a3cee1b090 nmethod 6922 0x000002a3c351ae10 code [0x000002a3c351afa0, 0x000002a3c351b068]
Event: 13.664 Thread 0x000002a417061e80 6924       4       org.eclipse.jdt.internal.compiler.classfmt.ClassFileStruct::u4At (69 bytes)
Event: 13.665 Thread 0x000002a417061e80 nmethod 6924 0x000002a3c351b110 code [0x000002a3c351b2a0, 0x000002a3c351b3d8]
Event: 13.670 Thread 0x000002a3cee1b090 6925       3       java.util.Arrays::equals (43 bytes)

GC Heap History (20 events):
Event: 9.702 GC heap before
{Heap before GC invocations=23 (full 2):
 PSYoungGen      total 23040K, used 23017K [0x00000000d5580000, 0x00000000d6e00000, 0x0000000100000000)
  eden space 22016K, 100% used [0x00000000d5580000,0x00000000d6b00000,0x00000000d6b00000)
  from space 1024K, 97% used [0x00000000d6d00000,0x00000000d6dfa7e8,0x00000000d6e00000)
  to   space 1536K, 0% used [0x00000000d6b00000,0x00000000d6b00000,0x00000000d6c80000)
 ParOldGen       total 68608K, used 31506K [0x0000000080000000, 0x0000000084300000, 0x00000000d5580000)
  object space 68608K, 45% used [0x0000000080000000,0x0000000081ec4af0,0x0000000084300000)
 Metaspace       used 38666K, committed 39616K, reserved 1114112K
  class space    used 3905K, committed 4352K, reserved 1048576K
}
Event: 9.703 GC heap after
{Heap after GC invocations=23 (full 2):
 PSYoungGen      total 23552K, used 736K [0x00000000d5580000, 0x00000000d6d80000, 0x0000000100000000)
  eden space 22016K, 0% used [0x00000000d5580000,0x00000000d5580000,0x00000000d6b00000)
  from space 1536K, 47% used [0x00000000d6b00000,0x00000000d6bb8000,0x00000000d6c80000)
  to   space 1024K, 0% used [0x00000000d6c80000,0x00000000d6c80000,0x00000000d6d80000)
 ParOldGen       total 68608K, used 31530K [0x0000000080000000, 0x0000000084300000, 0x00000000d5580000)
  object space 68608K, 45% used [0x0000000080000000,0x0000000081ecaaf0,0x0000000084300000)
 Metaspace       used 38666K, committed 39616K, reserved 1114112K
  class space    used 3905K, committed 4352K, reserved 1048576K
}
Event: 10.007 GC heap before
{Heap before GC invocations=24 (full 2):
 PSYoungGen      total 23552K, used 22752K [0x00000000d5580000, 0x00000000d6d80000, 0x0000000100000000)
  eden space 22016K, 100% used [0x00000000d5580000,0x00000000d6b00000,0x00000000d6b00000)
  from space 1536K, 47% used [0x00000000d6b00000,0x00000000d6bb8000,0x00000000d6c80000)
  to   space 1024K, 0% used [0x00000000d6c80000,0x00000000d6c80000,0x00000000d6d80000)
 ParOldGen       total 68608K, used 31530K [0x0000000080000000, 0x0000000084300000, 0x00000000d5580000)
  object space 68608K, 45% used [0x0000000080000000,0x0000000081ecaaf0,0x0000000084300000)
 Metaspace       used 39087K, committed 40128K, reserved 1114112K
  class space    used 3936K, committed 4416K, reserved 1048576K
}
Event: 10.009 GC heap after
{Heap after GC invocations=24 (full 2):
 PSYoungGen      total 23040K, used 688K [0x00000000d5580000, 0x00000000d6d80000, 0x0000000100000000)
  eden space 22016K, 0% used [0x00000000d5580000,0x00000000d5580000,0x00000000d6b00000)
  from space 1024K, 67% used [0x00000000d6c80000,0x00000000d6d2c010,0x00000000d6d80000)
  to   space 1024K, 0% used [0x00000000d6b80000,0x00000000d6b80000,0x00000000d6c80000)
 ParOldGen       total 68608K, used 32016K [0x0000000080000000, 0x0000000084300000, 0x00000000d5580000)
  object space 68608K, 46% used [0x0000000080000000,0x0000000081f44120,0x0000000084300000)
 Metaspace       used 39087K, committed 40128K, reserved 1114112K
  class space    used 3936K, committed 4416K, reserved 1048576K
}
Event: 10.230 GC heap before
{Heap before GC invocations=25 (full 2):
 PSYoungGen      total 23040K, used 22704K [0x00000000d5580000, 0x00000000d6d80000, 0x0000000100000000)
  eden space 22016K, 100% used [0x00000000d5580000,0x00000000d6b00000,0x00000000d6b00000)
  from space 1024K, 67% used [0x00000000d6c80000,0x00000000d6d2c010,0x00000000d6d80000)
  to   space 1024K, 0% used [0x00000000d6b80000,0x00000000d6b80000,0x00000000d6c80000)
 ParOldGen       total 68608K, used 32016K [0x0000000080000000, 0x0000000084300000, 0x00000000d5580000)
  object space 68608K, 46% used [0x0000000080000000,0x0000000081f44120,0x0000000084300000)
 Metaspace       used 39286K, committed 40256K, reserved 1114112K
  class space    used 3938K, committed 4416K, reserved 1048576K
}
Event: 10.232 GC heap after
{Heap after GC invocations=25 (full 2):
 PSYoungGen      total 23040K, used 544K [0x00000000d5580000, 0x00000000d6d00000, 0x0000000100000000)
  eden space 22016K, 0% used [0x00000000d5580000,0x00000000d5580000,0x00000000d6b00000)
  from space 1024K, 53% used [0x00000000d6b80000,0x00000000d6c08000,0x00000000d6c80000)
  to   space 512K, 0% used [0x00000000d6c80000,0x00000000d6c80000,0x00000000d6d00000)
 ParOldGen       total 68608K, used 32240K [0x0000000080000000, 0x0000000084300000, 0x00000000d5580000)
  object space 68608K, 46% used [0x0000000080000000,0x0000000081f7c120,0x0000000084300000)
 Metaspace       used 39286K, committed 40256K, reserved 1114112K
  class space    used 3938K, committed 4416K, reserved 1048576K
}
Event: 10.408 GC heap before
{Heap before GC invocations=26 (full 2):
 PSYoungGen      total 23040K, used 22560K [0x00000000d5580000, 0x00000000d6d00000, 0x0000000100000000)
  eden space 22016K, 100% used [0x00000000d5580000,0x00000000d6b00000,0x00000000d6b00000)
  from space 1024K, 53% used [0x00000000d6b80000,0x00000000d6c08000,0x00000000d6c80000)
  to   space 512K, 0% used [0x00000000d6c80000,0x00000000d6c80000,0x00000000d6d00000)
 ParOldGen       total 68608K, used 32240K [0x0000000080000000, 0x0000000084300000, 0x00000000d5580000)
  object space 68608K, 46% used [0x0000000080000000,0x0000000081f7c120,0x0000000084300000)
 Metaspace       used 39349K, committed 40384K, reserved 1114112K
  class space    used 3938K, committed 4416K, reserved 1048576K
}
Event: 10.409 GC heap after
{Heap after GC invocations=26 (full 2):
 PSYoungGen      total 22528K, used 384K [0x00000000d5580000, 0x00000000d6d00000, 0x0000000100000000)
  eden space 22016K, 0% used [0x00000000d5580000,0x00000000d5580000,0x00000000d6b00000)
  from space 512K, 75% used [0x00000000d6c80000,0x00000000d6ce0000,0x00000000d6d00000)
  to   space 512K, 0% used [0x00000000d6c00000,0x00000000d6c00000,0x00000000d6c80000)
 ParOldGen       total 68608K, used 32464K [0x0000000080000000, 0x0000000084300000, 0x00000000d5580000)
  object space 68608K, 47% used [0x0000000080000000,0x0000000081fb4120,0x0000000084300000)
 Metaspace       used 39349K, committed 40384K, reserved 1114112K
  class space    used 3938K, committed 4416K, reserved 1048576K
}
Event: 10.599 GC heap before
{Heap before GC invocations=27 (full 2):
 PSYoungGen      total 22528K, used 22400K [0x00000000d5580000, 0x00000000d6d00000, 0x0000000100000000)
  eden space 22016K, 100% used [0x00000000d5580000,0x00000000d6b00000,0x00000000d6b00000)
  from space 512K, 75% used [0x00000000d6c80000,0x00000000d6ce0000,0x00000000d6d00000)
  to   space 512K, 0% used [0x00000000d6c00000,0x00000000d6c00000,0x00000000d6c80000)
 ParOldGen       total 68608K, used 32464K [0x0000000080000000, 0x0000000084300000, 0x00000000d5580000)
  object space 68608K, 47% used [0x0000000080000000,0x0000000081fb4120,0x0000000084300000)
 Metaspace       used 39454K, committed 40512K, reserved 1114112K
  class space    used 3942K, committed 4416K, reserved 1048576K
}
Event: 10.600 GC heap after
{Heap after GC invocations=27 (full 2):
 PSYoungGen      total 22528K, used 512K [0x00000000d5580000, 0x00000000d6d00000, 0x0000000100000000)
  eden space 22016K, 0% used [0x00000000d5580000,0x00000000d5580000,0x00000000d6b00000)
  from space 512K, 100% used [0x00000000d6c00000,0x00000000d6c80000,0x00000000d6c80000)
  to   space 512K, 0% used [0x00000000d6c80000,0x00000000d6c80000,0x00000000d6d00000)
 ParOldGen       total 68608K, used 32720K [0x0000000080000000, 0x0000000084300000, 0x00000000d5580000)
  object space 68608K, 47% used [0x0000000080000000,0x0000000081ff4130,0x0000000084300000)
 Metaspace       used 39454K, committed 40512K, reserved 1114112K
  class space    used 3942K, committed 4416K, reserved 1048576K
}
Event: 11.403 GC heap before
{Heap before GC invocations=28 (full 2):
 PSYoungGen      total 22528K, used 22528K [0x00000000d5580000, 0x00000000d6d00000, 0x0000000100000000)
  eden space 22016K, 100% used [0x00000000d5580000,0x00000000d6b00000,0x00000000d6b00000)
  from space 512K, 100% used [0x00000000d6c00000,0x00000000d6c80000,0x00000000d6c80000)
  to   space 512K, 0% used [0x00000000d6c80000,0x00000000d6c80000,0x00000000d6d00000)
 ParOldGen       total 68608K, used 32720K [0x0000000080000000, 0x0000000084300000, 0x00000000d5580000)
  object space 68608K, 47% used [0x0000000080000000,0x0000000081ff4130,0x0000000084300000)
 Metaspace       used 39688K, committed 40640K, reserved 1114112K
  class space    used 3966K, committed 4416K, reserved 1048576K
}
Event: 11.404 GC heap after
{Heap after GC invocations=28 (full 2):
 PSYoungGen      total 22528K, used 496K [0x00000000d5580000, 0x00000000d6d00000, 0x0000000100000000)
  eden space 22016K, 0% used [0x00000000d5580000,0x00000000d5580000,0x00000000d6b00000)
  from space 512K, 97% used [0x00000000d6c80000,0x00000000d6cfc340,0x00000000d6d00000)
  to   space 1024K, 0% used [0x00000000d6b00000,0x00000000d6b00000,0x00000000d6c00000)
 ParOldGen       total 68608K, used 32975K [0x0000000080000000, 0x0000000084300000, 0x00000000d5580000)
  object space 68608K, 48% used [0x0000000080000000,0x0000000082033e08,0x0000000084300000)
 Metaspace       used 39688K, committed 40640K, reserved 1114112K
  class space    used 3966K, committed 4416K, reserved 1048576K
}
Event: 11.739 GC heap before
{Heap before GC invocations=29 (full 2):
 PSYoungGen      total 22528K, used 22512K [0x00000000d5580000, 0x00000000d6d00000, 0x0000000100000000)
  eden space 22016K, 100% used [0x00000000d5580000,0x00000000d6b00000,0x00000000d6b00000)
  from space 512K, 97% used [0x00000000d6c80000,0x00000000d6cfc340,0x00000000d6d00000)
  to   space 1024K, 0% used [0x00000000d6b00000,0x00000000d6b00000,0x00000000d6c00000)
 ParOldGen       total 68608K, used 32975K [0x0000000080000000, 0x0000000084300000, 0x00000000d5580000)
  object space 68608K, 48% used [0x0000000080000000,0x0000000082033e08,0x0000000084300000)
 Metaspace       used 39815K, committed 40768K, reserved 1114112K
  class space    used 3969K, committed 4416K, reserved 1048576K
}
Event: 11.741 GC heap after
{Heap after GC invocations=29 (full 2):
 PSYoungGen      total 23040K, used 704K [0x00000000d5580000, 0x00000000d6d00000, 0x0000000100000000)
  eden space 22016K, 0% used [0x00000000d5580000,0x00000000d5580000,0x00000000d6b00000)
  from space 1024K, 68% used [0x00000000d6b00000,0x00000000d6bb0020,0x00000000d6c00000)
  to   space 1024K, 0% used [0x00000000d6c00000,0x00000000d6c00000,0x00000000d6d00000)
 ParOldGen       total 68608K, used 33376K [0x0000000080000000, 0x0000000084300000, 0x00000000d5580000)
  object space 68608K, 48% used [0x0000000080000000,0x0000000082098148,0x0000000084300000)
 Metaspace       used 39815K, committed 40768K, reserved 1114112K
  class space    used 3969K, committed 4416K, reserved 1048576K
}
Event: 12.089 GC heap before
{Heap before GC invocations=30 (full 2):
 PSYoungGen      total 23040K, used 22720K [0x00000000d5580000, 0x00000000d6d00000, 0x0000000100000000)
  eden space 22016K, 100% used [0x00000000d5580000,0x00000000d6b00000,0x00000000d6b00000)
  from space 1024K, 68% used [0x00000000d6b00000,0x00000000d6bb0020,0x00000000d6c00000)
  to   space 1024K, 0% used [0x00000000d6c00000,0x00000000d6c00000,0x00000000d6d00000)
 ParOldGen       total 68608K, used 33376K [0x0000000080000000, 0x0000000084300000, 0x00000000d5580000)
  object space 68608K, 48% used [0x0000000080000000,0x0000000082098148,0x0000000084300000)
 Metaspace       used 39882K, committed 40832K, reserved 1114112K
  class space    used 3970K, committed 4416K, reserved 1048576K
}
Event: 12.090 GC heap after
{Heap after GC invocations=30 (full 2):
 PSYoungGen      total 23040K, used 592K [0x00000000d5580000, 0x00000000d6d00000, 0x0000000100000000)
  eden space 22016K, 0% used [0x00000000d5580000,0x00000000d5580000,0x00000000d6b00000)
  from space 1024K, 57% used [0x00000000d6c00000,0x00000000d6c94010,0x00000000d6d00000)
  to   space 1024K, 0% used [0x00000000d6b00000,0x00000000d6b00000,0x00000000d6c00000)
 ParOldGen       total 68608K, used 33636K [0x0000000080000000, 0x0000000084300000, 0x00000000d5580000)
  object space 68608K, 49% used [0x0000000080000000,0x00000000820d9320,0x0000000084300000)
 Metaspace       used 39882K, committed 40832K, reserved 1114112K
  class space    used 3970K, committed 4416K, reserved 1048576K
}
Event: 12.273 GC heap before
{Heap before GC invocations=31 (full 2):
 PSYoungGen      total 23040K, used 22608K [0x00000000d5580000, 0x00000000d6d00000, 0x0000000100000000)
  eden space 22016K, 100% used [0x00000000d5580000,0x00000000d6b00000,0x00000000d6b00000)
  from space 1024K, 57% used [0x00000000d6c00000,0x00000000d6c94010,0x00000000d6d00000)
  to   space 1024K, 0% used [0x00000000d6b00000,0x00000000d6b00000,0x00000000d6c00000)
 ParOldGen       total 68608K, used 33636K [0x0000000080000000, 0x0000000084300000, 0x00000000d5580000)
  object space 68608K, 49% used [0x0000000080000000,0x00000000820d9320,0x0000000084300000)
 Metaspace       used 39922K, committed 40896K, reserved 1114112K
  class space    used 3971K, committed 4480K, reserved 1048576K
}
Event: 12.274 GC heap after
{Heap after GC invocations=31 (full 2):
 PSYoungGen      total 23040K, used 544K [0x00000000d5580000, 0x00000000d6d00000, 0x0000000100000000)
  eden space 22016K, 0% used [0x00000000d5580000,0x00000000d5580000,0x00000000d6b00000)
  from space 1024K, 53% used [0x00000000d6b00000,0x00000000d6b88000,0x00000000d6c00000)
  to   space 1024K, 0% used [0x00000000d6c00000,0x00000000d6c00000,0x00000000d6d00000)
 ParOldGen       total 68608K, used 33852K [0x0000000080000000, 0x0000000084300000, 0x00000000d5580000)
  object space 68608K, 49% used [0x0000000080000000,0x000000008210f320,0x0000000084300000)
 Metaspace       used 39922K, committed 40896K, reserved 1114112K
  class space    used 3971K, committed 4480K, reserved 1048576K
}
Event: 13.156 GC heap before
{Heap before GC invocations=32 (full 2):
 PSYoungGen      total 23040K, used 22560K [0x00000000d5580000, 0x00000000d6d00000, 0x0000000100000000)
  eden space 22016K, 100% used [0x00000000d5580000,0x00000000d6b00000,0x00000000d6b00000)
  from space 1024K, 53% used [0x00000000d6b00000,0x00000000d6b88000,0x00000000d6c00000)
  to   space 1024K, 0% used [0x00000000d6c00000,0x00000000d6c00000,0x00000000d6d00000)
 ParOldGen       total 68608K, used 33852K [0x0000000080000000, 0x0000000084300000, 0x00000000d5580000)
  object space 68608K, 49% used [0x0000000080000000,0x000000008210f320,0x0000000084300000)
 Metaspace       used 40036K, committed 41088K, reserved 1114112K
  class space    used 3978K, committed 4480K, reserved 1048576K
}
Event: 13.158 GC heap after
{Heap after GC invocations=32 (full 2):
 PSYoungGen      total 23040K, used 687K [0x00000000d5580000, 0x00000000d6d00000, 0x0000000100000000)
  eden space 22016K, 0% used [0x00000000d5580000,0x00000000d5580000,0x00000000d6b00000)
  from space 1024K, 67% used [0x00000000d6c00000,0x00000000d6cabc38,0x00000000d6d00000)
  to   space 1024K, 0% used [0x00000000d6b00000,0x00000000d6b00000,0x00000000d6c00000)
 ParOldGen       total 68608K, used 34104K [0x0000000080000000, 0x0000000084300000, 0x00000000d5580000)
  object space 68608K, 49% used [0x0000000080000000,0x000000008214e3c0,0x0000000084300000)
 Metaspace       used 40036K, committed 41088K, reserved 1114112K
  class space    used 3978K, committed 4480K, reserved 1048576K
}

Dll operation events (10 events):
Event: 0.014 Loaded shared library c:\Users\admin\.antigravity\extensions\redhat.java-1.51.0-win32-x64\jre\21.0.9-win32-x86_64\bin\java.dll
Event: 0.088 Loaded shared library c:\Users\admin\.antigravity\extensions\redhat.java-1.51.0-win32-x64\jre\21.0.9-win32-x86_64\bin\zip.dll
Event: 0.108 Loaded shared library C:\Users\admin\.antigravity\extensions\redhat.java-1.51.0-win32-x64\jre\21.0.9-win32-x86_64\bin\instrument.dll
Event: 0.112 Loaded shared library C:\Users\admin\.antigravity\extensions\redhat.java-1.51.0-win32-x64\jre\21.0.9-win32-x86_64\bin\net.dll
Event: 0.114 Loaded shared library C:\Users\admin\.antigravity\extensions\redhat.java-1.51.0-win32-x64\jre\21.0.9-win32-x86_64\bin\nio.dll
Event: 0.118 Loaded shared library C:\Users\admin\.antigravity\extensions\redhat.java-1.51.0-win32-x64\jre\21.0.9-win32-x86_64\bin\zip.dll
Event: 0.141 Loaded shared library C:\Users\admin\.antigravity\extensions\redhat.java-1.51.0-win32-x64\jre\21.0.9-win32-x86_64\bin\jimage.dll
Event: 0.218 Loaded shared library c:\Users\admin\.antigravity\extensions\redhat.java-1.51.0-win32-x64\jre\21.0.9-win32-x86_64\bin\verify.dll
Event: 2.362 Loaded shared library C:\Users\admin\AppData\Roaming\Antigravity\User\globalStorage\redhat.java\1.51.0\config_ss_win\org.eclipse.equinox.launcher\org.eclipse.equinox.launcher.win32.win32.x86_64_1.2.1400.v20250801-0854\eclipse_11916.dll
Event: 4.179 Loaded shared library C:\Users\admin\AppData\Local\Temp\jna-92668751\jna7908667778799068255.dll

Deoptimization events (20 events):
Event: 13.639 Thread 0x000002a417723230 Uncommon trap: trap_request=0xffffff45 fr.pc=0x000002a3c3263880 relative=0x0000000000000320
Event: 13.639 Thread 0x000002a417723230 Uncommon trap: reason=unstable_if action=reinterpret pc=0x000002a3c3263880 method=jdk.internal.jimage.ImageStringsReader.stringFromByteBufferMatches(Ljava/nio/ByteBuffer;ILjava/lang/String;I)I @ 59 c2
Event: 13.639 Thread 0x000002a417723230 DEOPT PACKING pc=0x000002a3c3263880 sp=0x000000e31a3fcc80
Event: 13.639 Thread 0x000002a417723230 DEOPT UNPACKING pc=0x000002a3c2b23aa2 sp=0x000000e31a3fcbf8 mode 2
Event: 13.639 Thread 0x000002a417723230 Uncommon trap: trap_request=0xffffff45 fr.pc=0x000002a3c327ceb4 relative=0x00000000000008b4
Event: 13.639 Thread 0x000002a417723230 Uncommon trap: reason=unstable_if action=reinterpret pc=0x000002a3c327ceb4 method=jdk.internal.jrtfs.JrtFileSystem.checkNode(Ljdk/internal/jrtfs/JrtPath;)Ljdk/internal/jimage/ImageReader$Node; @ 16 c2
Event: 13.639 Thread 0x000002a417723230 DEOPT PACKING pc=0x000002a3c327ceb4 sp=0x000000e31a3fcf70
Event: 13.639 Thread 0x000002a417723230 DEOPT UNPACKING pc=0x000002a3c2b23aa2 sp=0x000000e31a3fcf80 mode 2
Event: 13.663 Thread 0x000002a417723230 Uncommon trap: trap_request=0xffffff6e fr.pc=0x000002a3c32ef6b8 relative=0x00000000000003f8
Event: 13.663 Thread 0x000002a417723230 Uncommon trap: reason=loop_limit_check action=maybe_recompile pc=0x000002a3c32ef6b8 method=org.eclipse.jdt.internal.compiler.classfmt.ClassFileStruct.utf8At(II)[C @ 143 c2
Event: 13.663 Thread 0x000002a417723230 DEOPT PACKING pc=0x000002a3c32ef6b8 sp=0x000000e31a3fcfb0
Event: 13.663 Thread 0x000002a417723230 DEOPT UNPACKING pc=0x000002a3c2b23aa2 sp=0x000000e31a3fcf48 mode 2
Event: 13.663 Thread 0x000002a417723230 Uncommon trap: trap_request=0xffffffde fr.pc=0x000002a3c3491ae8 relative=0x00000000000008e8
Event: 13.663 Thread 0x000002a417723230 Uncommon trap: reason=class_check action=maybe_recompile pc=0x000002a3c3491ae8 method=org.eclipse.jdt.internal.core.JavaModelCache.putInfo(Lorg/eclipse/jdt/core/IJavaElement;Lorg/eclipse/jdt/internal/compiler/env/IElementInfo;)V @ 153 c2
Event: 13.663 Thread 0x000002a417723230 DEOPT PACKING pc=0x000002a3c3491ae8 sp=0x000000e31a3fd700
Event: 13.663 Thread 0x000002a417723230 DEOPT UNPACKING pc=0x000002a3c2b23aa2 sp=0x000000e31a3fd6d8 mode 2
Event: 13.664 Thread 0x000002a417723230 Uncommon trap: trap_request=0xffffff45 fr.pc=0x000002a3c344ae28 relative=0x0000000000000088
Event: 13.664 Thread 0x000002a417723230 Uncommon trap: reason=unstable_if action=reinterpret pc=0x000002a3c344ae28 method=java.util.Arrays.equals([C[C)Z @ 8 c2
Event: 13.664 Thread 0x000002a417723230 DEOPT PACKING pc=0x000002a3c344ae28 sp=0x000000e31a3fdb40
Event: 13.664 Thread 0x000002a417723230 DEOPT UNPACKING pc=0x000002a3c2b23aa2 sp=0x000000e31a3fdac8 mode 2

Classes loaded (20 events):
Event: 13.416 Loading class java/util/concurrent/CompletableFuture$UniApply
Event: 13.416 Loading class java/util/concurrent/CompletableFuture$UniCompletion
Event: 13.416 Loading class java/util/concurrent/CompletableFuture$UniCompletion done
Event: 13.416 Loading class java/util/concurrent/CompletableFuture$UniApply done
Event: 13.417 Loading class java/util/concurrent/CancellationException
Event: 13.417 Loading class java/util/concurrent/CancellationException done
Event: 13.417 Loading class java/util/concurrent/CompletableFuture$UniAccept
Event: 13.418 Loading class java/util/concurrent/CompletableFuture$UniAccept done
Event: 13.418 Loading class java/util/concurrent/CompletableFuture$UniExceptionally
Event: 13.418 Loading class java/util/concurrent/CompletableFuture$UniExceptionally done
Event: 13.421 Loading class java/util/concurrent/CompletionException
Event: 13.421 Loading class java/util/concurrent/CompletionException done
Event: 13.513 Loading class java/lang/UnsupportedClassVersionError
Event: 13.513 Loading class java/lang/UnsupportedClassVersionError done
Event: 13.513 Loading class java/io/FileReader
Event: 13.513 Loading class java/io/FileReader done
Event: 13.627 Loading class java/util/stream/ReduceOps$4
Event: 13.628 Loading class java/util/stream/ReduceOps$4 done
Event: 13.628 Loading class java/util/stream/ReduceOps$4ReducingSink
Event: 13.628 Loading class java/util/stream/ReduceOps$4ReducingSink done

Classes unloaded (7 events):
Event: 4.646 Thread 0x000002a3cedf28c0 Unloading class 0x000002a3d018d400 'java/lang/invoke/LambdaForm$MH+0x000002a3d018d400'
Event: 4.646 Thread 0x000002a3cedf28c0 Unloading class 0x000002a3d018d000 'java/lang/invoke/LambdaForm$MH+0x000002a3d018d000'
Event: 4.646 Thread 0x000002a3cedf28c0 Unloading class 0x000002a3d018cc00 'java/lang/invoke/LambdaForm$MH+0x000002a3d018cc00'
Event: 4.646 Thread 0x000002a3cedf28c0 Unloading class 0x000002a3d018c800 'java/lang/invoke/LambdaForm$MH+0x000002a3d018c800'
Event: 4.646 Thread 0x000002a3cedf28c0 Unloading class 0x000002a3d018c400 'java/lang/invoke/LambdaForm$BMH+0x000002a3d018c400'
Event: 4.646 Thread 0x000002a3cedf28c0 Unloading class 0x000002a3d018c000 'java/lang/invoke/LambdaForm$DMH+0x000002a3d018c000'
Event: 4.646 Thread 0x000002a3cedf28c0 Unloading class 0x000002a3d018ac00 'java/lang/invoke/LambdaForm$DMH+0x000002a3d018ac00'

Classes redefined (0 events):
No events

Internal exceptions (20 events):
Event: 6.273 Thread 0x000002a417722510 Exception <a 'java/lang/NoSuchMethodError'{0x00000000d6a7d3e8}: 'int java.lang.invoke.DirectMethodHandle$Holder.invokeStaticInit(java.lang.Object, float, float)'> (0x00000000d6a7d3e8) 
thrown [s\src\hotspot\share\interpreter\linkResolver.cpp, line 773]
Event: 6.274 Thread 0x000002a417722510 Exception <a 'java/lang/NoSuchMethodError'{0x00000000d6a84128}: 'int java.lang.invoke.DirectMethodHandle$Holder.invokeStaticInit(java.lang.Object, double, double)'> (0x00000000d6a84128) 
thrown [s\src\hotspot\share\interpreter\linkResolver.cpp, line 773]
Event: 6.274 Thread 0x000002a417722510 Exception <a 'java/lang/NoSuchMethodError'{0x00000000d6a88940}: 'int java.lang.invoke.DirectMethodHandle$Holder.invokeStatic(java.lang.Object, long)'> (0x00000000d6a88940) 
thrown [s\src\hotspot\share\interpreter\linkResolver.cpp, line 773]
Event: 6.276 Thread 0x000002a417722510 Exception <a 'java/lang/NoSuchMethodError'{0x00000000d6aa7d48}: 'int java.lang.invoke.Invokers$Holder.linkToTargetMethod(java.lang.Object, java.lang.Object)'> (0x00000000d6aa7d48) 
thrown [s\src\hotspot\share\interpreter\linkResolver.cpp, line 773]
Event: 7.374 Thread 0x000002a417722510 Exception <a 'java/lang/NoSuchMethodError'{0x00000000d6534820}: 'java.lang.Object java.lang.invoke.DirectMethodHandle$Holder.invokeVirtual(java.lang.Object, java.lang.Object, int)'> (0x00000000d6534820) 
thrown [s\src\hotspot\share\interpreter\linkResolver.cpp, line 773]
Event: 9.732 Thread 0x000002a417722510 Exception <a 'java/lang/NoSuchMethodError'{0x00000000d57662c8}: 'java.lang.Object java.lang.invoke.DirectMethodHandle$Holder.invokeStatic(java.lang.Object, java.lang.Object, int, int)'> (0x00000000d57662c8) 
thrown [s\src\hotspot\share\interpreter\linkResolver.cpp, line 773]
Event: 9.733 Thread 0x000002a417722510 Exception <a 'java/lang/NoSuchMethodError'{0x00000000d576a6c8}: 'java.lang.Object java.lang.invoke.DirectMethodHandle$Holder.invokeSpecial(java.lang.Object, java.lang.Object, java.lang.Object, int, int)'> (0x00000000d576a6c8) 
thrown [s\src\hotspot\share\interpreter\linkResolver.cpp, line 773]
Event: 10.058 Thread 0x000002a417722510 Implicit null exception at 0x000002a3c30e27db to 0x000002a3c30e29a9
Event: 10.967 Thread 0x000002a417722510 Implicit null exception at 0x000002a3c3120c25 to 0x000002a3c3120fd4
Event: 12.708 Thread 0x000002a41686da60 Exception <a 'java/lang/NoSuchMethodError'{0x00000000d58b4e50}: 'java.lang.Object java.lang.invoke.DirectMethodHandle$Holder.invokeSpecial(java.lang.Object, java.lang.Object, int, long)'> (0x00000000d58b4e50) 
thrown [s\src\hotspot\share\interpreter\linkResolver.cpp, line 773]
Event: 13.413 Thread 0x000002a417722510 Exception <a 'java/lang/IncompatibleClassChangeError'{0x00000000d6109f40}: Found class java.lang.Object, but interface was expected> (0x00000000d6109f40) 
thrown [s\src\hotspot\share\interpreter\linkResolver.cpp, line 840]
Event: 13.418 Thread 0x000002a417722510 Exception <a 'java/lang/IncompatibleClassChangeError'{0x00000000d6145f40}: Found class java.lang.Object, but interface was expected> (0x00000000d6145f40) 
thrown [s\src\hotspot\share\interpreter\linkResolver.cpp, line 840]
Event: 13.498 Thread 0x000002a417725990 Exception <a 'java/lang/ArrayIndexOutOfBoundsException'{0x00000000d633c208}> (0x00000000d633c208) 
thrown [s\src\hotspot\share\runtime\sharedRuntime.cpp, line 625]
Event: 13.535 Thread 0x000002a417723230 Exception <a 'java/lang/NoSuchMethodError'{0x00000000d6437798}: 'int java.lang.invoke.Invokers$Holder.invokeExact_MT(java.lang.Object, java.lang.Object)'> (0x00000000d6437798) 
thrown [s\src\hotspot\share\interpreter\linkResolver.cpp, line 773]
Event: 13.579 Thread 0x000002a417723230 Exception <a 'java/lang/NoSuchMethodError'{0x00000000d65f11a0}: 'int java.lang.invoke.DirectMethodHandle$Holder.invokeInterface(java.lang.Object, java.lang.Object)'> (0x00000000d65f11a0) 
thrown [s\src\hotspot\share\interpreter\linkResolver.cpp, line 773]
Event: 13.580 Thread 0x000002a417723230 Exception <a 'java/lang/IncompatibleClassChangeError'{0x00000000d65f46b0}: Found class java.lang.Object, but interface was expected> (0x00000000d65f46b0) 
thrown [s\src\hotspot\share\interpreter\linkResolver.cpp, line 840]
Event: 13.631 Thread 0x000002a417723230 Exception <a 'java/lang/NoSuchMethodError'{0x00000000d68dea38}: 'int java.lang.invoke.DirectMethodHandle$Holder.invokeSpecialIFC(java.lang.Object, java.lang.Object, java.lang.Object)'> (0x00000000d68dea38) 
thrown [s\src\hotspot\share\interpreter\linkResolver.cpp, line 773]
Event: 13.646 Thread 0x000002a417723230 Exception <a 'java/io/FileNotFoundException'{0x00000000d699bf30}> (0x00000000d699bf30) 
thrown [s\src\hotspot\share\prims\jni.cpp, line 520]
Event: 13.646 Thread 0x000002a417723230 Exception <a 'java/io/FileNotFoundException'{0x00000000d699cf48}> (0x00000000d699cf48) 
thrown [s\src\hotspot\share\prims\jni.cpp, line 520]
Event: 13.664 Thread 0x000002a417723230 Implicit null exception at 0x000002a3c344adc9 to 0x000002a3c344ae1a

ZGC Phase Switch (0 events):
No events

VM Operations (20 events):
Event: 11.047 Executing VM operation: ICBufferFull
Event: 11.047 Executing VM operation: ICBufferFull done
Event: 11.136 Executing VM operation: HandshakeAllThreads (Deoptimize)
Event: 11.136 Executing VM operation: HandshakeAllThreads (Deoptimize) done
Event: 11.403 Executing VM operation: ParallelGCFailedAllocation (Allocation Failure)
Event: 11.404 Executing VM operation: ParallelGCFailedAllocation (Allocation Failure) done
Event: 11.739 Executing VM operation: ParallelGCFailedAllocation (Allocation Failure)
Event: 11.741 Executing VM operation: ParallelGCFailedAllocation (Allocation Failure) done
Event: 12.089 Executing VM operation: ParallelGCFailedAllocation (Allocation Failure)
Event: 12.090 Executing VM operation: ParallelGCFailedAllocation (Allocation Failure) done
Event: 12.273 Executing VM operation: ParallelGCFailedAllocation (Allocation Failure)
Event: 12.274 Executing VM operation: ParallelGCFailedAllocation (Allocation Failure) done
Event: 13.156 Executing VM operation: ParallelGCFailedAllocation (Allocation Failure)
Event: 13.158 Executing VM operation: ParallelGCFailedAllocation (Allocation Failure) done
Event: 13.469 Executing VM operation: HandshakeAllThreads (Deoptimize)
Event: 13.509 Executing VM operation: HandshakeAllThreads (Deoptimize) done
Event: 13.518 Executing VM operation: HandshakeAllThreads (Deoptimize)
Event: 13.518 Executing VM operation: HandshakeAllThreads (Deoptimize) done
Event: 13.635 Executing VM operation: HandshakeAllThreads (Deoptimize)
Event: 13.635 Executing VM operation: HandshakeAllThreads (Deoptimize) done

Memory protections (0 events):
No events

Nmethod flushes (20 events):
Event: 8.133 Thread 0x000002a3cedf28c0 flushing  nmethod 0x000002a3bb9e7110
Event: 8.133 Thread 0x000002a3cedf28c0 flushing  nmethod 0x000002a3bb9e7b10
Event: 8.133 Thread 0x000002a3cedf28c0 flushing  nmethod 0x000002a3bb9ec410
Event: 8.133 Thread 0x000002a3cedf28c0 flushing  nmethod 0x000002a3bb9eef90
Event: 8.133 Thread 0x000002a3cedf28c0 flushing  nmethod 0x000002a3bba0dc90
Event: 8.133 Thread 0x000002a3cedf28c0 flushing  nmethod 0x000002a3bba0e110
Event: 8.133 Thread 0x000002a3cedf28c0 flushing  nmethod 0x000002a3bba0e490
Event: 8.133 Thread 0x000002a3cedf28c0 flushing  nmethod 0x000002a3bba19210
Event: 8.133 Thread 0x000002a3cedf28c0 flushing  nmethod 0x000002a3bba1bb10
Event: 8.133 Thread 0x000002a3cedf28c0 flushing  nmethod 0x000002a3bba25f90
Event: 8.133 Thread 0x000002a3cedf28c0 flushing  nmethod 0x000002a3bba44590
Event: 8.133 Thread 0x000002a3cedf28c0 flushing  nmethod 0x000002a3bba48790
Event: 8.133 Thread 0x000002a3cedf28c0 flushing  nmethod 0x000002a3bba49490
Event: 8.133 Thread 0x000002a3cedf28c0 flushing  nmethod 0x000002a3bba82910
Event: 8.133 Thread 0x000002a3cedf28c0 flushing  nmethod 0x000002a3bba83390
Event: 8.133 Thread 0x000002a3cedf28c0 flushing  nmethod 0x000002a3bba8c090
Event: 8.133 Thread 0x000002a3cedf28c0 flushing  nmethod 0x000002a3bba95610
Event: 8.133 Thread 0x000002a3cedf28c0 flushing  nmethod 0x000002a3bba98010
Event: 8.133 Thread 0x000002a3cedf28c0 flushing  nmethod 0x000002a3bba98a90
Event: 8.133 Thread 0x000002a3cedf28c0 flushing  nmethod 0x000002a3bba99590

Events (20 events):
Event: 5.573 Thread 0x000002a3b83906a0 Thread added: 0x000002a417f18090
Event: 5.573 Thread 0x000002a3b83906a0 Thread added: 0x000002a417f16ce0
Event: 5.573 Thread 0x000002a3b83906a0 Thread added: 0x000002a417f17370
Event: 5.573 Thread 0x000002a3b83906a0 Thread added: 0x000002a417f18db0
Event: 5.573 Thread 0x000002a3b83906a0 Thread added: 0x000002a417f15fc0
Event: 5.597 Thread 0x000002a3b83906a0 Thread added: 0x000002a41771f090
Event: 5.711 Thread 0x000002a41686d400 Thread added: 0x000002a417721e80
Event: 5.796 Thread 0x000002a3b83906a0 Thread added: 0x000002a417724c70
Event: 5.797 Thread 0x000002a3b83906a0 Thread added: 0x000002a417722510
Event: 5.896 Thread 0x000002a3cee1b090 Thread added: 0x000002a417062550
Event: 7.020 Thread 0x000002a417062550 Thread exited: 0x000002a417062550
Event: 7.926 Thread 0x000002a417064760 Thread exited: 0x000002a417064760
Event: 8.716 Thread 0x000002a3cee1b090 Thread added: 0x000002a417062550
Event: 12.630 Thread 0x000002a417062550 Thread exited: 0x000002a417062550
Event: 12.850 Thread 0x000002a3cee1b090 Thread added: 0x000002a417061e80
Event: 13.365 Thread 0x000002a417061e80 Thread exited: 0x000002a417061e80
Event: 13.417 Thread 0x000002a417722510 Thread added: 0x000002a417723230
Event: 13.446 Thread 0x000002a417723230 Thread added: 0x000002a41771fdb0
Event: 13.472 Thread 0x000002a417722510 Thread added: 0x000002a417725990
Event: 13.629 Thread 0x000002a3cee1b090 Thread added: 0x000002a417061e80


Dynamic libraries:
0x00007ff73ad60000 - 0x00007ff73ad6e000 	c:\Users\admin\.antigravity\extensions\redhat.java-1.51.0-win32-x64\jre\21.0.9-win32-x86_64\bin\java.exe
0x00007ff863650000 - 0x00007ff863848000 	C:\Windows\SYSTEM32\ntdll.dll
0x00007ff8616f0000 - 0x00007ff8617b2000 	C:\Windows\System32\KERNEL32.DLL
0x00007ff861050000 - 0x00007ff861346000 	C:\Windows\System32\KERNELBASE.dll
0x00007ff861350000 - 0x00007ff861450000 	C:\Windows\System32\ucrtbase.dll
0x00007ff850370000 - 0x00007ff850388000 	c:\Users\admin\.antigravity\extensions\redhat.java-1.51.0-win32-x64\jre\21.0.9-win32-x86_64\bin\jli.dll
0x00007ff862220000 - 0x00007ff8623c1000 	C:\Windows\System32\USER32.dll
0x00007ff860f80000 - 0x00007ff860fa2000 	C:\Windows\System32\win32u.dll
0x00007ff8621f0000 - 0x00007ff86221b000 	C:\Windows\System32\GDI32.dll
0x00007ff860db0000 - 0x00007ff860ec9000 	C:\Windows\System32\gdi32full.dll
0x00007ff860fb0000 - 0x00007ff86104d000 	C:\Windows\System32\msvcp_win.dll
0x00007ff84fcc0000 - 0x00007ff84fcde000 	c:\Users\admin\.antigravity\extensions\redhat.java-1.51.0-win32-x64\jre\21.0.9-win32-x86_64\bin\VCRUNTIME140.dll
0x00007ff849460000 - 0x00007ff8496fb000 	C:\Windows\WinSxS\amd64_microsoft.windows.common-controls_6595b64144ccf1df_6.0.19041.6456_none_60b8a6cb71f64256\COMCTL32.dll
0x00007ff861f70000 - 0x00007ff86200e000 	C:\Windows\System32\msvcrt.dll
0x00007ff8635e0000 - 0x00007ff86360f000 	C:\Windows\System32\IMM32.DLL
0x00007ff856b40000 - 0x00007ff856b4c000 	c:\Users\admin\.antigravity\extensions\redhat.java-1.51.0-win32-x64\jre\21.0.9-win32-x86_64\bin\vcruntime140_1.dll
0x00007ff83f490000 - 0x00007ff83f51d000 	c:\Users\admin\.antigravity\extensions\redhat.java-1.51.0-win32-x64\jre\21.0.9-win32-x86_64\bin\msvcp140.dll
0x00007ff8025b0000 - 0x00007ff803350000 	c:\Users\admin\.antigravity\extensions\redhat.java-1.51.0-win32-x64\jre\21.0.9-win32-x86_64\bin\server\jvm.dll
0x00007ff862920000 - 0x00007ff8629d1000 	C:\Windows\System32\ADVAPI32.dll
0x00007ff8632e0000 - 0x00007ff86337f000 	C:\Windows\System32\sechost.dll
0x00007ff862020000 - 0x00007ff862140000 	C:\Windows\System32\RPCRT4.dll
0x00007ff8615b0000 - 0x00007ff8615d7000 	C:\Windows\System32\bcrypt.dll
0x00007ff863570000 - 0x00007ff8635db000 	C:\Windows\System32\WS2_32.dll
0x00007ff8601e0000 - 0x00007ff86022b000 	C:\Windows\SYSTEM32\POWRPROF.dll
0x00007ff858160000 - 0x00007ff858187000 	C:\Windows\SYSTEM32\WINMM.dll
0x00007ff85e180000 - 0x00007ff85e18a000 	C:\Windows\SYSTEM32\VERSION.dll
0x00007ff8600a0000 - 0x00007ff8600b2000 	C:\Windows\SYSTEM32\UMPDC.dll
0x00007ff85eb30000 - 0x00007ff85eb42000 	C:\Windows\SYSTEM32\kernel.appcore.dll
0x00007ff855f50000 - 0x00007ff855f5a000 	c:\Users\admin\.antigravity\extensions\redhat.java-1.51.0-win32-x64\jre\21.0.9-win32-x86_64\bin\jimage.dll
0x00007ff856cb0000 - 0x00007ff856eb1000 	C:\Windows\SYSTEM32\DBGHELP.DLL
0x00007ff841bc0000 - 0x00007ff841bf4000 	C:\Windows\SYSTEM32\dbgcore.DLL
0x00007ff8615e0000 - 0x00007ff861662000 	C:\Windows\System32\bcryptPrimitives.dll
0x00007ff852d80000 - 0x00007ff852d8f000 	c:\Users\admin\.antigravity\extensions\redhat.java-1.51.0-win32-x64\jre\21.0.9-win32-x86_64\bin\instrument.dll
0x00007ff84b6a0000 - 0x00007ff84b6c0000 	c:\Users\admin\.antigravity\extensions\redhat.java-1.51.0-win32-x64\jre\21.0.9-win32-x86_64\bin\java.dll
0x00007ff862b70000 - 0x00007ff8632e0000 	C:\Windows\System32\SHELL32.dll
0x00007ff85ed30000 - 0x00007ff85f4d5000 	C:\Windows\SYSTEM32\windows.storage.dll
0x00007ff8623d0000 - 0x00007ff862724000 	C:\Windows\System32\combase.dll
0x00007ff860630000 - 0x00007ff86065b000 	C:\Windows\SYSTEM32\Wldp.dll
0x00007ff8617c0000 - 0x00007ff86188d000 	C:\Windows\System32\OLEAUT32.dll
0x00007ff862790000 - 0x00007ff86283d000 	C:\Windows\System32\SHCORE.dll
0x00007ff862730000 - 0x00007ff86278b000 	C:\Windows\System32\shlwapi.dll
0x00007ff860c10000 - 0x00007ff860c34000 	C:\Windows\SYSTEM32\profapi.dll
0x00007ff850880000 - 0x00007ff850898000 	c:\Users\admin\.antigravity\extensions\redhat.java-1.51.0-win32-x64\jre\21.0.9-win32-x86_64\bin\zip.dll
0x00007ff851860000 - 0x00007ff851870000 	C:\Users\admin\.antigravity\extensions\redhat.java-1.51.0-win32-x64\jre\21.0.9-win32-x86_64\bin\net.dll
0x00007ff85ab70000 - 0x00007ff85ac7a000 	C:\Windows\SYSTEM32\WINHTTP.dll
0x00007ff860410000 - 0x00007ff86047a000 	C:\Windows\system32\mswsock.dll
0x00007ff84ac40000 - 0x00007ff84ac56000 	C:\Users\admin\.antigravity\extensions\redhat.java-1.51.0-win32-x64\jre\21.0.9-win32-x86_64\bin\nio.dll
0x00007ff851270000 - 0x00007ff851280000 	c:\Users\admin\.antigravity\extensions\redhat.java-1.51.0-win32-x64\jre\21.0.9-win32-x86_64\bin\verify.dll
0x00007ff8467d0000 - 0x00007ff846814000 	C:\Users\admin\AppData\Roaming\Antigravity\User\globalStorage\redhat.java\1.51.0\config_ss_win\org.eclipse.equinox.launcher\org.eclipse.equinox.launcher.win32.win32.x86_64_1.2.1400.v20250801-0854\eclipse_11916.dll
0x00007ff8629e0000 - 0x00007ff862b0b000 	C:\Windows\System32\ole32.dll
0x00007ff860670000 - 0x00007ff860688000 	C:\Windows\SYSTEM32\CRYPTSP.dll
0x00007ff85fce0000 - 0x00007ff85fd18000 	C:\Windows\system32\rsaenh.dll
0x00007ff860bd0000 - 0x00007ff860bfe000 	C:\Windows\SYSTEM32\USERENV.dll
0x00007ff8605a0000 - 0x00007ff8605ac000 	C:\Windows\SYSTEM32\CRYPTBASE.dll
0x00007ff8600c0000 - 0x00007ff8600fb000 	C:\Windows\SYSTEM32\IPHLPAPI.DLL
0x00007ff863550000 - 0x00007ff863558000 	C:\Windows\System32\NSI.dll
0x00007ff846770000 - 0x00007ff8467b9000 	C:\Users\admin\AppData\Local\Temp\jna-92668751\jna7908667778799068255.dll
0x00007ff863560000 - 0x00007ff863568000 	C:\Windows\System32\PSAPI.DLL
0x00007ff85b7f0000 - 0x00007ff85b807000 	C:\Windows\SYSTEM32\dhcpcsvc6.DLL
0x00007ff85ba70000 - 0x00007ff85ba8d000 	C:\Windows\SYSTEM32\dhcpcsvc.DLL

JVMTI agents:
c:\Users\admin\.antigravity\extensions\redhat.java-1.51.0-win32-x64\lombok\lombok-1.18.39-4050.jar path:c:\Users\admin\.antigravity\extensions\redhat.java-1.51.0-win32-x64\jre\21.0.9-win32-x86_64\bin\instrument.dll, loaded, initialized, instrumentlib options:none

dbghelp: loaded successfully - version: 4.0.5 - missing functions: none
symbol engine: initialized successfully - sym options: 0x614 - pdb path: .;c:\Users\admin\.antigravity\extensions\redhat.java-1.51.0-win32-x64\jre\21.0.9-win32-x86_64\bin;C:\Windows\SYSTEM32;C:\Windows\WinSxS\amd64_microsoft.windows.common-controls_6595b64144ccf1df_6.0.19041.6456_none_60b8a6cb71f64256;c:\Users\admin\.antigravity\extensions\redhat.java-1.51.0-win32-x64\jre\21.0.9-win32-x86_64\bin\server;C:\Users\admin\AppData\Roaming\Antigravity\User\globalStorage\redhat.java\1.51.0\config_ss_win\org.eclipse.equinox.launcher\org.eclipse.equinox.launcher.win32.win32.x86_64_1.2.1400.v20250801-0854;C:\Users\admin\AppData\Local\Temp\jna-92668751

VM Arguments:
jvm_args: --add-modules=ALL-SYSTEM --add-opens=java.base/java.util=ALL-UNNAMED --add-opens=java.base/java.lang=ALL-UNNAMED --add-opens=java.base/sun.nio.fs=ALL-UNNAMED -Declipse.application=org.eclipse.jdt.ls.core.id1 -Dosgi.bundles.defaultStartLevel=4 -Declipse.product=org.eclipse.jdt.ls.core.product -Djava.import.generatesMetadataFilesAtProjectRoot=false -DDetectVMInstallationsJob.disabled=true -Dfile.encoding=utf8 -XX:+UseParallelGC -XX:GCTimeRatio=4 -XX:AdaptiveSizePolicyWeight=90 -Dsun.zip.disableMemoryMapping=true -Xmx2G -Xms100m -Xlog:disable -javaagent:c:\Users\admin\.antigravity\extensions\redhat.java-1.51.0-win32-x64\lombok\lombok-1.18.39-4050.jar 
java_command: c:\Users\admin\.antigravity\extensions\redhat.java-1.51.0-win32-x64\server\plugins\org.eclipse.equinox.launcher_1.7.100.v20251111-0406.jar -configuration c:\Users\admin\AppData\Roaming\Antigravity\User\globalStorage\redhat.java\1.51.0\config_ss_win -data c:\Users\admin\AppData\Roaming\Antigravity\User\workspaceStorage\3a11347a5b96c6bbc27a4b80f07e4894\redhat.java\ss_ws --pipe=\\.\pipe\lsp-c2c2ea6cdf3440cac6cf56bfbe31edad-sock
java_class_path (initial): c:\Users\admin\.antigravity\extensions\redhat.java-1.51.0-win32-x64\server\plugins\org.eclipse.equinox.launcher_1.7.100.v20251111-0406.jar
Launcher Type: SUN_STANDARD

[Global flags]
    uintx AdaptiveSizePolicyWeight                 = 90                                        {product} {command line}
     intx CICompilerCount                          = 4                                         {product} {ergonomic}
    uintx GCTimeRatio                              = 4                                         {product} {command line}
   size_t InitialHeapSize                          = 104857600                                 {product} {command line}
   size_t MaxHeapSize                              = 2147483648                                {product} {command line}
   size_t MaxNewSize                               = 715653120                                 {product} {ergonomic}
   size_t MinHeapDeltaBytes                        = 524288                                    {product} {ergonomic}
   size_t MinHeapSize                              = 104857600                                 {product} {command line}
   size_t NewSize                                  = 34603008                                  {product} {ergonomic}
    uintx NonNMethodCodeHeapSize                   = 5839372                                {pd product} {ergonomic}
    uintx NonProfiledCodeHeapSize                  = 122909434                              {pd product} {ergonomic}
   size_t OldSize                                  = 70254592                                  {product} {ergonomic}
    uintx ProfiledCodeHeapSize                     = 122909434                              {pd product} {ergonomic}
    uintx ReservedCodeCacheSize                    = 251658240                              {pd product} {ergonomic}
     bool SegmentedCodeCache                       = true                                      {product} {ergonomic}
   size_t SoftMaxHeapSize                          = 2147483648                             {manageable} {ergonomic}
     bool UseCompressedOops                        = true                           {product lp64_product} {ergonomic}
     bool UseLargePagesIndividualAllocation        = false                                  {pd product} {ergonomic}
     bool UseParallelGC                            = true                                      {product} {command line}

Logging:
Log output configuration:
 #0: stdout all=off uptime,level,tags foldmultilines=false
 #1: stderr all=off uptime,level,tags foldmultilines=false

Release file:
JAVA_VERSION="21.0.9" 
MODULES="java.base java.compiler java.datatransfer java.xml java.prefs java.desktop java.instrument java.logging java.management java.security.sasl java.naming java.rmi java.management.rmi java.net.http java.scripting java.security.jgss java.transaction.xa java.sql java.sql.rowset java.xml.crypto java.se java.smartcardio jdk.accessibility jdk.internal.jvmstat jdk.attach jdk.charsets jdk.internal.opt jdk.zipfs jdk.compiler jdk.crypto.ec jdk.crypto.cryptoki jdk.crypto.mscapi jdk.dynalink jdk.internal.ed jdk.editpad jdk.hotspot.agent jdk.httpserver jdk.internal.le jdk.internal.vm.ci jdk.internal.vm.compiler jdk.internal.vm.compiler.management jdk.jartool jdk.javadoc jdk.jcmd jdk.management jdk.management.agent jdk.jconsole jdk.jdeps jdk.jdwp.agent jdk.jdi jdk.jfr jdk.jshell jdk.jsobject jdk.jstatd jdk.localedata jdk.management.jfr jdk.naming.dns jdk.naming.rmi jdk.net jdk.nio.mapmode jdk.random jdk.sctp jdk.security.auth jdk.security.jgss jdk.unsupported jdk.unsupported.desktop jdk.xml.dom" 

Environment Variables:
PATH=C:\Program Files\Common Files\Oracle\Java\javapath;C:\Windows\system32;C:\Windows;C:\Windows\System32\Wbem;C:\Windows\System32\WindowsPowerShell\v1.0\;C:\Windows\System32\OpenSSH\;C:\Program Files (x86)\NVIDIA Corporation\PhysX\Common;C:\Program Files\nodejs\;C:\ProgramData\chocolatey\bin;C:\Program Files\Git\cmd;C:\Program Files\PuTTY\;C:\Program Files\Redis\;D:\Download\apache-maven-3.9.9-bin\apache-maven-3.9.9;;C:\Program Files\Docker\Docker\resources\bin;C:\Users\admin\AppData\Local\Programs\Python\Python312\Scripts\;C:\Users\admin\AppData\Local\Programs\Python\Python312\;C:\Users\admin\AppData\Local\Microsoft\WindowsApps;C:\Users\admin\AppData\Local\Programs\Antigravity\bin;C:\Users\admin\AppData\Roaming\npm;C:\Program Files (x86)\Nmap;D:\Download\apache-maven-3.9.9-bin\apache-maven-3.9.9\bin;
USERNAME=admin
OS=Windows_NT
PROCESSOR_IDENTIFIER=Intel64 Family 6 Model 165 Stepping 3, GenuineIntel
TMP=C:\Users\admin\AppData\Local\Temp
TEMP=C:\Users\admin\AppData\Local\Temp




Periodic native trim disabled

---------------  S Y S T E M  ---------------

OS:
 Windows 10 , 64 bit Build 19041 (10.0.19041.5915)
OS uptime: 2 days 8:54 hours
Hyper-V role detected

CPU: total 8 (initial active 8) (4 cores per cpu, 2 threads per core) family 6 model 165 stepping 3 microcode 0xf6, cx8, cmov, fxsr, ht, mmx, 3dnowpref, sse, sse2, sse3, ssse3, sse4.1, sse4.2, popcnt, lzcnt, tsc, tscinvbit, avx, avx2, aes, erms, clmul, bmi1, bmi2, adx, fma, vzeroupper, clflush, clflushopt, hv, rdtscp, f16c
Processor Information for the first 8 processors :
  Max Mhz: 3696, Current Mhz: 3696, Mhz Limit: 3696

Memory: 4k page, system-wide physical 16283M (402M free)
TotalPageFile size 31643M (AvailPageFile size 10M)
current process WorkingSet (physical memory assigned to process): 219M, peak: 219M
current process commit charge ("private bytes"): 324M, peak: 326M

vm_info: OpenJDK 64-Bit Server VM (21.0.9+10-LTS) for windows-amd64 JRE (21.0.9+10-LTS), built on 2025-10-21T00:00:00Z by "admin" with unknown MS VC++:1942

END.
