#
# There is insufficient memory for the Java Runtime Environment to continue.
# Native memory allocation (malloc) failed to allocate 1416816 bytes. Error detail: Chunk::new
# Possible reasons:
#   The system is out of physical RAM or swap space
#   This process is running with CompressedOops enabled, and the Java Heap may be blocking the growth of the native heap
# Possible solutions:
#   Reduce memory load on the system
#   Increase physical memory or swap space
#   Check if swap backing store is full
#   Decrease Java heap size (-Xmx/-Xms)
#   Decrease number of Java threads
#   Decrease Java thread stack sizes (-Xss)
#   Set larger code cache with -XX:ReservedCodeCacheSize=
#   JVM is running with Unscaled Compressed Oops mode in which the Java heap is
#     placed in the first 4GB address space. The Java Heap base address is the
#     maximum limit for the native heap growth. Please use -XX:HeapBaseMinAddress
#     to set the Java Heap base and to place the Java Heap above 4GB virtual address.
# This output file may be truncated or incomplete.
#
#  Out of Memory Error (arena.cpp:168), pid=3344, tid=16232
#
# JRE version: OpenJDK Runtime Environment Temurin-21.0.9+10 (21.0.9+10) (build 21.0.9+10-LTS)
# Java VM: OpenJDK 64-Bit Server VM Temurin-21.0.9+10 (21.0.9+10-LTS, mixed mode, sharing, tiered, compressed oops, compressed class ptrs, parallel gc, windows-amd64)
# No core dump will be written. Minidumps are not enabled by default on client versions of Windows
#

---------------  S U M M A R Y ------------

Command Line: --add-modules=ALL-SYSTEM --add-opens=java.base/java.util=ALL-UNNAMED --add-opens=java.base/java.lang=ALL-UNNAMED --add-opens=java.base/sun.nio.fs=ALL-UNNAMED -Declipse.application=org.eclipse.jdt.ls.core.id1 -Dosgi.bundles.defaultStartLevel=4 -Declipse.product=org.eclipse.jdt.ls.core.product -Djava.import.generatesMetadataFilesAtProjectRoot=false -DDetectVMInstallationsJob.disabled=true -Dfile.encoding=utf8 -XX:+UseParallelGC -XX:GCTimeRatio=4 -XX:AdaptiveSizePolicyWeight=90 -Dsun.zip.disableMemoryMapping=true -Xmx2G -Xms100m -Xlog:disable -javaagent:c:\Users\admin\.antigravity\extensions\redhat.java-1.51.0-win32-x64\lombok\lombok-1.18.39-4050.jar c:\Users\admin\.antigravity\extensions\redhat.java-1.51.0-win32-x64\server\plugins\org.eclipse.equinox.launcher_1.7.100.v20251111-0406.jar -configuration c:\Users\admin\AppData\Roaming\Antigravity\User\globalStorage\redhat.java\1.51.0\config_ss_win -data c:\Users\admin\AppData\Roaming\Antigravity\User\workspaceStorage\3a11347a5b96c6bbc27a4b80f07e4894\redhat.java\ss_ws --pipe=\\.\pipe\lsp-cafe4120dca4539fc2b1baeef05ae61c-sock

Host: Intel(R) Core(TM) i3-10105F CPU @ 3.70GHz, 8 cores, 15G,  Windows 10 , 64 bit Build 19041 (10.0.19041.5915)
Time: Fri Jan 23 09:28:35 2026 SE Asia Standard Time elapsed time: 13.273527 seconds (0d 0h 0m 13s)

---------------  T H R E A D  ---------------

Current thread (0x0000027fd86e7130):  JavaThread "C2 CompilerThread0" daemon [_thread_in_native, id=16232, stack(0x000000b539600000,0x000000b539700000) (1024K)]


Current CompileTask:
C2:13273 9117       4       org.eclipse.jdt.internal.compiler.lookup.LookupEnvironment::getResolvedType (80 bytes)

Stack: [0x000000b539600000,0x000000b539700000]
Native frames: (J=compiled Java code, j=interpreted, Vv=VM code, C=native code)
V  [jvm.dll+0x6d6e29]
V  [jvm.dll+0x8b4b76]
V  [jvm.dll+0x8b712e]
V  [jvm.dll+0x8b7813]
V  [jvm.dll+0x283d86]
V  [jvm.dll+0xc66ed]
V  [jvm.dll+0xc6c31]
V  [jvm.dll+0x3be53b]
V  [jvm.dll+0x1e3d59]
V  [jvm.dll+0x24c0f3]
V  [jvm.dll+0x24b580]
V  [jvm.dll+0x1cb13e]
V  [jvm.dll+0x25b29d]
V  [jvm.dll+0x25982a]
V  [jvm.dll+0x3f7ea6]
V  [jvm.dll+0x85e9ad]
V  [jvm.dll+0x6d565d]
C  [ucrtbase.dll+0x21bb2]
C  [KERNEL32.DLL+0x17374]
C  [ntdll.dll+0x4cc91]


---------------  P R O C E S S  ---------------

Threads class SMR info:
_java_thread_list=0x0000027ff8b3cef0, length=35, elements={
0x0000027fd8775900, 0x0000027fd86d9580, 0x0000027fd86dab20, 0x0000027fd86dd780,
0x0000027fd86e0bd0, 0x0000027fd86e1620, 0x0000027fd86e2070, 0x0000027fd86e7130,
0x0000027fd871b1c0, 0x0000027ff0be7f70, 0x0000027ff0d41b90, 0x0000027ff5986260,
0x0000027ff571ad80, 0x0000027ff53fbab0, 0x0000027ff5704c60, 0x0000027ff595acb0,
0x0000027ff501fd30, 0x0000027ff59335b0, 0x0000027ff5e3c440, 0x0000027ff62803c0,
0x0000027ff6280a50, 0x0000027ff6282490, 0x0000027ff62810e0, 0x0000027ff627f010,
0x0000027ff6281770, 0x0000027ff627f6a0, 0x0000027ff6281e00, 0x0000027ff627fd30,
0x0000027ff749c840, 0x0000027ff749ced0, 0x0000027ff74a1d90, 0x0000027ff74a2ab0,
0x0000027ff749d560, 0x0000027ff7fc78e0, 0x0000027ff749e910
}

Java Threads: ( => current thread )
  0x0000027fd8775900 JavaThread "main"                              [_thread_blocked, id=5836, stack(0x000000b538c00000,0x000000b538d00000) (1024K)]
  0x0000027fd86d9580 JavaThread "Reference Handler"          daemon [_thread_blocked, id=7288, stack(0x000000b539000000,0x000000b539100000) (1024K)]
  0x0000027fd86dab20 JavaThread "Finalizer"                  daemon [_thread_blocked, id=19292, stack(0x000000b539100000,0x000000b539200000) (1024K)]
  0x0000027fd86dd780 JavaThread "Signal Dispatcher"          daemon [_thread_blocked, id=7308, stack(0x000000b539200000,0x000000b539300000) (1024K)]
  0x0000027fd86e0bd0 JavaThread "Attach Listener"            daemon [_thread_blocked, id=14976, stack(0x000000b539300000,0x000000b539400000) (1024K)]
  0x0000027fd86e1620 JavaThread "Service Thread"             daemon [_thread_blocked, id=10016, stack(0x000000b539400000,0x000000b539500000) (1024K)]
  0x0000027fd86e2070 JavaThread "Monitor Deflation Thread"   daemon [_thread_blocked, id=6728, stack(0x000000b539500000,0x000000b539600000) (1024K)]
=>0x0000027fd86e7130 JavaThread "C2 CompilerThread0"         daemon [_thread_in_native, id=16232, stack(0x000000b539600000,0x000000b539700000) (1024K)]
  0x0000027fd871b1c0 JavaThread "C1 CompilerThread0"         daemon [_thread_blocked, id=8424, stack(0x000000b539700000,0x000000b539800000) (1024K)]
  0x0000027ff0be7f70 JavaThread "Common-Cleaner"             daemon [_thread_blocked, id=5316, stack(0x000000b539800000,0x000000b539900000) (1024K)]
  0x0000027ff0d41b90 JavaThread "Notification Thread"        daemon [_thread_blocked, id=17748, stack(0x000000b539a00000,0x000000b539b00000) (1024K)]
  0x0000027ff5986260 JavaThread "Active Thread: Equinox Container: e99a9c0d-dd1c-4711-98f2-1a0f6ece5b59"        [_thread_blocked, id=8744, stack(0x000000b53a200000,0x000000b53a300000) (1024K)]
  0x0000027ff571ad80 JavaThread "Framework Event Dispatcher: Equinox Container: e99a9c0d-dd1c-4711-98f2-1a0f6ece5b59" daemon [_thread_blocked, id=13260, stack(0x000000b53a300000,0x000000b53a400000) (1024K)]
  0x0000027ff53fbab0 JavaThread "Start Level: Equinox Container: e99a9c0d-dd1c-4711-98f2-1a0f6ece5b59" daemon [_thread_blocked, id=1808, stack(0x000000b53a400000,0x000000b53a500000) (1024K)]
  0x0000027ff5704c60 JavaThread "SCR Component Actor"        daemon [_thread_blocked, id=1648, stack(0x000000b53a600000,0x000000b53a700000) (1024K)]
  0x0000027ff595acb0 JavaThread "Worker-JM"                         [_thread_blocked, id=22352, stack(0x000000b53a700000,0x000000b53a800000) (1024K)]
  0x0000027ff501fd30 JavaThread "JNA Cleaner"                daemon [_thread_blocked, id=6724, stack(0x000000b539900000,0x000000b539a00000) (1024K)]
  0x0000027ff59335b0 JavaThread "Worker-0: Publish Diagnostics"        [_thread_in_vm, id=13720, stack(0x000000b539b00000,0x000000b539c00000) (1024K)]
  0x0000027ff5e3c440 JavaThread "Worker-1"                          [_thread_blocked, id=15236, stack(0x000000b53a800000,0x000000b53a900000) (1024K)]
  0x0000027ff62803c0 JavaThread "Thread-1"                   daemon [_thread_in_native, id=14068, stack(0x000000b53ad00000,0x000000b53ae00000) (1024K)]
  0x0000027ff6280a50 JavaThread "Thread-2"                   daemon [_thread_in_native, id=13660, stack(0x000000b53ae00000,0x000000b53af00000) (1024K)]
  0x0000027ff6282490 JavaThread "Thread-3"                   daemon [_thread_in_native, id=12840, stack(0x000000b53af00000,0x000000b53b000000) (1024K)]
  0x0000027ff62810e0 JavaThread "Thread-4"                   daemon [_thread_in_native, id=21568, stack(0x000000b53b000000,0x000000b53b100000) (1024K)]
  0x0000027ff627f010 JavaThread "Thread-5"                   daemon [_thread_in_native, id=3252, stack(0x000000b53b100000,0x000000b53b200000) (1024K)]
  0x0000027ff6281770 JavaThread "Thread-6"                   daemon [_thread_in_native, id=15584, stack(0x000000b53b200000,0x000000b53b300000) (1024K)]
  0x0000027ff627f6a0 JavaThread "Thread-7"                   daemon [_thread_in_native, id=11428, stack(0x000000b53b300000,0x000000b53b400000) (1024K)]
  0x0000027ff6281e00 JavaThread "Thread-8"                   daemon [_thread_in_native, id=5296, stack(0x000000b53b400000,0x000000b53b500000) (1024K)]
  0x0000027ff627fd30 JavaThread "Thread-9"                   daemon [_thread_in_native, id=2472, stack(0x000000b53b500000,0x000000b53b600000) (1024K)]
  0x0000027ff749c840 JavaThread "pool-2-thread-1"                   [_thread_blocked, id=23092, stack(0x000000b53b600000,0x000000b53b700000) (1024K)]
  0x0000027ff749ced0 JavaThread "Worker-2"                          [_thread_blocked, id=7792, stack(0x000000b53b700000,0x000000b53b800000) (1024K)]
  0x0000027ff74a1d90 JavaThread "WorkspaceEventsHandler"            [_thread_blocked, id=12368, stack(0x000000b53b800000,0x000000b53b900000) (1024K)]
  0x0000027ff74a2ab0 JavaThread "pool-1-thread-1"                   [_thread_blocked, id=22908, stack(0x000000b53b900000,0x000000b53ba00000) (1024K)]
  0x0000027ff749d560 JavaThread "ForkJoinPool.commonPool-worker-1" daemon [_thread_blocked, id=8556, stack(0x000000b53ba00000,0x000000b53bb00000) (1024K)]
  0x0000027ff7fc78e0 JavaThread "C2 CompilerThread1"         daemon [_thread_in_native, id=8968, stack(0x000000b53a900000,0x000000b53aa00000) (1024K)]
  0x0000027ff749e910 JavaThread "ForkJoinPool.commonPool-worker-2" daemon [_thread_blocked, id=22564, stack(0x000000b53aa00000,0x000000b53ab00000) (1024K)]
Total: 35

Other Threads:
  0x0000027fd882ec00 VMThread "VM Thread"                           [id=7904, stack(0x000000b538f00000,0x000000b539000000) (1024K)]
  0x0000027fd87e2f20 WatcherThread "VM Periodic Task Thread"        [id=15444, stack(0x000000b538e00000,0x000000b538f00000) (1024K)]
  0x0000027fd8794220 WorkerThread "GC Thread#0"                     [id=7996, stack(0x000000b538d00000,0x000000b538e00000) (1024K)]
  0x0000027ff547cad0 WorkerThread "GC Thread#1"                     [id=19696, stack(0x000000b539c00000,0x000000b539d00000) (1024K)]
  0x0000027ff59ca8d0 WorkerThread "GC Thread#2"                     [id=15600, stack(0x000000b539d00000,0x000000b539e00000) (1024K)]
  0x0000027ff59c9a50 WorkerThread "GC Thread#3"                     [id=21844, stack(0x000000b539e00000,0x000000b539f00000) (1024K)]
  0x0000027ff59ca530 WorkerThread "GC Thread#4"                     [id=11356, stack(0x000000b539f00000,0x000000b53a000000) (1024K)]
  0x0000027ff59cac70 WorkerThread "GC Thread#5"                     [id=9156, stack(0x000000b53a000000,0x000000b53a100000) (1024K)]
  0x0000027ff59cb010 WorkerThread "GC Thread#6"                     [id=18032, stack(0x000000b53a100000,0x000000b53a200000) (1024K)]
  0x0000027ff59cb3b0 WorkerThread "GC Thread#7"                     [id=9036, stack(0x000000b53a500000,0x000000b53a600000) (1024K)]
Total: 10

Threads with active compile tasks:
C2 CompilerThread0  13302 9117       4       org.eclipse.jdt.internal.compiler.lookup.LookupEnvironment::getResolvedType (80 bytes)
C2 CompilerThread1  13305 8883       4       lombok.core.AnnotationValues$1::invoke (353 bytes)
Total: 2

VM state: not at safepoint (normal execution)

VM Mutex/Monitor currently owned by a thread: None

Heap address: 0x0000000080000000, size: 2048 MB, Compressed Oops mode: 32-bit

CDS archive(s) mapped at: [0x0000027f80000000-0x0000027f80ba0000-0x0000027f80ba0000), size 12189696, SharedBaseAddress: 0x0000027f80000000, ArchiveRelocationMode: 1.
Compressed class space mapped at: 0x0000027f81000000-0x0000027fc1000000, reserved size: 1073741824
Narrow klass base: 0x0000027f80000000, Narrow klass shift: 0, Narrow klass range: 0x100000000

GC Precious Log:
 CardTable entry size: 512
 CPUs: 8 total, 8 available
 Memory: 16283M
 Large Page Support: Disabled
 NUMA Support: Disabled
 Compressed Oops: Enabled (32-bit)
 Alignments: Space 512K, Generation 512K, Heap 2M
 Heap Min Capacity: 100M
 Heap Initial Capacity: 100M
 Heap Max Capacity: 2G
 Pre-touch: Disabled
 Parallel Workers: 8

Heap:
 PSYoungGen      total 16384K, used 13032K [0x00000000d5580000, 0x00000000d6800000, 0x0000000100000000)
  eden space 14848K, 78% used [0x00000000d5580000,0x00000000d60e22d8,0x00000000d6400000)
  from space 1536K, 89% used [0x00000000d6400000,0x00000000d6558060,0x00000000d6580000)
  to   space 2048K, 0% used [0x00000000d6600000,0x00000000d6600000,0x00000000d6800000)
 ParOldGen       total 79872K, used 79365K [0x0000000080000000, 0x0000000084e00000, 0x00000000d5580000)
  object space 79872K, 99% used [0x0000000080000000,0x0000000084d81498,0x0000000084e00000)
 Metaspace       used 45995K, committed 46976K, reserved 1114112K
  class space    used 4356K, committed 4800K, reserved 1048576K

Card table byte_map: [0x0000027fd8120000,0x0000027fd8530000] _byte_map_base: 0x0000027fd7d20000

Marking Bits: (ParMarkBitMap*) 0x00007ff803272460
 Begin Bits: [0x0000027feac30000, 0x0000027fecc30000)
 End Bits:   [0x0000027fecc30000, 0x0000027feec30000)

Polling page: 0x0000027fd6600000

Metaspace:

Usage:
  Non-class:     40.66 MB used.
      Class:      4.25 MB used.
       Both:     44.92 MB used.

Virtual space:
  Non-class space:       64.00 MB reserved,      41.19 MB ( 64%) committed,  1 nodes.
      Class space:        1.00 GB reserved,       4.69 MB ( <1%) committed,  1 nodes.
             Both:        1.06 GB reserved,      45.88 MB (  4%) committed. 

Chunk freelists:
   Non-Class:  6.83 MB
       Class:  11.25 MB
        Both:  18.08 MB

MaxMetaspaceSize: unlimited
CompressedClassSpaceSize: 1.00 GB
Initial GC threshold: 21.00 MB
Current GC threshold: 58.38 MB
CDS: on
 - commit_granule_bytes: 65536.
 - commit_granule_words: 8192.
 - virtual_space_node_default_size: 8388608.
 - enlarge_chunks_in_place: 1.
 - use_allocation_guard: 0.


Internal statistics:

num_allocs_failed_limit: 6.
num_arena_births: 950.
num_arena_deaths: 14.
num_vsnodes_births: 2.
num_vsnodes_deaths: 0.
num_space_committed: 734.
num_space_uncommitted: 0.
num_chunks_returned_to_freelist: 20.
num_chunks_taken_from_freelist: 2959.
num_chunk_merges: 12.
num_chunk_splits: 1862.
num_chunks_enlarged: 1156.
num_inconsistent_stats: 0.

CodeHeap 'non-profiled nmethods': size=120000Kb used=6419Kb max_used=6419Kb free=113580Kb
 bounds [0x0000027fe3450000, 0x0000027fe3aa0000, 0x0000027fea980000]
CodeHeap 'profiled nmethods': size=120000Kb used=21320Kb max_used=21320Kb free=98679Kb
 bounds [0x0000027fdb980000, 0x0000027fdce60000, 0x0000027fe2eb0000]
CodeHeap 'non-nmethods': size=5760Kb used=1410Kb max_used=1532Kb free=4349Kb
 bounds [0x0000027fe2eb0000, 0x0000027fe3120000, 0x0000027fe3450000]
CodeCache: size=245760Kb, used=29149Kb, max_used=29271Kb, free=216608Kb
 total_blobs=9474, nmethods=8755, adapters=623, full_count=0
Compilation: enabled, stopped_count=0, restarted_count=0

Compilation events (20 events):
Event: 13.249 Thread 0x0000027fd871b1c0 nmethod 9184 0x0000027fdce39510 code [0x0000027fdce396c0, 0x0000027fdce39980]
Event: 13.249 Thread 0x0000027fd871b1c0 9187       1       org.eclipse.jdt.internal.compiler.lookup.TypeBinding::getIntersectingTypes (2 bytes)
Event: 13.249 Thread 0x0000027fd871b1c0 nmethod 9187 0x0000027fe3a8e510 code [0x0000027fe3a8e6a0, 0x0000027fe3a8e770]
Event: 13.250 Thread 0x0000027fd871b1c0 9188   !   2       org.eclipse.jdt.internal.compiler.lookup.BoundSet::incorporate (137 bytes)
Event: 13.250 Thread 0x0000027fd871b1c0 nmethod 9188 0x0000027fdce39b10 code [0x0000027fdce39d20, 0x0000027fdce3a330]
Event: 13.250 Thread 0x0000027fd871b1c0 9190       2       org.eclipse.jdt.internal.compiler.lookup.InferenceContext18::getSmallestVariableSet (208 bytes)
Event: 13.251 Thread 0x0000027fd871b1c0 nmethod 9190 0x0000027fdce3a690 code [0x0000027fdce3a960, 0x0000027fdce3b200]
Event: 13.251 Thread 0x0000027fd871b1c0 9189       2       org.eclipse.jdt.internal.compiler.lookup.TypeVariableBinding::boundCheck (76 bytes)
Event: 13.251 Thread 0x0000027fd871b1c0 nmethod 9189 0x0000027fdce3b810 code [0x0000027fdce3b9e0, 0x0000027fdce3bd10]
Event: 13.253 Thread 0x0000027fd871b1c0 9191       3       org.eclipse.jdt.internal.compiler.lookup.TypeVariableBinding::setSuperInterfaces (65 bytes)
Event: 13.254 Thread 0x0000027fd871b1c0 nmethod 9191 0x0000027fdce3bf10 code [0x0000027fdce3c0e0, 0x0000027fdce3c558]
Event: 13.256 Thread 0x0000027fd871b1c0 9192       2       org.eclipse.jdt.internal.compiler.ast.SingleNameReference::localVariableBinding (41 bytes)
Event: 13.256 Thread 0x0000027fd871b1c0 nmethod 9192 0x0000027fdce3c710 code [0x0000027fdce3c8c0, 0x0000027fdce3ca50]
Event: 13.258 Thread 0x0000027fd871b1c0 9193   !   3       org.eclipse.jdt.internal.compiler.lookup.SourceTypeBinding::resolveTypesWithSuspendedTempErrorHandlingPolicy (2041 bytes)
Event: 13.267 Thread 0x0000027fd871b1c0 nmethod 9193 0x0000027fdce3cb10 code [0x0000027fdce3d520, 0x0000027fdce450f8]
Event: 13.267 Thread 0x0000027fd871b1c0 9197       2       java.lang.invoke.InnerClassLambdaMetafactory$ForwardingMethodGenerator::generate (272 bytes)
Event: 13.268 Thread 0x0000027fd871b1c0 nmethod 9197 0x0000027fdce48090 code [0x0000027fdce48380, 0x0000027fdce48c58]
Event: 13.269 Thread 0x0000027fd871b1c0 9198       2       java.lang.invoke.InnerClassLambdaMetafactory$ForwardingMethodGenerator::convertArgumentTypes (96 bytes)
Event: 13.271 Thread 0x0000027fd871b1c0 nmethod 9198 0x0000027fdce49310 code [0x0000027fdce49520, 0x0000027fdce49970]
Event: 13.272 Thread 0x0000027fd871b1c0 9196   !   2       org.eclipse.jdt.internal.compiler.lookup.TypeVariableBinding::mentionsAny (128 bytes)

GC Heap History (20 events):
Event: 12.435 GC heap before
{Heap before GC invocations=50 (full 2):
 PSYoungGen      total 20480K, used 20249K [0x00000000d5580000, 0x00000000d6c00000, 0x0000000100000000)
  eden space 18944K, 100% used [0x00000000d5580000,0x00000000d6800000,0x00000000d6800000)
  from space 1536K, 84% used [0x00000000d6800000,0x00000000d69464c8,0x00000000d6980000)
  to   space 2048K, 0% used [0x00000000d6a00000,0x00000000d6a00000,0x00000000d6c00000)
 ParOldGen       total 68608K, used 61606K [0x0000000080000000, 0x0000000084300000, 0x00000000d5580000)
  object space 68608K, 89% used [0x0000000080000000,0x0000000083c29848,0x0000000084300000)
 Metaspace       used 45601K, committed 46656K, reserved 1114112K
  class space    used 4350K, committed 4800K, reserved 1048576K
}
Event: 12.438 GC heap after
{Heap after GC invocations=50 (full 2):
 PSYoungGen      total 20992K, used 1872K [0x00000000d5580000, 0x00000000d6c00000, 0x0000000100000000)
  eden space 18944K, 0% used [0x00000000d5580000,0x00000000d5580000,0x00000000d6800000)
  from space 2048K, 91% used [0x00000000d6a00000,0x00000000d6bd4070,0x00000000d6c00000)
  to   space 2048K, 0% used [0x00000000d6800000,0x00000000d6800000,0x00000000d6a00000)
 ParOldGen       total 68608K, used 62644K [0x0000000080000000, 0x0000000084300000, 0x00000000d5580000)
  object space 68608K, 91% used [0x0000000080000000,0x0000000083d2d1d0,0x0000000084300000)
 Metaspace       used 45601K, committed 46656K, reserved 1114112K
  class space    used 4350K, committed 4800K, reserved 1048576K
}
Event: 12.548 GC heap before
{Heap before GC invocations=51 (full 2):
 PSYoungGen      total 20992K, used 20816K [0x00000000d5580000, 0x00000000d6c00000, 0x0000000100000000)
  eden space 18944K, 100% used [0x00000000d5580000,0x00000000d6800000,0x00000000d6800000)
  from space 2048K, 91% used [0x00000000d6a00000,0x00000000d6bd4070,0x00000000d6c00000)
  to   space 2048K, 0% used [0x00000000d6800000,0x00000000d6800000,0x00000000d6a00000)
 ParOldGen       total 68608K, used 62644K [0x0000000080000000, 0x0000000084300000, 0x00000000d5580000)
  object space 68608K, 91% used [0x0000000080000000,0x0000000083d2d1d0,0x0000000084300000)
 Metaspace       used 45673K, committed 46720K, reserved 1114112K
  class space    used 4351K, committed 4800K, reserved 1048576K
}
Event: 12.552 GC heap after
{Heap after GC invocations=51 (full 2):
 PSYoungGen      total 20992K, used 2016K [0x00000000d5580000, 0x00000000d7100000, 0x0000000100000000)
  eden space 18944K, 0% used [0x00000000d5580000,0x00000000d5580000,0x00000000d6800000)
  from space 2048K, 98% used [0x00000000d6800000,0x00000000d69f8040,0x00000000d6a00000)
  to   space 4608K, 0% used [0x00000000d6c80000,0x00000000d6c80000,0x00000000d7100000)
 ParOldGen       total 68608K, used 64696K [0x0000000080000000, 0x0000000084300000, 0x00000000d5580000)
  object space 68608K, 94% used [0x0000000080000000,0x0000000083f2e2c0,0x0000000084300000)
 Metaspace       used 45673K, committed 46720K, reserved 1114112K
  class space    used 4351K, committed 4800K, reserved 1048576K
}
Event: 12.650 GC heap before
{Heap before GC invocations=52 (full 2):
 PSYoungGen      total 20992K, used 20960K [0x00000000d5580000, 0x00000000d7100000, 0x0000000100000000)
  eden space 18944K, 100% used [0x00000000d5580000,0x00000000d6800000,0x00000000d6800000)
  from space 2048K, 98% used [0x00000000d6800000,0x00000000d69f8040,0x00000000d6a00000)
  to   space 4608K, 0% used [0x00000000d6c80000,0x00000000d6c80000,0x00000000d7100000)
 ParOldGen       total 68608K, used 64696K [0x0000000080000000, 0x0000000084300000, 0x00000000d5580000)
  object space 68608K, 94% used [0x0000000080000000,0x0000000083f2e2c0,0x0000000084300000)
 Metaspace       used 45732K, committed 46720K, reserved 1114112K
  class space    used 4351K, committed 4800K, reserved 1048576K
}
Event: 12.654 GC heap after
{Heap after GC invocations=52 (full 2):
 PSYoungGen      total 22016K, used 2672K [0x00000000d5580000, 0x00000000d6f80000, 0x0000000100000000)
  eden space 18944K, 0% used [0x00000000d5580000,0x00000000d5580000,0x00000000d6800000)
  from space 3072K, 86% used [0x00000000d6c80000,0x00000000d6f1c090,0x00000000d6f80000)
  to   space 3584K, 0% used [0x00000000d6880000,0x00000000d6880000,0x00000000d6c00000)
 ParOldGen       total 68608K, used 66661K [0x0000000080000000, 0x0000000084300000, 0x00000000d5580000)
  object space 68608K, 97% used [0x0000000080000000,0x0000000084119510,0x0000000084300000)
 Metaspace       used 45732K, committed 46720K, reserved 1114112K
  class space    used 4351K, committed 4800K, reserved 1048576K
}
Event: 12.708 GC heap before
{Heap before GC invocations=53 (full 2):
 PSYoungGen      total 22016K, used 21616K [0x00000000d5580000, 0x00000000d6f80000, 0x0000000100000000)
  eden space 18944K, 100% used [0x00000000d5580000,0x00000000d6800000,0x00000000d6800000)
  from space 3072K, 86% used [0x00000000d6c80000,0x00000000d6f1c090,0x00000000d6f80000)
  to   space 3584K, 0% used [0x00000000d6880000,0x00000000d6880000,0x00000000d6c00000)
 ParOldGen       total 68608K, used 66661K [0x0000000080000000, 0x0000000084300000, 0x00000000d5580000)
  object space 68608K, 97% used [0x0000000080000000,0x0000000084119510,0x0000000084300000)
 Metaspace       used 45742K, committed 46784K, reserved 1114112K
  class space    used 4351K, committed 4800K, reserved 1048576K
}
Event: 12.713 GC heap after
{Heap after GC invocations=53 (full 2):
 PSYoungGen      total 20992K, used 1888K [0x00000000d5580000, 0x00000000d6d00000, 0x0000000100000000)
  eden space 18944K, 0% used [0x00000000d5580000,0x00000000d5580000,0x00000000d6800000)
  from space 2048K, 92% used [0x00000000d6880000,0x00000000d6a580a0,0x00000000d6a80000)
  to   space 2560K, 0% used [0x00000000d6a80000,0x00000000d6a80000,0x00000000d6d00000)
 ParOldGen       total 69120K, used 68909K [0x0000000080000000, 0x0000000084380000, 0x00000000d5580000)
  object space 69120K, 99% used [0x0000000080000000,0x000000008434b790,0x0000000084380000)
 Metaspace       used 45742K, committed 46784K, reserved 1114112K
  class space    used 4351K, committed 4800K, reserved 1048576K
}
Event: 12.812 GC heap before
{Heap before GC invocations=54 (full 2):
 PSYoungGen      total 20992K, used 20804K [0x00000000d5580000, 0x00000000d6d00000, 0x0000000100000000)
  eden space 18944K, 99% used [0x00000000d5580000,0x00000000d67f9218,0x00000000d6800000)
  from space 2048K, 92% used [0x00000000d6880000,0x00000000d6a580a0,0x00000000d6a80000)
  to   space 2560K, 0% used [0x00000000d6a80000,0x00000000d6a80000,0x00000000d6d00000)
 ParOldGen       total 69120K, used 68909K [0x0000000080000000, 0x0000000084380000, 0x00000000d5580000)
  object space 69120K, 99% used [0x0000000080000000,0x000000008434b790,0x0000000084380000)
 Metaspace       used 45767K, committed 46784K, reserved 1114112K
  class space    used 4351K, committed 4800K, reserved 1048576K
}
Event: 12.816 GC heap after
{Heap after GC invocations=54 (full 2):
 PSYoungGen      total 18944K, used 2548K [0x00000000d5580000, 0x00000000d7200000, 0x0000000100000000)
  eden space 16384K, 0% used [0x00000000d5580000,0x00000000d5580000,0x00000000d6580000)
  from space 2560K, 99% used [0x00000000d6a80000,0x00000000d6cfd030,0x00000000d6d00000)
  to   space 5120K, 0% used [0x00000000d6580000,0x00000000d6580000,0x00000000d6a80000)
 ParOldGen       total 71168K, used 70662K [0x0000000080000000, 0x0000000084580000, 0x00000000d5580000)
  object space 71168K, 99% used [0x0000000080000000,0x0000000084501830,0x0000000084580000)
 Metaspace       used 45767K, committed 46784K, reserved 1114112K
  class space    used 4351K, committed 4800K, reserved 1048576K
}
Event: 12.919 GC heap before
{Heap before GC invocations=55 (full 2):
 PSYoungGen      total 18944K, used 18932K [0x00000000d5580000, 0x00000000d7200000, 0x0000000100000000)
  eden space 16384K, 100% used [0x00000000d5580000,0x00000000d6580000,0x00000000d6580000)
  from space 2560K, 99% used [0x00000000d6a80000,0x00000000d6cfd030,0x00000000d6d00000)
  to   space 5120K, 0% used [0x00000000d6580000,0x00000000d6580000,0x00000000d6a80000)
 ParOldGen       total 71168K, used 70662K [0x0000000080000000, 0x0000000084580000, 0x00000000d5580000)
  object space 71168K, 99% used [0x0000000080000000,0x0000000084501830,0x0000000084580000)
 Metaspace       used 45847K, committed 46848K, reserved 1114112K
  class space    used 4351K, committed 4800K, reserved 1048576K
}
Event: 12.922 GC heap after
{Heap after GC invocations=55 (full 2):
 PSYoungGen      total 18944K, used 2212K [0x00000000d5580000, 0x00000000d6b80000, 0x0000000100000000)
  eden space 16384K, 0% used [0x00000000d5580000,0x00000000d5580000,0x00000000d6580000)
  from space 2560K, 86% used [0x00000000d6580000,0x00000000d67a9000,0x00000000d6800000)
  to   space 3072K, 0% used [0x00000000d6880000,0x00000000d6880000,0x00000000d6b80000)
 ParOldGen       total 73216K, used 73102K [0x0000000080000000, 0x0000000084780000, 0x00000000d5580000)
  object space 73216K, 99% used [0x0000000080000000,0x00000000847638d0,0x0000000084780000)
 Metaspace       used 45847K, committed 46848K, reserved 1114112K
  class space    used 4351K, committed 4800K, reserved 1048576K
}
Event: 13.001 GC heap before
{Heap before GC invocations=56 (full 2):
 PSYoungGen      total 18944K, used 18596K [0x00000000d5580000, 0x00000000d6b80000, 0x0000000100000000)
  eden space 16384K, 100% used [0x00000000d5580000,0x00000000d6580000,0x00000000d6580000)
  from space 2560K, 86% used [0x00000000d6580000,0x00000000d67a9000,0x00000000d6800000)
  to   space 3072K, 0% used [0x00000000d6880000,0x00000000d6880000,0x00000000d6b80000)
 ParOldGen       total 73216K, used 73102K [0x0000000080000000, 0x0000000084780000, 0x00000000d5580000)
  object space 73216K, 99% used [0x0000000080000000,0x00000000847638d0,0x0000000084780000)
 Metaspace       used 45870K, committed 46912K, reserved 1114112K
  class space    used 4351K, committed 4800K, reserved 1048576K
}
Event: 13.004 GC heap after
{Heap after GC invocations=56 (full 2):
 PSYoungGen      total 17920K, used 1408K [0x00000000d5580000, 0x00000000d6a00000, 0x0000000100000000)
  eden space 16384K, 0% used [0x00000000d5580000,0x00000000d5580000,0x00000000d6580000)
  from space 1536K, 91% used [0x00000000d6880000,0x00000000d69e0040,0x00000000d6a00000)
  to   space 2048K, 0% used [0x00000000d6600000,0x00000000d6600000,0x00000000d6800000)
 ParOldGen       total 75264K, used 75014K [0x0000000080000000, 0x0000000084980000, 0x00000000d5580000)
  object space 75264K, 99% used [0x0000000080000000,0x0000000084941930,0x0000000084980000)
 Metaspace       used 45870K, committed 46912K, reserved 1114112K
  class space    used 4351K, committed 4800K, reserved 1048576K
}
Event: 13.076 GC heap before
{Heap before GC invocations=57 (full 2):
 PSYoungGen      total 17920K, used 17792K [0x00000000d5580000, 0x00000000d6a00000, 0x0000000100000000)
  eden space 16384K, 100% used [0x00000000d5580000,0x00000000d6580000,0x00000000d6580000)
  from space 1536K, 91% used [0x00000000d6880000,0x00000000d69e0040,0x00000000d6a00000)
  to   space 2048K, 0% used [0x00000000d6600000,0x00000000d6600000,0x00000000d6800000)
 ParOldGen       total 75264K, used 75014K [0x0000000080000000, 0x0000000084980000, 0x00000000d5580000)
  object space 75264K, 99% used [0x0000000080000000,0x0000000084941930,0x0000000084980000)
 Metaspace       used 45890K, committed 46912K, reserved 1114112K
  class space    used 4351K, committed 4800K, reserved 1048576K
}
Event: 13.078 GC heap after
{Heap after GC invocations=57 (full 2):
 PSYoungGen      total 17920K, used 1456K [0x00000000d5580000, 0x00000000d6900000, 0x0000000100000000)
  eden space 16384K, 0% used [0x00000000d5580000,0x00000000d5580000,0x00000000d6580000)
  from space 1536K, 94% used [0x00000000d6600000,0x00000000d676c030,0x00000000d6780000)
  to   space 1536K, 0% used [0x00000000d6780000,0x00000000d6780000,0x00000000d6900000)
 ParOldGen       total 76288K, used 76271K [0x0000000080000000, 0x0000000084a80000, 0x00000000d5580000)
  object space 76288K, 99% used [0x0000000080000000,0x0000000084a7bd40,0x0000000084a80000)
 Metaspace       used 45890K, committed 46912K, reserved 1114112K
  class space    used 4351K, committed 4800K, reserved 1048576K
}
Event: 13.127 GC heap before
{Heap before GC invocations=58 (full 2):
 PSYoungGen      total 17920K, used 17840K [0x00000000d5580000, 0x00000000d6900000, 0x0000000100000000)
  eden space 16384K, 100% used [0x00000000d5580000,0x00000000d6580000,0x00000000d6580000)
  from space 1536K, 94% used [0x00000000d6600000,0x00000000d676c030,0x00000000d6780000)
  to   space 1536K, 0% used [0x00000000d6780000,0x00000000d6780000,0x00000000d6900000)
 ParOldGen       total 76288K, used 76271K [0x0000000080000000, 0x0000000084a80000, 0x00000000d5580000)
  object space 76288K, 99% used [0x0000000080000000,0x0000000084a7bd40,0x0000000084a80000)
 Metaspace       used 45894K, committed 46912K, reserved 1114112K
  class space    used 4351K, committed 4800K, reserved 1048576K
}
Event: 13.129 GC heap after
{Heap after GC invocations=58 (full 2):
 PSYoungGen      total 16384K, used 1520K [0x00000000d5580000, 0x00000000d6c80000, 0x0000000100000000)
  eden space 14848K, 0% used [0x00000000d5580000,0x00000000d5580000,0x00000000d6400000)
  from space 1536K, 98% used [0x00000000d6780000,0x00000000d68fc060,0x00000000d6900000)
  to   space 3584K, 0% used [0x00000000d6400000,0x00000000d6400000,0x00000000d6780000)
 ParOldGen       total 78336K, used 77826K [0x0000000080000000, 0x0000000084c80000, 0x00000000d5580000)
  object space 78336K, 99% used [0x0000000080000000,0x0000000084c00a40,0x0000000084c80000)
 Metaspace       used 45894K, committed 46912K, reserved 1114112K
  class space    used 4351K, committed 4800K, reserved 1048576K
}
Event: 13.207 GC heap before
{Heap before GC invocations=59 (full 2):
 PSYoungGen      total 16384K, used 16368K [0x00000000d5580000, 0x00000000d6c80000, 0x0000000100000000)
  eden space 14848K, 100% used [0x00000000d5580000,0x00000000d6400000,0x00000000d6400000)
  from space 1536K, 98% used [0x00000000d6780000,0x00000000d68fc060,0x00000000d6900000)
  to   space 3584K, 0% used [0x00000000d6400000,0x00000000d6400000,0x00000000d6780000)
 ParOldGen       total 78336K, used 77826K [0x0000000080000000, 0x0000000084c80000, 0x00000000d5580000)
  object space 78336K, 99% used [0x0000000080000000,0x0000000084c00a40,0x0000000084c80000)
 Metaspace       used 45911K, committed 46912K, reserved 1114112K
  class space    used 4351K, committed 4800K, reserved 1048576K
}
Event: 13.210 GC heap after
{Heap after GC invocations=59 (full 2):
 PSYoungGen      total 16384K, used 1376K [0x00000000d5580000, 0x00000000d6800000, 0x0000000100000000)
  eden space 14848K, 0% used [0x00000000d5580000,0x00000000d5580000,0x00000000d6400000)
  from space 1536K, 89% used [0x00000000d6400000,0x00000000d6558060,0x00000000d6580000)
  to   space 2048K, 0% used [0x00000000d6600000,0x00000000d6600000,0x00000000d6800000)
 ParOldGen       total 79872K, used 79365K [0x0000000080000000, 0x0000000084e00000, 0x00000000d5580000)
  object space 79872K, 99% used [0x0000000080000000,0x0000000084d81498,0x0000000084e00000)
 Metaspace       used 45911K, committed 46912K, reserved 1114112K
  class space    used 4351K, committed 4800K, reserved 1048576K
}

Dll operation events (10 events):
Event: 0.011 Loaded shared library c:\Users\admin\.antigravity\extensions\redhat.java-1.51.0-win32-x64\jre\21.0.9-win32-x86_64\bin\java.dll
Event: 0.113 Loaded shared library c:\Users\admin\.antigravity\extensions\redhat.java-1.51.0-win32-x64\jre\21.0.9-win32-x86_64\bin\zip.dll
Event: 0.144 Loaded shared library C:\Users\admin\.antigravity\extensions\redhat.java-1.51.0-win32-x64\jre\21.0.9-win32-x86_64\bin\instrument.dll
Event: 0.150 Loaded shared library C:\Users\admin\.antigravity\extensions\redhat.java-1.51.0-win32-x64\jre\21.0.9-win32-x86_64\bin\net.dll
Event: 0.153 Loaded shared library C:\Users\admin\.antigravity\extensions\redhat.java-1.51.0-win32-x64\jre\21.0.9-win32-x86_64\bin\nio.dll
Event: 0.157 Loaded shared library C:\Users\admin\.antigravity\extensions\redhat.java-1.51.0-win32-x64\jre\21.0.9-win32-x86_64\bin\zip.dll
Event: 0.175 Loaded shared library C:\Users\admin\.antigravity\extensions\redhat.java-1.51.0-win32-x64\jre\21.0.9-win32-x86_64\bin\jimage.dll
Event: 0.258 Loaded shared library c:\Users\admin\.antigravity\extensions\redhat.java-1.51.0-win32-x64\jre\21.0.9-win32-x86_64\bin\verify.dll
Event: 1.714 Loaded shared library C:\Users\admin\AppData\Roaming\Antigravity\User\globalStorage\redhat.java\1.51.0\config_ss_win\org.eclipse.equinox.launcher\org.eclipse.equinox.launcher.win32.win32.x86_64_1.2.1400.v20250801-0854\eclipse_11916.dll
Event: 2.758 Loaded shared library C:\Users\admin\AppData\Local\Temp\jna-92668751\jna16157202125511944429.dll

Deoptimization events (20 events):
Event: 13.215 Thread 0x0000027ff59335b0 Uncommon trap: trap_request=0xffffffde fr.pc=0x0000027fe3a0dad4 relative=0x0000000000001154
Event: 13.215 Thread 0x0000027ff59335b0 Uncommon trap: reason=class_check action=maybe_recompile pc=0x0000027fe3a0dad4 method=org.eclipse.jdt.internal.compiler.parser.Parser.consumeRule(I)V @ 4675 c2
Event: 13.215 Thread 0x0000027ff59335b0 DEOPT PACKING pc=0x0000027fe3a0dad4 sp=0x000000b539bfd8b0
Event: 13.215 Thread 0x0000027ff59335b0 DEOPT UNPACKING pc=0x0000027fe2f03aa2 sp=0x000000b539bfd840 mode 2
Event: 13.232 Thread 0x0000027ff59335b0 Uncommon trap: trap_request=0xffffffd6 fr.pc=0x0000027fe3a81db0 relative=0x0000000000007a50
Event: 13.232 Thread 0x0000027ff59335b0 Uncommon trap: reason=array_check action=maybe_recompile pc=0x0000027fe3a81db0 method=org.eclipse.jdt.internal.compiler.lookup.UnresolvedReferenceBinding.addWrapper(Lorg/eclipse/jdt/internal/compiler/lookup/HotSwappable;Lorg/eclipse/jdt/internal/compiler/
Event: 13.232 Thread 0x0000027ff59335b0 DEOPT PACKING pc=0x0000027fe3a81db0 sp=0x000000b539bfd3c0
Event: 13.232 Thread 0x0000027ff59335b0 DEOPT UNPACKING pc=0x0000027fe2f03aa2 sp=0x000000b539bfd180 mode 2
Event: 13.245 Thread 0x0000027ff59335b0 Uncommon trap: trap_request=0xffffffd6 fr.pc=0x0000027fe3a81db0 relative=0x0000000000007a50
Event: 13.245 Thread 0x0000027ff59335b0 Uncommon trap: reason=array_check action=maybe_recompile pc=0x0000027fe3a81db0 method=org.eclipse.jdt.internal.compiler.lookup.UnresolvedReferenceBinding.addWrapper(Lorg/eclipse/jdt/internal/compiler/lookup/HotSwappable;Lorg/eclipse/jdt/internal/compiler/
Event: 13.245 Thread 0x0000027ff59335b0 DEOPT PACKING pc=0x0000027fe3a81db0 sp=0x000000b539bfd3e0
Event: 13.245 Thread 0x0000027ff59335b0 DEOPT UNPACKING pc=0x0000027fe2f03aa2 sp=0x000000b539bfd1a0 mode 2
Event: 13.245 Thread 0x0000027ff59335b0 Uncommon trap: trap_request=0xffffffd6 fr.pc=0x0000027fe3a81db0 relative=0x0000000000007a50
Event: 13.245 Thread 0x0000027ff59335b0 Uncommon trap: reason=array_check action=maybe_recompile pc=0x0000027fe3a81db0 method=org.eclipse.jdt.internal.compiler.lookup.UnresolvedReferenceBinding.addWrapper(Lorg/eclipse/jdt/internal/compiler/lookup/HotSwappable;Lorg/eclipse/jdt/internal/compiler/
Event: 13.245 Thread 0x0000027ff59335b0 DEOPT PACKING pc=0x0000027fe3a81db0 sp=0x000000b539bfd2b0
Event: 13.245 Thread 0x0000027ff59335b0 DEOPT UNPACKING pc=0x0000027fe2f03aa2 sp=0x000000b539bfd070 mode 2
Event: 13.245 Thread 0x0000027ff59335b0 Uncommon trap: trap_request=0xffffffd6 fr.pc=0x0000027fe3a81db0 relative=0x0000000000007a50
Event: 13.245 Thread 0x0000027ff59335b0 Uncommon trap: reason=array_check action=maybe_recompile pc=0x0000027fe3a81db0 method=org.eclipse.jdt.internal.compiler.lookup.UnresolvedReferenceBinding.addWrapper(Lorg/eclipse/jdt/internal/compiler/lookup/HotSwappable;Lorg/eclipse/jdt/internal/compiler/
Event: 13.245 Thread 0x0000027ff59335b0 DEOPT PACKING pc=0x0000027fe3a81db0 sp=0x000000b539bfd0e0
Event: 13.245 Thread 0x0000027ff59335b0 DEOPT UNPACKING pc=0x0000027fe2f03aa2 sp=0x000000b539bfcea0 mode 2

Classes loaded (20 events):
Event: 9.092 Loading class java/util/concurrent/CompletableFuture$UniCompletion done
Event: 9.092 Loading class java/util/concurrent/CompletableFuture$UniApply done
Event: 9.093 Loading class java/util/concurrent/CancellationException
Event: 9.093 Loading class java/util/concurrent/CancellationException done
Event: 9.094 Loading class java/util/concurrent/CompletableFuture$UniAccept
Event: 9.094 Loading class java/util/concurrent/CompletableFuture$UniAccept done
Event: 9.094 Loading class java/util/concurrent/CompletableFuture$UniExceptionally
Event: 9.094 Loading class java/util/concurrent/CompletableFuture$UniExceptionally done
Event: 9.506 Loading class java/lang/UnsupportedClassVersionError
Event: 9.506 Loading class java/lang/UnsupportedClassVersionError done
Event: 9.506 Loading class java/io/FileReader
Event: 9.506 Loading class java/io/FileReader done
Event: 9.633 Loading class java/util/stream/ReduceOps$4
Event: 9.633 Loading class java/util/stream/ReduceOps$4 done
Event: 9.633 Loading class java/util/stream/ReduceOps$4ReducingSink
Event: 9.633 Loading class java/util/stream/ReduceOps$4ReducingSink done
Event: 11.005 Loading class java/util/concurrent/ConcurrentHashMap$TreeNode
Event: 11.005 Loading class java/util/concurrent/ConcurrentHashMap$TreeNode done
Event: 11.005 Loading class java/util/concurrent/ConcurrentHashMap$TreeBin
Event: 11.006 Loading class java/util/concurrent/ConcurrentHashMap$TreeBin done

Classes unloaded (7 events):
Event: 3.239 Thread 0x0000027fd882ec00 Unloading class 0x0000027f8118d400 'java/lang/invoke/LambdaForm$MH+0x0000027f8118d400'
Event: 3.239 Thread 0x0000027fd882ec00 Unloading class 0x0000027f8118d000 'java/lang/invoke/LambdaForm$MH+0x0000027f8118d000'
Event: 3.239 Thread 0x0000027fd882ec00 Unloading class 0x0000027f8118cc00 'java/lang/invoke/LambdaForm$MH+0x0000027f8118cc00'
Event: 3.239 Thread 0x0000027fd882ec00 Unloading class 0x0000027f8118c800 'java/lang/invoke/LambdaForm$MH+0x0000027f8118c800'
Event: 3.239 Thread 0x0000027fd882ec00 Unloading class 0x0000027f8118c400 'java/lang/invoke/LambdaForm$BMH+0x0000027f8118c400'
Event: 3.239 Thread 0x0000027fd882ec00 Unloading class 0x0000027f8118c000 'java/lang/invoke/LambdaForm$DMH+0x0000027f8118c000'
Event: 3.239 Thread 0x0000027fd882ec00 Unloading class 0x0000027f8118ac00 'java/lang/invoke/LambdaForm$DMH+0x0000027f8118ac00'

Classes redefined (0 events):
No events

Internal exceptions (20 events):
Event: 9.089 Thread 0x0000027ff74a2ab0 Exception <a 'java/lang/IncompatibleClassChangeError'{0x00000000d6194848}: Found class java.lang.Object, but interface was expected> (0x00000000d6194848) 
thrown [s\src\hotspot\share\interpreter\linkResolver.cpp, line 840]
Event: 9.485 Thread 0x0000027ff59335b0 Exception <a 'java/lang/NoSuchMethodError'{0x00000000d625f878}: 'java.lang.Object java.lang.invoke.DirectMethodHandle$Holder.invokeSpecial(java.lang.Object, java.lang.Object, int, long)'> (0x00000000d625f878) 
thrown [s\src\hotspot\share\interpreter\linkResolver.cpp, line 773]
Event: 9.526 Thread 0x0000027ff749d560 Exception <a 'java/lang/NoSuchMethodError'{0x00000000d6437798}: 'int java.lang.invoke.Invokers$Holder.invokeExact_MT(java.lang.Object, java.lang.Object)'> (0x00000000d6437798) 
thrown [s\src\hotspot\share\interpreter\linkResolver.cpp, line 773]
Event: 9.563 Thread 0x0000027ff749d560 Exception <a 'java/lang/NoSuchMethodError'{0x00000000d65f1e30}: 'int java.lang.invoke.DirectMethodHandle$Holder.invokeInterface(java.lang.Object, java.lang.Object)'> (0x00000000d65f1e30) 
thrown [s\src\hotspot\share\interpreter\linkResolver.cpp, line 773]
Event: 9.563 Thread 0x0000027ff749d560 Exception <a 'java/lang/IncompatibleClassChangeError'{0x00000000d65f5100}: Found class java.lang.Object, but interface was expected> (0x00000000d65f5100) 
thrown [s\src\hotspot\share\interpreter\linkResolver.cpp, line 840]
Event: 9.640 Thread 0x0000027ff749d560 Exception <a 'java/lang/NoSuchMethodError'{0x00000000d68e09b0}: 'int java.lang.invoke.DirectMethodHandle$Holder.invokeSpecialIFC(java.lang.Object, java.lang.Object, java.lang.Object)'> (0x00000000d68e09b0) 
thrown [s\src\hotspot\share\interpreter\linkResolver.cpp, line 773]
Event: 9.679 Thread 0x0000027ff749d560 Exception <a 'java/io/FileNotFoundException'{0x00000000d699e4a8}> (0x00000000d699e4a8) 
thrown [s\src\hotspot\share\prims\jni.cpp, line 520]
Event: 9.680 Thread 0x0000027ff749d560 Exception <a 'java/io/FileNotFoundException'{0x00000000d699f4c0}> (0x00000000d699f4c0) 
thrown [s\src\hotspot\share\prims\jni.cpp, line 520]
Event: 9.704 Thread 0x0000027ff749d560 Implicit null exception at 0x0000027fe3802e49 to 0x0000027fe3802e9a
Event: 9.888 Thread 0x0000027ff749d560 Exception <a 'java/lang/NoSuchMethodError'{0x00000000d61a91b8}: 'int java.lang.invoke.DirectMethodHandle$Holder.invokeSpecial(java.lang.Object, java.lang.Object, java.lang.Object, java.lang.Object)'> (0x00000000d61a91b8) 
thrown [s\src\hotspot\share\interpreter\linkResolver.cpp, line 773]
Event: 10.177 Thread 0x0000027ff59335b0 Exception <a 'java/io/FileNotFoundException'{0x00000000d5780b80}> (0x00000000d5780b80) 
thrown [s\src\hotspot\share\prims\jni.cpp, line 520]
Event: 10.178 Thread 0x0000027ff59335b0 Exception <a 'java/io/FileNotFoundException'{0x00000000d5781bb8}> (0x00000000d5781bb8) 
thrown [s\src\hotspot\share\prims\jni.cpp, line 520]
Event: 10.178 Thread 0x0000027ff59335b0 Exception <a 'java/io/FileNotFoundException'{0x00000000d5782940}> (0x00000000d5782940) 
thrown [s\src\hotspot\share\prims\jni.cpp, line 520]
Event: 10.706 Thread 0x0000027ff59335b0 Implicit null exception at 0x0000027fe3904673 to 0x0000027fe39065e0
Event: 10.750 Thread 0x0000027ff74a2ab0 Exception <a 'java/lang/IncompatibleClassChangeError'{0x00000000d6287dc0}: Found class java.lang.Object, but interface was expected> (0x00000000d6287dc0) 
thrown [s\src\hotspot\share\interpreter\linkResolver.cpp, line 840]
Event: 10.840 Thread 0x0000027ff749e910 Exception <a 'java/lang/ArrayIndexOutOfBoundsException'{0x00000000d57ef2d0}: Index 6910 out of bounds for length 6909> (0x00000000d57ef2d0) 
thrown [s\src\hotspot\share\interpreter\interpreterRuntime.cpp, line 439]
Event: 10.864 Thread 0x0000027ff59335b0 Implicit null exception at 0x0000027fe3938f21 to 0x0000027fe393b0c4
Event: 10.939 Thread 0x0000027ff59335b0 Exception <a 'java/lang/NoSuchMethodError'{0x00000000d628c450}: 'java.lang.Object java.lang.invoke.DirectMethodHandle$Holder.invokeStatic(java.lang.Object, java.lang.Object, int, java.lang.Object, java.lang.Object)'> (0x00000000d628c450) 
thrown [s\src\hotspot\share\interpreter\linkResolver.cpp, line 773]
Event: 10.952 Thread 0x0000027ff59335b0 Exception <a 'java/lang/NoSuchMethodError'{0x00000000d6387150}: 'void java.lang.invoke.DirectMethodHandle$Holder.invokeVirtual(java.lang.Object, java.lang.Object, java.lang.Object, java.lang.Object, java.lang.Object)'> (0x00000000d6387150) 
thrown [s\src\hotspot\share\interpreter\linkResolver.cpp, line 773]
Event: 12.475 Thread 0x0000027ff59335b0 Implicit null exception at 0x0000027fe39358c9 to 0x0000027fe393593c

ZGC Phase Switch (0 events):
No events

VM Operations (20 events):
Event: 12.435 Executing VM operation: ParallelGCFailedAllocation (Allocation Failure)
Event: 12.438 Executing VM operation: ParallelGCFailedAllocation (Allocation Failure) done
Event: 12.548 Executing VM operation: ParallelGCFailedAllocation (Allocation Failure)
Event: 12.552 Executing VM operation: ParallelGCFailedAllocation (Allocation Failure) done
Event: 12.650 Executing VM operation: ParallelGCFailedAllocation (Allocation Failure)
Event: 12.654 Executing VM operation: ParallelGCFailedAllocation (Allocation Failure) done
Event: 12.708 Executing VM operation: ParallelGCFailedAllocation (Allocation Failure)
Event: 12.713 Executing VM operation: ParallelGCFailedAllocation (Allocation Failure) done
Event: 12.812 Executing VM operation: ParallelGCFailedAllocation (Allocation Failure)
Event: 12.816 Executing VM operation: ParallelGCFailedAllocation (Allocation Failure) done
Event: 12.919 Executing VM operation: ParallelGCFailedAllocation (Allocation Failure)
Event: 12.922 Executing VM operation: ParallelGCFailedAllocation (Allocation Failure) done
Event: 13.001 Executing VM operation: ParallelGCFailedAllocation (Allocation Failure)
Event: 13.004 Executing VM operation: ParallelGCFailedAllocation (Allocation Failure) done
Event: 13.076 Executing VM operation: ParallelGCFailedAllocation (Allocation Failure)
Event: 13.078 Executing VM operation: ParallelGCFailedAllocation (Allocation Failure) done
Event: 13.127 Executing VM operation: ParallelGCFailedAllocation (Allocation Failure)
Event: 13.129 Executing VM operation: ParallelGCFailedAllocation (Allocation Failure) done
Event: 13.207 Executing VM operation: ParallelGCFailedAllocation (Allocation Failure)
Event: 13.210 Executing VM operation: ParallelGCFailedAllocation (Allocation Failure) done

Memory protections (0 events):
No events

Nmethod flushes (20 events):
Event: 5.876 Thread 0x0000027fd882ec00 flushing  nmethod 0x0000027fdbdc7e10
Event: 5.876 Thread 0x0000027fd882ec00 flushing  nmethod 0x0000027fdbdc8f10
Event: 5.876 Thread 0x0000027fd882ec00 flushing  nmethod 0x0000027fdbdcd590
Event: 5.876 Thread 0x0000027fd882ec00 flushing  nmethod 0x0000027fdbdf0490
Event: 5.876 Thread 0x0000027fd882ec00 flushing  nmethod 0x0000027fdbdf1410
Event: 5.876 Thread 0x0000027fd882ec00 flushing  nmethod 0x0000027fdbdf6a10
Event: 5.876 Thread 0x0000027fd882ec00 flushing  nmethod 0x0000027fdbdf9310
Event: 5.876 Thread 0x0000027fd882ec00 flushing  nmethod 0x0000027fdbe03b90
Event: 5.876 Thread 0x0000027fd882ec00 flushing  nmethod 0x0000027fdbe23d90
Event: 5.876 Thread 0x0000027fd882ec00 flushing  nmethod 0x0000027fdbe27c90
Event: 5.876 Thread 0x0000027fd882ec00 flushing  nmethod 0x0000027fdbe28610
Event: 5.876 Thread 0x0000027fd882ec00 flushing  nmethod 0x0000027fdbe5d990
Event: 5.876 Thread 0x0000027fd882ec00 flushing  nmethod 0x0000027fdbe5e690
Event: 5.876 Thread 0x0000027fd882ec00 flushing  nmethod 0x0000027fdbe5ea90
Event: 5.876 Thread 0x0000027fd882ec00 flushing  nmethod 0x0000027fdbe5f890
Event: 5.876 Thread 0x0000027fd882ec00 flushing  nmethod 0x0000027fdbe60210
Event: 5.876 Thread 0x0000027fd882ec00 flushing  nmethod 0x0000027fdbe69a90
Event: 5.876 Thread 0x0000027fd882ec00 flushing  nmethod 0x0000027fdbe70410
Event: 5.876 Thread 0x0000027fd882ec00 flushing  nmethod 0x0000027fdbe74f10
Event: 5.876 Thread 0x0000027fd882ec00 flushing  nmethod 0x0000027fdbe7b890

Events (20 events):
Event: 3.915 Thread 0x0000027fd8775900 Thread added: 0x0000027ff6282490
Event: 3.915 Thread 0x0000027fd8775900 Thread added: 0x0000027ff62810e0
Event: 3.915 Thread 0x0000027fd8775900 Thread added: 0x0000027ff627f010
Event: 3.915 Thread 0x0000027fd8775900 Thread added: 0x0000027ff6281770
Event: 3.915 Thread 0x0000027fd8775900 Thread added: 0x0000027ff627f6a0
Event: 3.915 Thread 0x0000027fd8775900 Thread added: 0x0000027ff6281e00
Event: 3.915 Thread 0x0000027fd8775900 Thread added: 0x0000027ff627fd30
Event: 3.940 Thread 0x0000027fd8775900 Thread added: 0x0000027ff749c840
Event: 4.051 Thread 0x0000027ff5e3c440 Thread added: 0x0000027ff749ced0
Event: 4.138 Thread 0x0000027fd8775900 Thread added: 0x0000027ff74a1d90
Event: 4.138 Thread 0x0000027fd8775900 Thread added: 0x0000027ff74a2ab0
Event: 5.635 Thread 0x0000027ff5b580c0 Thread exited: 0x0000027ff5b580c0
Event: 6.078 Thread 0x0000027ff5c60370 Thread exited: 0x0000027ff5c60370
Event: 6.410 Thread 0x0000027fd871b1c0 Thread added: 0x0000027ff556e8b0
Event: 6.450 Thread 0x0000027ff556e8b0 Thread added: 0x0000027ff5c60370
Event: 9.094 Thread 0x0000027ff74a2ab0 Thread added: 0x0000027ff749d560
Event: 9.481 Thread 0x0000027ff5c60370 Thread exited: 0x0000027ff5c60370
Event: 9.482 Thread 0x0000027ff556e8b0 Thread exited: 0x0000027ff556e8b0
Event: 9.587 Thread 0x0000027fd871b1c0 Thread added: 0x0000027ff7fc78e0
Event: 10.751 Thread 0x0000027ff74a2ab0 Thread added: 0x0000027ff749e910


Dynamic libraries:
0x00007ff73ad60000 - 0x00007ff73ad6e000 	c:\Users\admin\.antigravity\extensions\redhat.java-1.51.0-win32-x64\jre\21.0.9-win32-x86_64\bin\java.exe
0x00007ff863650000 - 0x00007ff863848000 	C:\Windows\SYSTEM32\ntdll.dll
0x00007ff8616f0000 - 0x00007ff8617b2000 	C:\Windows\System32\KERNEL32.DLL
0x00007ff861050000 - 0x00007ff861346000 	C:\Windows\System32\KERNELBASE.dll
0x00007ff861350000 - 0x00007ff861450000 	C:\Windows\System32\ucrtbase.dll
0x00007ff850370000 - 0x00007ff850388000 	c:\Users\admin\.antigravity\extensions\redhat.java-1.51.0-win32-x64\jre\21.0.9-win32-x86_64\bin\jli.dll
0x00007ff862220000 - 0x00007ff8623c1000 	C:\Windows\System32\USER32.dll
0x00007ff860f80000 - 0x00007ff860fa2000 	C:\Windows\System32\win32u.dll
0x00007ff8621f0000 - 0x00007ff86221b000 	C:\Windows\System32\GDI32.dll
0x00007ff860db0000 - 0x00007ff860ec9000 	C:\Windows\System32\gdi32full.dll
0x00007ff860fb0000 - 0x00007ff86104d000 	C:\Windows\System32\msvcp_win.dll
0x00007ff84fcc0000 - 0x00007ff84fcde000 	c:\Users\admin\.antigravity\extensions\redhat.java-1.51.0-win32-x64\jre\21.0.9-win32-x86_64\bin\VCRUNTIME140.dll
0x00007ff849460000 - 0x00007ff8496fb000 	C:\Windows\WinSxS\amd64_microsoft.windows.common-controls_6595b64144ccf1df_6.0.19041.6456_none_60b8a6cb71f64256\COMCTL32.dll
0x00007ff861f70000 - 0x00007ff86200e000 	C:\Windows\System32\msvcrt.dll
0x00007ff8635e0000 - 0x00007ff86360f000 	C:\Windows\System32\IMM32.DLL
0x00007ff856b40000 - 0x00007ff856b4c000 	c:\Users\admin\.antigravity\extensions\redhat.java-1.51.0-win32-x64\jre\21.0.9-win32-x86_64\bin\vcruntime140_1.dll
0x00007ff83f490000 - 0x00007ff83f51d000 	c:\Users\admin\.antigravity\extensions\redhat.java-1.51.0-win32-x64\jre\21.0.9-win32-x86_64\bin\msvcp140.dll
0x00007ff8025b0000 - 0x00007ff803350000 	c:\Users\admin\.antigravity\extensions\redhat.java-1.51.0-win32-x64\jre\21.0.9-win32-x86_64\bin\server\jvm.dll
0x00007ff862920000 - 0x00007ff8629d1000 	C:\Windows\System32\ADVAPI32.dll
0x00007ff8632e0000 - 0x00007ff86337f000 	C:\Windows\System32\sechost.dll
0x00007ff862020000 - 0x00007ff862140000 	C:\Windows\System32\RPCRT4.dll
0x00007ff8615b0000 - 0x00007ff8615d7000 	C:\Windows\System32\bcrypt.dll
0x00007ff863570000 - 0x00007ff8635db000 	C:\Windows\System32\WS2_32.dll
0x00007ff8601e0000 - 0x00007ff86022b000 	C:\Windows\SYSTEM32\POWRPROF.dll
0x00007ff858160000 - 0x00007ff858187000 	C:\Windows\SYSTEM32\WINMM.dll
0x00007ff85e180000 - 0x00007ff85e18a000 	C:\Windows\SYSTEM32\VERSION.dll
0x00007ff8600a0000 - 0x00007ff8600b2000 	C:\Windows\SYSTEM32\UMPDC.dll
0x00007ff85eb30000 - 0x00007ff85eb42000 	C:\Windows\SYSTEM32\kernel.appcore.dll
0x00007ff855f50000 - 0x00007ff855f5a000 	c:\Users\admin\.antigravity\extensions\redhat.java-1.51.0-win32-x64\jre\21.0.9-win32-x86_64\bin\jimage.dll
0x00007ff856cb0000 - 0x00007ff856eb1000 	C:\Windows\SYSTEM32\DBGHELP.DLL
0x00007ff841bc0000 - 0x00007ff841bf4000 	C:\Windows\SYSTEM32\dbgcore.DLL
0x00007ff8615e0000 - 0x00007ff861662000 	C:\Windows\System32\bcryptPrimitives.dll
0x00007ff852d80000 - 0x00007ff852d8f000 	c:\Users\admin\.antigravity\extensions\redhat.java-1.51.0-win32-x64\jre\21.0.9-win32-x86_64\bin\instrument.dll
0x00007ff84b6a0000 - 0x00007ff84b6c0000 	c:\Users\admin\.antigravity\extensions\redhat.java-1.51.0-win32-x64\jre\21.0.9-win32-x86_64\bin\java.dll
0x00007ff862b70000 - 0x00007ff8632e0000 	C:\Windows\System32\SHELL32.dll
0x00007ff85ed30000 - 0x00007ff85f4d5000 	C:\Windows\SYSTEM32\windows.storage.dll
0x00007ff8623d0000 - 0x00007ff862724000 	C:\Windows\System32\combase.dll
0x00007ff860630000 - 0x00007ff86065b000 	C:\Windows\SYSTEM32\Wldp.dll
0x00007ff8617c0000 - 0x00007ff86188d000 	C:\Windows\System32\OLEAUT32.dll
0x00007ff862790000 - 0x00007ff86283d000 	C:\Windows\System32\SHCORE.dll
0x00007ff862730000 - 0x00007ff86278b000 	C:\Windows\System32\shlwapi.dll
0x00007ff860c10000 - 0x00007ff860c34000 	C:\Windows\SYSTEM32\profapi.dll
0x00007ff850880000 - 0x00007ff850898000 	c:\Users\admin\.antigravity\extensions\redhat.java-1.51.0-win32-x64\jre\21.0.9-win32-x86_64\bin\zip.dll
0x00007ff851860000 - 0x00007ff851870000 	C:\Users\admin\.antigravity\extensions\redhat.java-1.51.0-win32-x64\jre\21.0.9-win32-x86_64\bin\net.dll
0x00007ff85ab70000 - 0x00007ff85ac7a000 	C:\Windows\SYSTEM32\WINHTTP.dll
0x00007ff860410000 - 0x00007ff86047a000 	C:\Windows\system32\mswsock.dll
0x00007ff84ac40000 - 0x00007ff84ac56000 	C:\Users\admin\.antigravity\extensions\redhat.java-1.51.0-win32-x64\jre\21.0.9-win32-x86_64\bin\nio.dll
0x00007ff851270000 - 0x00007ff851280000 	c:\Users\admin\.antigravity\extensions\redhat.java-1.51.0-win32-x64\jre\21.0.9-win32-x86_64\bin\verify.dll
0x00007ff8467d0000 - 0x00007ff846814000 	C:\Users\admin\AppData\Roaming\Antigravity\User\globalStorage\redhat.java\1.51.0\config_ss_win\org.eclipse.equinox.launcher\org.eclipse.equinox.launcher.win32.win32.x86_64_1.2.1400.v20250801-0854\eclipse_11916.dll
0x00007ff8629e0000 - 0x00007ff862b0b000 	C:\Windows\System32\ole32.dll
0x00007ff860670000 - 0x00007ff860688000 	C:\Windows\SYSTEM32\CRYPTSP.dll
0x00007ff85fce0000 - 0x00007ff85fd18000 	C:\Windows\system32\rsaenh.dll
0x00007ff860bd0000 - 0x00007ff860bfe000 	C:\Windows\SYSTEM32\USERENV.dll
0x00007ff8605a0000 - 0x00007ff8605ac000 	C:\Windows\SYSTEM32\CRYPTBASE.dll
0x00007ff8600c0000 - 0x00007ff8600fb000 	C:\Windows\SYSTEM32\IPHLPAPI.DLL
0x00007ff863550000 - 0x00007ff863558000 	C:\Windows\System32\NSI.dll
0x00007ff846770000 - 0x00007ff8467b9000 	C:\Users\admin\AppData\Local\Temp\jna-92668751\jna16157202125511944429.dll
0x00007ff863560000 - 0x00007ff863568000 	C:\Windows\System32\PSAPI.DLL
0x00007ff85b7f0000 - 0x00007ff85b807000 	C:\Windows\SYSTEM32\dhcpcsvc6.DLL
0x00007ff85ba70000 - 0x00007ff85ba8d000 	C:\Windows\SYSTEM32\dhcpcsvc.DLL

JVMTI agents:
c:\Users\admin\.antigravity\extensions\redhat.java-1.51.0-win32-x64\lombok\lombok-1.18.39-4050.jar path:c:\Users\admin\.antigravity\extensions\redhat.java-1.51.0-win32-x64\jre\21.0.9-win32-x86_64\bin\instrument.dll, loaded, initialized, instrumentlib options:none

dbghelp: loaded successfully - version: 4.0.5 - missing functions: none
symbol engine: initialized successfully - sym options: 0x614 - pdb path: .;c:\Users\admin\.antigravity\extensions\redhat.java-1.51.0-win32-x64\jre\21.0.9-win32-x86_64\bin;C:\Windows\SYSTEM32;C:\Windows\WinSxS\amd64_microsoft.windows.common-controls_6595b64144ccf1df_6.0.19041.6456_none_60b8a6cb71f64256;c:\Users\admin\.antigravity\extensions\redhat.java-1.51.0-win32-x64\jre\21.0.9-win32-x86_64\bin\server;C:\Users\admin\AppData\Roaming\Antigravity\User\globalStorage\redhat.java\1.51.0\config_ss_win\org.eclipse.equinox.launcher\org.eclipse.equinox.launcher.win32.win32.x86_64_1.2.1400.v20250801-0854;C:\Users\admin\AppData\Local\Temp\jna-92668751

VM Arguments:
jvm_args: --add-modules=ALL-SYSTEM --add-opens=java.base/java.util=ALL-UNNAMED --add-opens=java.base/java.lang=ALL-UNNAMED --add-opens=java.base/sun.nio.fs=ALL-UNNAMED -Declipse.application=org.eclipse.jdt.ls.core.id1 -Dosgi.bundles.defaultStartLevel=4 -Declipse.product=org.eclipse.jdt.ls.core.product -Djava.import.generatesMetadataFilesAtProjectRoot=false -DDetectVMInstallationsJob.disabled=true -Dfile.encoding=utf8 -XX:+UseParallelGC -XX:GCTimeRatio=4 -XX:AdaptiveSizePolicyWeight=90 -Dsun.zip.disableMemoryMapping=true -Xmx2G -Xms100m -Xlog:disable -javaagent:c:\Users\admin\.antigravity\extensions\redhat.java-1.51.0-win32-x64\lombok\lombok-1.18.39-4050.jar 
java_command: c:\Users\admin\.antigravity\extensions\redhat.java-1.51.0-win32-x64\server\plugins\org.eclipse.equinox.launcher_1.7.100.v20251111-0406.jar -configuration c:\Users\admin\AppData\Roaming\Antigravity\User\globalStorage\redhat.java\1.51.0\config_ss_win -data c:\Users\admin\AppData\Roaming\Antigravity\User\workspaceStorage\3a11347a5b96c6bbc27a4b80f07e4894\redhat.java\ss_ws --pipe=\\.\pipe\lsp-cafe4120dca4539fc2b1baeef05ae61c-sock
java_class_path (initial): c:\Users\admin\.antigravity\extensions\redhat.java-1.51.0-win32-x64\server\plugins\org.eclipse.equinox.launcher_1.7.100.v20251111-0406.jar
Launcher Type: SUN_STANDARD

[Global flags]
    uintx AdaptiveSizePolicyWeight                 = 90                                        {product} {command line}
     intx CICompilerCount                          = 4                                         {product} {ergonomic}
    uintx GCTimeRatio                              = 4                                         {product} {command line}
   size_t InitialHeapSize                          = 104857600                                 {product} {command line}
   size_t MaxHeapSize                              = 2147483648                                {product} {command line}
   size_t MaxNewSize                               = 715653120                                 {product} {ergonomic}
   size_t MinHeapDeltaBytes                        = 524288                                    {product} {ergonomic}
   size_t MinHeapSize                              = 104857600                                 {product} {command line}
   size_t NewSize                                  = 34603008                                  {product} {ergonomic}
    uintx NonNMethodCodeHeapSize                   = 5839372                                {pd product} {ergonomic}
    uintx NonProfiledCodeHeapSize                  = 122909434                              {pd product} {ergonomic}
   size_t OldSize                                  = 70254592                                  {product} {ergonomic}
    uintx ProfiledCodeHeapSize                     = 122909434                              {pd product} {ergonomic}
    uintx ReservedCodeCacheSize                    = 251658240                              {pd product} {ergonomic}
     bool SegmentedCodeCache                       = true                                      {product} {ergonomic}
   size_t SoftMaxHeapSize                          = 2147483648                             {manageable} {ergonomic}
     bool UseCompressedOops                        = true                           {product lp64_product} {ergonomic}
     bool UseLargePagesIndividualAllocation        = false                                  {pd product} {ergonomic}
     bool UseParallelGC                            = true                                      {product} {command line}

Logging:
Log output configuration:
 #0: stdout all=off uptime,level,tags foldmultilines=false
 #1: stderr all=off uptime,level,tags foldmultilines=false

Release file:
JAVA_VERSION="21.0.9" 
MODULES="java.base java.compiler java.datatransfer java.xml java.prefs java.desktop java.instrument java.logging java.management java.security.sasl java.naming java.rmi java.management.rmi java.net.http java.scripting java.security.jgss java.transaction.xa java.sql java.sql.rowset java.xml.crypto java.se java.smartcardio jdk.accessibility jdk.internal.jvmstat jdk.attach jdk.charsets jdk.internal.opt jdk.zipfs jdk.compiler jdk.crypto.ec jdk.crypto.cryptoki jdk.crypto.mscapi jdk.dynalink jdk.internal.ed jdk.editpad jdk.hotspot.agent jdk.httpserver jdk.internal.le jdk.internal.vm.ci jdk.internal.vm.compiler jdk.internal.vm.compiler.management jdk.jartool jdk.javadoc jdk.jcmd jdk.management jdk.management.agent jdk.jconsole jdk.jdeps jdk.jdwp.agent jdk.jdi jdk.jfr jdk.jshell jdk.jsobject jdk.jstatd jdk.localedata jdk.management.jfr jdk.naming.dns jdk.naming.rmi jdk.net jdk.nio.mapmode jdk.random jdk.sctp jdk.security.auth jdk.security.jgss jdk.unsupported jdk.unsupported.desktop jdk.xml.dom" 

Environment Variables:
PATH=C:\Program Files\Common Files\Oracle\Java\javapath;C:\Windows\system32;C:\Windows;C:\Windows\System32\Wbem;C:\Windows\System32\WindowsPowerShell\v1.0\;C:\Windows\System32\OpenSSH\;C:\Program Files (x86)\NVIDIA Corporation\PhysX\Common;C:\Program Files\nodejs\;C:\ProgramData\chocolatey\bin;C:\Program Files\Git\cmd;C:\Program Files\PuTTY\;C:\Program Files\Redis\;D:\Download\apache-maven-3.9.9-bin\apache-maven-3.9.9;;C:\Program Files\Docker\Docker\resources\bin;C:\Users\admin\AppData\Local\Programs\Python\Python312\Scripts\;C:\Users\admin\AppData\Local\Programs\Python\Python312\;C:\Users\admin\AppData\Local\Microsoft\WindowsApps;C:\Users\admin\AppData\Local\Programs\Antigravity\bin;C:\Users\admin\AppData\Roaming\npm;C:\Program Files (x86)\Nmap;D:\Download\apache-maven-3.9.9-bin\apache-maven-3.9.9\bin;
USERNAME=admin
OS=Windows_NT
PROCESSOR_IDENTIFIER=Intel64 Family 6 Model 165 Stepping 3, GenuineIntel
TMP=C:\Users\admin\AppData\Local\Temp
TEMP=C:\Users\admin\AppData\Local\Temp




Periodic native trim disabled

---------------  S Y S T E M  ---------------

OS:
 Windows 10 , 64 bit Build 19041 (10.0.19041.5915)
OS uptime: 2 days 8:54 hours
Hyper-V role detected

CPU: total 8 (initial active 8) (4 cores per cpu, 2 threads per core) family 6 model 165 stepping 3 microcode 0xf6, cx8, cmov, fxsr, ht, mmx, 3dnowpref, sse, sse2, sse3, ssse3, sse4.1, sse4.2, popcnt, lzcnt, tsc, tscinvbit, avx, avx2, aes, erms, clmul, bmi1, bmi2, adx, fma, vzeroupper, clflush, clflushopt, hv, rdtscp, f16c
Processor Information for the first 8 processors :
  Max Mhz: 3696, Current Mhz: 3696, Mhz Limit: 3696

Memory: 4k page, system-wide physical 16283M (329M free)
TotalPageFile size 31643M (AvailPageFile size 8M)
current process WorkingSet (physical memory assigned to process): 288M, peak: 300M
current process commit charge ("private bytes"): 362M, peak: 383M

vm_info: OpenJDK 64-Bit Server VM (21.0.9+10-LTS) for windows-amd64 JRE (21.0.9+10-LTS), built on 2025-10-21T00:00:00Z by "admin" with unknown MS VC++:1942

END.
